"../../../Engine/Content/Functions/Engine_MaterialFunctions01/Opacity/CameraDepthFade.uasset" 0
"../../../Engine/Content/EngineMaterials/T_Default_Material_Grid_M.uasset" 1
"../../../Engine/Content/EngineMaterials/T_Default_Material_Grid_N.uasset" 2
"../../../Engine/Content/EngineMaterials/DefaultMaterial.uasset" 3
"../../../Engine/Content/BasicShapes/Cone.uasset" 4
"../../../Engine/Content/EngineMaterials/WorldGridMaterial.uasset" 5
"../../../Engine/Content/BasicShapes/Cube.uasset" 6
"../../../Engine/Content/BasicShapes/Cylinder.uasset" 7
"../../../Engine/Content/BasicShapes/Sphere.uasset" 8
"../../../Engine/Content/EditorLandscapeResources/DataLayer.uasset" 9
"../../../Engine/Content/EditorMaterials/GizmoMaterial.uasset" 10
"../../../Engine/Content/EditorMaterials/MAT_Groups_Toggle.uasset" 11
"../../../Engine/Content/EditorMaterials/MAT_Groups_Visibility.uasset" 12
"../../../Engine/Content/EditorMaterials/PreviewShadowIndicator.uasset" 13
"../../../Engine/Content/EditorMaterials/PreviewShadowIndicatorMaterial.uasset" 14
"../../../Engine/Content/EditorMaterials/AssetViewer/EpicQuadPanorama_CC+EV1.uasset" 15
"../../../Engine/Content/EditorMaterials/MatineeGroups/MAT_ColorTrack.uasset" 16
"../../../Engine/Content/EditorMaterials/MatineeGroups/MAT_Groups_Anim.uasset" 17
"../../../Engine/Content/EditorMaterials/MatineeGroups/MAT_Groups_AudioMaster.uasset" 18
"../../../Engine/Content/EditorMaterials/MatineeGroups/MAT_Groups_Director.uasset" 19
"../../../Engine/Content/EditorMaterials/MatineeGroups/MAT_Groups_Event.uasset" 20
"../../../Engine/Content/EditorMaterials/MatineeGroups/MAT_Groups_Fade.uasset" 21
"../../../Engine/Content/EditorMaterials/MatineeGroups/MAT_Groups_Float.uasset" 22
"../../../Engine/Content/EditorMaterials/MatineeGroups/MAT_Groups_Move.uasset" 23
"../../../Engine/Content/EditorMaterials/MatineeGroups/MAT_Groups_Slomo.uasset" 24
"../../../Engine/Content/EditorMaterials/MatineeGroups/MAT_Groups_Sound.uasset" 25
"../../../Engine/Content/EditorMaterials/MatineeGroups/MAT_Groups_Vector.uasset" 26
"../../../Engine/Content/EditorMaterials/ParticleSystems/PSysThumbnail_NoImage.uasset" 27
"../../../Engine/Content/EditorMaterials/ParticleSystems/PSysThumbnail_OOD.uasset" 28
"../../../Engine/Content/EditorMaterials/Camera/CineMat.uasset" 29
"../../../Engine/Content/EditorMaterials/Camera/MI_CineMat_Rig.uasset" 30
"../../../Engine/Content/EditorMeshes/Camera/SM_CraneRig_Arm.uasset" 31
"../../../Engine/Content/EditorMeshes/Camera/SM_CraneRig_Base.uasset" 32
"../../../Engine/Content/EditorMeshes/Camera/SM_CraneRig_Body.uasset" 33
"../../../Engine/Content/EditorMeshes/Camera/SM_CraneRig_Mount.uasset" 34
"../../../Engine/Content/EditorMeshes/Camera/SM_RailRig_Mount.uasset" 35
"../../../Engine/Content/EditorMeshes/Camera/SM_RailRig_Track.uasset" 36
"../../../Engine/Content/EditorMeshes/ColorCalibrator/M_ChromeBall.uasset" 37
"../../../Engine/Content/EditorMeshes/ColorCalibrator/M_ClearCoat.uasset" 38
"../../../Engine/Content/EditorMeshes/ColorCalibrator/M_ClearCoatBlack.uasset" 39
"../../../Engine/Content/EditorMeshes/ColorCalibrator/T_ColorGrid.uasset" 40
"../../../Engine/Content/EditorMeshes/ColorCalibrator/M_ColorGrid.uasset" 41
"../../../Engine/Content/EditorMeshes/ColorCalibrator/M_GreyBall.uasset" 42
"../../../Engine/Content/EditorMeshes/ColorCalibrator/SM_ColorCalibrator.uasset" 43
"../../../Engine/Content/EditorResources/BSPVertex.uasset" 44
"../../../Engine/Content/EditorResources/EmptyActor.uasset" 45
"../../../Engine/Content/EditorResources/RGBTable16x1_AssetViewer.uasset" 46
"../../../Engine/Content/EditorResources/S_Actor.uasset" 47
"../../../Engine/Content/EditorResources/S_Trigger.uasset" 48
"../../../Engine/Content/EditorResources/AudioIcons/S_AudioComponent_AutoActivate.uasset" 49
"../../../Engine/Content/EditorResources/LightIcons/S_LightError.uasset" 50
"../../../Engine/Content/EditorResources/SequenceRecorder/Countdown.uasset" 51
"../../../Engine/Content/EditorResources/SequenceRecorder/RecordingIndicator.uasset" 52
"../../../Engine/Content/EditorSounds/Notifications/CompileFailed.uasset" 53
"../../../Engine/Content/EditorSounds/Notifications/CompileFailed_Cue.uasset" 54
"../../../Engine/Content/EditorSounds/Notifications/CompileSuccess.uasset" 55
"../../../Engine/Content/EditorSounds/Notifications/CompileStart_Cue.uasset" 56
"../../../Engine/Content/EditorSounds/Notifications/CompileSuccess_Cue.uasset" 57
"../../../Engine/Content/EngineDamageTypes/DmgTypeBP_Environmental.uasset" 58
"../../../Engine/Content/EngineDebugMaterials/HeatmapGradient.uasset" 59
"../../../Engine/Content/EngineDebugMaterials/BoneWeightMaterial.uasset" 60
"../../../Engine/Content/EngineDebugMaterials/DebugMeshMaterial.uasset" 61
"../../../Engine/Content/EngineDebugMaterials/GeomMaterial.uasset" 62
"../../../Engine/Content/EngineFonts/Roboto.uasset" 63
"../../../Engine/Content/EngineFonts/RobotoTiny.uasset" 64
"../../../Engine/Content/EngineMaterials/DefaultBokeh.uasset" 65
"../../../Engine/Content/EngineMaterials/DefaultDiffuse.uasset" 66
"../../../Engine/Content/EngineMaterials/DefaultDeferredDecalMaterial.uasset" 67
"../../../Engine/Content/EngineMaterials/DefaultLightFunctionMaterial.uasset" 68
"../../../Engine/Content/Functions/Engine_MaterialFunctions02/Utility/BreakOutFloat2Components.uasset" 69
"../../../Engine/Content/EngineMaterials/DefaultPostProcessMaterial.uasset" 70
"../../../Engine/Content/EngineFonts/RobotoDistanceField.uasset" 71
"../../../Engine/Content/EngineMaterials/DefaultTextMaterialOpaque.uasset" 72
"../../../Engine/Content/EngineMaterials/DefaultWhiteGrid.uasset" 73
"../../../Engine/Content/EngineMaterials/EditorBrushMaterial.uasset" 74
"../../../Engine/Content/EngineMaterials/Good64x64TilingNoiseHighFreq.uasset" 75
"../../../Engine/Content/EngineMaterials/MiniFont.uasset" 76
"../../../Engine/Content/EngineMaterials/InvalidLightmapSettings.uasset" 77
"../../../Engine/Content/EngineMaterials/M_InvalidLightmapSettings.uasset" 78
"../../../Engine/Content/EngineMaterials/PhAT_JointLimitMaterial.uasset" 79
"../../../Engine/Content/EngineMaterials/PreintegratedSkinBRDF.uasset" 80
"../../../Engine/Content/EngineMaterials/RemoveSurfaceMaterial.uasset" 81
"../../../Engine/Content/EngineMaterials/WeightMapPlaceholderTexture.uasset" 82
"../../../Engine/Content/EngineResources/WhiteSquareTexture.uasset" 83
"../../../Engine/Content/EngineMaterials/Widget3DPassThrough.uasset" 84
"../../../Engine/Content/EngineMaterials/Widget3DPassThrough_Masked.uasset" 85
"../../../Engine/Content/EngineMaterials/Widget3DPassThrough_Opaque.uasset" 86
"../../../Engine/Content/EngineMaterials/Widget3DPassThrough_Masked_OneSided.uasset" 87
"../../../Engine/Content/EngineMaterials/Widget3DPassThrough_Opaque_OneSided.uasset" 88
"../../../Engine/Content/EngineMaterials/Widget3DPassThrough_Translucent.uasset" 89
"../../../Engine/Content/EngineMaterials/Widget3DPassThrough_Translucent_OneSided.uasset" 90
"../../../Engine/Content/EngineMeshes/Cube.uasset" 91
"../../../Engine/Content/EngineMeshes/Cylinder.uasset" 92
"../../../Engine/Content/EngineMeshes/Sphere.uasset" 93
"../../../Engine/Content/EngineResources/AICON-Green.uasset" 94
"../../../Engine/Content/EngineResources/AICON-Red.uasset" 95
"../../../Engine/Content/EngineResources/Black.uasset" 96
"../../../Engine/Content/EngineResources/DefaultTexture.uasset" 97
"../../../Engine/Content/EngineResources/DefaultTextureCube.uasset" 98
"../../../Engine/Content/EngineResources/GradientTexture0.uasset" 99
"../../../Engine/Content/EngineSounds/Master.uasset" 100
"../../../Engine/Content/EngineSounds/MasterSubmix.uasset" 101
"../../../Engine/Content/EngineTireTypes/DefaultTireType.uasset" 102
"../../../Engine/Content/Functions/Engine_MaterialFunctions01/Shading/ConvertFromDiffSpec.uasset" 103
"../../../Engine/Content/Functions/Engine_MaterialFunctions01/Shading/PowerToRoughness.uasset" 104
"../../../Engine/Content/Maps/Templates/Thumbnails/Default.uasset" 105
"../../../Engine/Content/Maps/Templates/Thumbnails/VR-Basic.uasset" 106
"../../../Engine/Content/MobileResources/T_MobileControls_texture.uasset" 107
"../../../Engine/Content/MobileResources/T_MobileMenu2.uasset" 108
"../../../Engine/Content/MobileResources/HUD/AnalogHat.uasset" 109
"../../../Engine/Content/MobileResources/HUD/VirtualJoystick_Background.uasset" 110
"../../../Engine/Content/MobileResources/HUD/VirtualJoystick_Thumb.uasset" 111
"../../../Engine/Content/MobileResources/HUD/DefaultVirtualJoysticks.uasset" 112
"../../../Engine/Content/MobileResources/HUD/LeftVirtualJoystickOnly.uasset" 113
"../../../Engine/Content/MobileResources/HUD/MobileHUDButton1_off.uasset" 114
"../../../Engine/Content/MobileResources/HUD/MobileHUDButton1_on.uasset" 115
"../../../Engine/Content/MobileResources/HUD/MobileHUDButton2_off.uasset" 116
"../../../Engine/Content/MobileResources/HUD/MobileHUDButton2_on.uasset" 117
"../../../Engine/Content/MobileResources/HUD/MobileHUDButton3.uasset" 118
"../../../Engine/Content/MobileResources/HUD/MobileHUDButtonFire.uasset" 119
"../../../Engine/Content/MobileResources/HUD/MobileHUDDirectionPad.uasset" 120
"../../../Engine/Content/MobileResources/HUD/MobileHUDDirectionPad2.uasset" 121
"../../../Engine/Content/MobileResources/HUD/MobileHUDDirectionPad3.uasset" 122
"../../../Engine/Content/MobileResources/HUD/MobileHUDDirectionStick.uasset" 123
"../../../Engine/Content/MobileResources/HUD/T_Castle_ThumbstickInner.uasset" 124
"../../../Engine/Content/MobileResources/HUD/T_Castle_ThumbstickOutter.uasset" 125
"../../../Engine/Content/Tutorial/ContentIntroCurve.uasset" 126
"../../../Engine/Content/Tutorial/Basics/TutorialAssets/icon_tab_Levels_40x.uasset" 127
"../../../Engine/Content/Tutorial/BlueprintTutorials/TutorialAssets/BlueprintInterface_64x.uasset" 128
"../../../Engine/Content/Tutorial/BlueprintTutorials/TutorialAssets/BlueprintMacroLibrary_64x.uasset" 129
"../../../Engine/Content/Tutorial/BlueprintTutorials/TutorialAssets/Blueprint_64x.uasset" 130
"../../../Engine/Content/Tutorial/BlueprintTutorials/TutorialAssets/Tutorial_BP_Interface.uasset" 131
"../../../Engine/Content/Tutorial/Foliage/TutorialAssets/Foliage.uasset" 132
"../../../Engine/Content/Tutorial/Landscape/TutorialAssets/Landscape.uasset" 133
"../../../Engine/Content/Tutorial/Paper2D/TutorialAssets/Paper2DFlipbook_TutorialIcon.uasset" 134
"../../../Engine/Content/Tutorial/Paper2D/TutorialAssets/Paper2DSprite_TutorialIcon.uasset" 135
"../../../Engine/Content/Tutorial/SubEditors/TutorialAssets/icon_Editor_Preferences_General_40x.uasset" 136
"../../../Engine/Content/Tutorial/SubEditors/TutorialAssets/icon_ShowSkeletalMeshes_40x.uasset" 137
"../../../Engine/Content/Tutorial/SubEditors/TutorialAssets/TutorialMaterial.uasset" 138
"../../../Engine/Content/Tutorial/SubEditors/TutorialAssets/T_SmokeSubUV_8X8.uasset" 139
"../../../Engine/Content/Tutorial/SubEditors/TutorialAssets/T_soft_smoke.uasset" 140
"../../../Engine/Content/Tutorial/SubEditors/TutorialAssets/M_smoke_subUV_blackbody.uasset" 141
"../../../Engine/Content/Tutorial/SubEditors/TutorialAssets/TutorialParticleSystem.uasset" 142
"../../../Engine/Content/EditorMeshes/EditorCube.uasset" 143
"../../../Engine/Content/Tutorial/SubEditors/TutorialAssets/Tutorial_DM.uasset" 144
"../../../Engine/Content/VREditor/Devices/Generic/GenericHMDMaterial.uasset" 145
"../../../Engine/Content/VREditor/Devices/Generic/GenericHMD.uasset" 146
"../../../Engine/Content/VREditor/FloatingText/LineMaterial.uasset" 147
"../../../Engine/Content/VREditor/FloatingText/JointSphere.uasset" 148
"../../../Engine/Content/VREditor/FloatingText/LineSegmentCylinder.uasset" 149
"../../../Engine/Content/VREditor/Fonts/VRText_RobotoLarge.uasset" 150
"../../../Engine/Content/VREditor/Fonts/VRTextMaterial.uasset" 151
"../../../Engine/Content/VREditor/Fonts/TranslucentVRTextMaterial.uasset" 152
"../../../Engine/Content/VREditor/LaserPointer/VR_LaserPower_01.uasset" 153
"../../../Engine/Content/VREditor/LaserPointer/LaserPointerMaterial.uasset" 154
"../../../Engine/Content/VREditor/LaserPointer/LaserPointerMaterialInst.uasset" 155
"../../../Engine/Content/VREditor/LaserPointer/TranslucentLaserPointerMaterialInst.uasset" 156
"../../../Engine/Content/VREditor/LaserPointer/LaserPointerMesh.uasset" 157
"../../../Engine/Content/VREditor/Sounds/VR_grab_Cue.uasset" 158
"../../../Engine/Content/VREditor/Sounds/VR_teleport_Cue.uasset" 159
"../../../Engine/Content/VREditor/TransformGizmo/TransformGizmoMaterial.uasset" 160
"../../../Engine/Content/VREditor/TransformGizmo/TranslucentTransformGizmoMaterial.uasset" 161
"../../../Engine/Content/VREditor/TransformGizmo/BoundingBoxCorner.uasset" 162
"../../../Engine/Content/VREditor/TransformGizmo/BoundingBoxEdge.uasset" 163
"../../../Engine/Content/VREditor/TransformGizmo/PlaneTranslationHandle.uasset" 164
"../../../Engine/Content/VREditor/TransformGizmo/RotationHandle.uasset" 165
"../../../Engine/Content/VREditor/TransformGizmo/RotationHandleFull.uasset" 166
"../../../Engine/Content/VREditor/TransformGizmo/StretchingHandle.uasset" 167
"../../../Engine/Content/VREditor/TransformGizmo/TranslateHandleLong.uasset" 168
"../../../Engine/Content/VREditor/TransformGizmo/TranslationHandle.uasset" 169
"../../../Engine/Content/VREditor/TransformGizmo/UniformScaleHandle.uasset" 170
"../../../Engine/Content/VREditor/UI/CloseButtonMesh.uasset" 171
"../../../Engine/Content/VREditor/UI/SelectionBarMesh.uasset" 172
"../../../Engine/Content/Functions/Engine_MaterialFunctions01/Gradient/RadialGradient.uasset" 173
"../../../Engine/Content/VREditor/WorldMovementGrid/SimpleGrid.uasset" 174
"../../../Engine/Content/VREditor/WorldMovementGrid/GridMaterial.uasset" 175
"../../../Engine/Content/Functions/Engine_MaterialFunctions01/Density/ExponentialDensity.uasset" 176
"../../../Engine/Content/VREditor/WorldMovementGrid/GridPostProcess.uasset" 177
"../../../Engine/Content/EditorLandscapeResources/FlattenHeightMat.uasset" 178
"../../../Engine/Content/VREditor/WorldMovementGrid/PlaneMesh.uasset" 179
"../../../OcelotAndLory/Content/Textures/Dark_Grass.uasset" 180
"../../../OcelotAndLory/Content/Menus/MainMenu.uasset" 181
"../../../Engine/Plugins/2D/Paper2D/Content/DummySprite.uasset" 182
"../../../Engine/Plugins/2D/Paper2D/Content/DefaultPaperTerrainMaterial.uasset" 183
"../../../Engine/Plugins/2D/Paper2D/Content/DefaultSpriteMaterial.uasset" 184
"../../../Engine/Plugins/2D/Paper2D/Content/MaskedUnlitSpriteMaterial.uasset" 185
"../../../Engine/Plugins/2D/Paper2D/Content/OpaqueUnlitSpriteMaterial.uasset" 186
"../../../Engine/Plugins/2D/Paper2D/Content/PlaceholderTextures/DummySpriteTexture.uasset" 187
"../../../OcelotAndLory/Content/Character/HeroTPP_Skeleton.uasset" 188
"../../../OcelotAndLory/Content/Animations/Jump_End.uasset" 189
"../../../OcelotAndLory/Content/Animations/Jump_Loop.uasset" 190
"../../../OcelotAndLory/Content/Animations/Jump_Start.uasset" 191
"../../../OcelotAndLory/Content/Animations/Idle.uasset" 192
"../../../OcelotAndLory/Content/Animations/Run.uasset" 193
"../../../OcelotAndLory/Content/Animations/Walk.uasset" 194
"../../../OcelotAndLory/Content/Character/IdleRun_TPP.uasset" 195
"../../../Engine/Content/EditorBlueprintResources/StandardMacros.uasset" 196
"../../../OcelotAndLory/Content/Character/HeroTPP_AnimBlueprint.uasset" 197
"../../../OcelotAndLory/Content/CuteKitten/Character/SK_Kitten_Skeleton.uasset" 198
"../../../OcelotAndLory/Content/CuteKitten/Animations/Meow.uasset" 199
"../../../OcelotAndLory/Content/CuteKitten/Sound/KittenMeow2.uasset" 200
"../../../OcelotAndLory/Content/CuteKitten/Animations/MeowMontage.uasset" 201
"../../../OcelotAndLory/Content/CuteKitten/Animations/Attack.uasset" 202
"../../../OcelotAndLory/Content/CuteKitten/Animations/JumpEnd.uasset" 203
"../../../OcelotAndLory/Content/CuteKitten/Animations/JumpLoop.uasset" 204
"../../../OcelotAndLory/Content/CuteKitten/Animations/JumpStart.uasset" 205
"../../../OcelotAndLory/Content/CuteKitten/Animations/Scratching.uasset" 206
"../../../OcelotAndLory/Content/CuteKitten/Animations/IdleA.uasset" 207
"../../../OcelotAndLory/Content/CuteKitten/Animations/RunInPlace.uasset" 208
"../../../OcelotAndLory/Content/CuteKitten/Animations/WalkInPlace.uasset" 209
"../../../OcelotAndLory/Content/CuteKitten/Animations/Idle_Walk_Run.uasset" 210
"../../../OcelotAndLory/Content/CuteKitten/Character/kittenAnimBP.uasset" 211
"../../../OcelotAndLory/Content/BirdBand/Animation/Sparrow/Skeleton_Sparrow.uasset" 212
"../../../OcelotAndLory/Content/BirdBand/Animation/Sparrow/Sparrow_Fly.uasset" 213
"../../../OcelotAndLory/Content/CuteKitten/Textures/kitten_Albedo_H.uasset" 214
"../../../OcelotAndLory/Content/CuteKitten/Textures/kitten_Normal.uasset" 215
"../../../OcelotAndLory/Content/CuteKitten/Textures/kitten_Specular.uasset" 216
"../../../OcelotAndLory/Content/CuteKitten/Materials/kitten_BodyH_UE4.uasset" 217
"../../../Engine/Content/Functions/Engine_MaterialFunctions02/Fresnel_Function.uasset" 218
"../../../Engine/Content/Functions/Engine_MaterialFunctions02/Texturing/CustomRotator.uasset" 219
"../../../Engine/Content/Functions/Engine_MaterialFunctions02/Utility/CameraDirectionVector.uasset" 220
"../../../OcelotAndLory/Content/BirdBand/texture/feather1_mask.uasset" 221
"../../../OcelotAndLory/Content/BirdBand/texture/noise_mask.uasset" 222
"../../../OcelotAndLory/Content/BirdBand/texture/sparrow_d.uasset" 223
"../../../OcelotAndLory/Content/BirdBand/texture/sparrow_nm.uasset" 224
"../../../OcelotAndLory/Content/BirdBand/Material/Sparrow/Mat_Sparrow.uasset" 225
"../../../OcelotAndLory/Content/BirdBand/Material/Sparrow/Mat_SparrowInst.uasset" 226
"../../../OcelotAndLory/Content/BirdBand/Mesh/Mesh_Sparrow.uasset" 227
"../../../OcelotAndLory/Content/CuteKitten/Textures/kitten_AlbedoA.uasset" 228
"../../../OcelotAndLory/Content/CuteKitten/Materials/kitten_BodyA_UE4.uasset" 229
"../../../OcelotAndLory/Content/CuteKitten/Materials/kitten_CorneaUE4.uasset" 230
"../../../OcelotAndLory/Content/CuteKitten/Materials/kitten_Whiskers_UE4.uasset" 231
"../../../OcelotAndLory/Content/CuteKitten/Character/SK_Kitten_PhysicsAsset.uasset" 232
"../../../OcelotAndLory/Content/CuteKitten/Character/SK_Kitten.uasset" 233
"../../../OcelotAndLory/Content/CuteKitten/Sound/Hiss1.uasset" 234
"../../../OcelotAndLory/Content/CuteKitten/Sound/Scratching1.uasset" 235
"../../../OcelotAndLory/Content/Blueprints/HUD/Minimap_Target.uasset" 236
"../../../OcelotAndLory/Content/Blueprints/HUD/Minimap_Material.uasset" 237
"../../../OcelotAndLory/Content/Blueprints/HUD/WidgetHUD.uasset" 238
"../../../OcelotAndLory/Content/Blueprints/MyCharacter.uasset" 239
"../../../OcelotAndLory/Content/Menus/PauseMenu.uasset" 240
"../../../OcelotAndLory/Content/CuteKitten/Character/CharacterBP.uasset" 241
"../../../Engine/Content/TemplateResources/M_Template_Master.uasset" 242
"../../../Engine/Content/TemplateResources/MI_Template_BaseBlue.uasset" 243
"../../../OcelotAndLory/Content/Character/HeroTPP.uasset" 244
"../../../OcelotAndLory/Content/BirdBand/Animation/Sparrow/AI_BP.uasset" 245
"../../../Engine/Content/EngineSky/C_Sky_Cloud_Color.uasset" 246
"../../../Engine/Content/EngineSky/C_Sky_Horizon_Color.uasset" 247
"../../../Engine/Content/EngineSky/C_Sky_Zenith_Color.uasset" 248
"../../../Engine/Content/EngineSky/T_Sky_Blue.uasset" 249
"../../../Engine/Content/EngineSky/T_Sky_Clouds_M.uasset" 250
"../../../Engine/Content/EngineSky/T_Sky_Stars.uasset" 251
"../../../Engine/Content/EngineSky/M_Sky_Panning_Clouds2.uasset" 252
"../../../Engine/Content/EngineSky/SM_SkySphere.uasset" 253
"../../../Engine/Content/EngineSky/BP_Sky_Sphere.uasset" 254
"../../../OcelotAndLory/Content/Blueprints/HUD/theHud.uasset" 255
"../../../OcelotAndLory/Content/Blueprints/MyGame.uasset" 256
"../../../OcelotAndLory/Content/CuteKitten/Materials/PinkMat.uasset" 257
"../../../OcelotAndLory/Content/CuteKitten/Pickups/FishA.uasset" 258
"../../../OcelotAndLory/Content/CuteKitten/Sound/PickupSound1.uasset" 259
"../../../OcelotAndLory/Content/CuteKitten/Pickups/FishAPickup.uasset" 260
"../../../Engine/Content/Functions/Engine_MaterialFunctions03/ComplexMotion/Motion_4WayChaos.uasset" 261
"../../../Engine/Content/Engine_MI_Shaders/T_Base_Tile_Normal.uasset" 262
"../../../Engine/Content/Functions/Engine_MaterialFunctions03/ComplexMotion/Motion_4WayChaos_Normal.uasset" 263
"../../../OcelotAndLory/Content/WaterPlane/Lake/Textures/T_MediumWaves_H.uasset" 264
"../../../OcelotAndLory/Content/WaterPlane/Lake/Textures/T_MediumWaves_N.uasset" 265
"../../../OcelotAndLory/Content/WaterPlane/Lake/Textures/T_SmallWaves_N.uasset" 266
"../../../OcelotAndLory/Content/WaterPlane/Lake/Materials/M_LakeWater_01.uasset" 267
"../../../Engine/Content/MapTemplates/Sky/DaylightAmbientCubemap.uasset" 268
"../../../OcelotAndLory/Content/WaterPlane/Ocean/Materials/OceanWater_SS.uasset" 269
"../../../OcelotAndLory/Content/WaterPlane/Ocean/Textures/T_LargeWaves_H.uasset" 270
"../../../OcelotAndLory/Content/WaterPlane/Ocean/Textures/T_LargeWaves_N.uasset" 271
"../../../OcelotAndLory/Content/WaterPlane/Ocean/Textures/T_Seafoam_01.uasset" 272
"../../../OcelotAndLory/Content/WaterPlane/Ocean/Materials/M_OceanWater_1.uasset" 273
"../../../Engine/Content/MapTemplates/Sky/Desert_Outer_HDR.uasset" 274
"../../../OcelotAndLory/Content/WaterPlane/Ocean/Materials/M_OceanWater_1_Inst.uasset" 275
"../../../OcelotAndLory/Content/WaterPlane/Meshes/SM_OceanWater.uasset" 276
"../../../OcelotAndLory/Content/SM_OceanWater2_Blueprint.uasset" 277
"../../../OcelotAndLory/Content/Materials/Sand.uasset" 278
"../../../Engine/Content/EngineMaterials/DefaultPhysicalMaterial.uasset" 279
"../../../Engine/Content/MapTemplates/Bokeh_5Sides.uasset" 280
"../../../Engine/Content/MapTemplates/T_ScreenDirt02_w.uasset" 281
"../../../Engine/Content/ArtTools/RenderToTexture/MaterialFunctions/FlipbookWind.uasset" 282
"../../../OcelotAndLory/Content/Textures/Placeholder/tex_diffuse.uasset" 283
"../../../OcelotAndLory/Content/Material/Master_Material/M_grass_basic.uasset" 284
"../../../OcelotAndLory/Content/Textures/Grass_Flower/tex_grass_diff.uasset" 285
"../../../OcelotAndLory/Content/Material/Child_Material/M_grass_basic_Inst.uasset" 286
"../../../OcelotAndLory/Content/Meshes/Grass/SM_grass1.uasset" 287
"../../../OcelotAndLory/Content/Meshes/Grass/SM_grass2.uasset" 288
"../../../OcelotAndLory/Content/Meshes/Grass/SM_grass3.uasset" 289
"../../../OcelotAndLory/Content/Meshes/Grass/SM_grass4.uasset" 290
"../../../OcelotAndLory/Content/Meshes/Grass/SM_grass5.uasset" 291
"../../../OcelotAndLory/Content/StarterContent/Shapes/Shape_Cube.uasset" 292
"../../../OcelotAndLory/Content/StarterContent/Shapes/Shape_Pipe.uasset" 293
"../../../OcelotAndLory/Content/StarterContent/Shapes/Shape_Pipe_180.uasset" 294
"../../../OcelotAndLory/Content/StarterContent/Shapes/Shape_Pipe_90.uasset" 295
"../../../OcelotAndLory/Content/Trees/Leafs.uasset" 296
"../../../OcelotAndLory/Content/Trees/Wood.uasset" 297
"../../../OcelotAndLory/Content/Trees/naturePack_051.uasset" 298
"../../../OcelotAndLory/Content/Trees/naturePack_053.uasset" 299
"../../../OcelotAndLory/Content/Trees/naturePack_065.uasset" 300
"../../../OcelotAndLory/Content/Trees/Green_leafs.uasset" 301
"../../../OcelotAndLory/Content/Trees/naturePack_070.uasset" 302
"../../../OcelotAndLory/Content/Trees/naturePack_073.uasset" 303
"../../../OcelotAndLory/Content/Trees/FrontColor.uasset" 304
"../../../OcelotAndLory/Content/Trees/naturePack_081.uasset" 305
"../../../OcelotAndLory/Content/Trees/naturePack_085.uasset" 306
"../../../OcelotAndLory/Content/Trees/naturePack_088.uasset" 307
"../../../OcelotAndLory/Content/Trees/Blue_metal.uasset" 308
"../../../OcelotAndLory/Content/Trees/Cloth.uasset" 309
"../../../OcelotAndLory/Content/Trees/Dark_blue_metal.uasset" 310
"../../../OcelotAndLory/Content/Trees/Dark_metal.uasset" 311
"../../../OcelotAndLory/Content/Trees/Glass.uasset" 312
"../../../OcelotAndLory/Content/Trees/Green_metal.uasset" 313
"../../../OcelotAndLory/Content/Trees/Grey_metal_1.uasset" 314
"../../../OcelotAndLory/Content/Trees/watercraftPack_001.uasset" 315
"../../../OcelotAndLory/Content/Maps/Example_Map.umap" 316
"../../../OcelotAndLory/Content/Maps/Menu.umap" 317
"../../../Engine/Content/Maps/Entry.umap" 318
