Log file open, 03/07/17 15:59:57
LogInit:Display: Running engine for game: OcelotAndLory
LogPlatformFile: Not using cached read wrapper
LogInit:Display: RandInit(-944638715) SRandInit(-944638715).
LogTaskGraph: Started task graph with 5 named threads and 8 total threads with 1 sets of task threads.
LogStats: Stats thread started at 0.077616
LogPluginManager: Loaded Plugin Paper2D, From D:/Program Files/Epic Games/UE_4.14/Engine/Plugins/2D/Paper2D/Paper2D.uplugin
LogPluginManager: Loaded Plugin LightPropagationVolume, From D:/Program Files/Epic Games/UE_4.14/Engine/Plugins/Blendables/LightPropagationVolume/LightPropagationVolume.uplugin
LogPluginManager: Loaded Plugin BlankPlugin, From D:/Program Files/Epic Games/UE_4.14/Engine/Plugins/Developer/BlankPlugin/BlankPlugin.uplugin
LogPluginManager: Loaded Plugin CodeLiteSourceCodeAccess, From D:/Program Files/Epic Games/UE_4.14/Engine/Plugins/Developer/CodeLiteSourceCodeAccess/CodeLiteSourceCodeAccess.uplugin
LogPluginManager: Loaded Plugin GitSourceControl, From D:/Program Files/Epic Games/UE_4.14/Engine/Plugins/Developer/GitSourceControl/GitSourceControl.uplugin
LogPluginManager: Loaded Plugin KDevelopSourceCodeAccess, From D:/Program Files/Epic Games/UE_4.14/Engine/Plugins/Developer/KDevelopSourceCodeAccess/KDevelopSourceCodeAccess.uplugin
LogPluginManager: Loaded Plugin NullSourceCodeAccess, From D:/Program Files/Epic Games/UE_4.14/Engine/Plugins/Developer/NullSourceCodeAccess/NullSourceCodeAccess.uplugin
LogPluginManager: Loaded Plugin OneSkyLocalizationService, From D:/Program Files/Epic Games/UE_4.14/Engine/Plugins/Developer/OneSkyLocalizationService/OneSkyLocalizationService.uplugin
LogPluginManager: Loaded Plugin PerforceSourceControl, From D:/Program Files/Epic Games/UE_4.14/Engine/Plugins/Developer/PerforceSourceControl/PerforceSourceControl.uplugin
LogPluginManager: Loaded Plugin SubversionSourceControl, From D:/Program Files/Epic Games/UE_4.14/Engine/Plugins/Developer/SubversionSourceControl/SubversionSourceControl.uplugin
LogPluginManager: Loaded Plugin UObjectPlugin, From D:/Program Files/Epic Games/UE_4.14/Engine/Plugins/Developer/UObjectPlugin/UObjectPlugin.uplugin
LogPluginManager: Loaded Plugin VisualStudioSourceCodeAccess, From D:/Program Files/Epic Games/UE_4.14/Engine/Plugins/Developer/VisualStudioSourceCodeAccess/VisualStudioSourceCodeAccess.uplugin
LogPluginManager: Loaded Plugin XCodeSourceCodeAccess, From D:/Program Files/Epic Games/UE_4.14/Engine/Plugins/Developer/XCodeSourceCodeAccess/XCodeSourceCodeAccess.uplugin
LogPluginManager: Loaded Plugin AudioCapture, From D:/Program Files/Epic Games/UE_4.14/Engine/Plugins/Editor/AudioCapture/AudioCapture.uplugin
LogPluginManager: Loaded Plugin EpicSurvey, From D:/Program Files/Epic Games/UE_4.14/Engine/Plugins/Editor/EpicSurvey/EpicSurvey.uplugin
LogPluginManager: Loaded Plugin MacGraphicsSwitching, From D:/Program Files/Epic Games/UE_4.14/Engine/Plugins/Editor/MacGraphicsSwitching/MacGraphicsSwitching.uplugin
LogPluginManager: Loaded Plugin MobileLauncherProfileWizard, From D:/Program Files/Epic Games/UE_4.14/Engine/Plugins/Editor/MobileLauncherProfileWizard/MobileLauncherProfileWizard.uplugin
LogPluginManager: Loaded Plugin PluginBrowser, From D:/Program Files/Epic Games/UE_4.14/Engine/Plugins/Editor/PluginBrowser/PluginBrowser.uplugin
LogPluginManager: Loaded Plugin SpeedTreeImporter, From D:/Program Files/Epic Games/UE_4.14/Engine/Plugins/Editor/SpeedTreeImporter/SpeedTreeImporter.uplugin
LogPluginManager: Loaded Plugin SuperSearchEditor, From D:/Program Files/Epic Games/UE_4.14/Engine/Plugins/Editor/SuperSearchEditor/SuperSearchEditor.uplugin
LogPluginManager: Loaded Plugin AlembicImporter, From D:/Program Files/Epic Games/UE_4.14/Engine/Plugins/Experimental/AlembicImporter/AlembicImporter.uplugin
LogPluginManager: Loaded Plugin BlueprintStats, From D:/Program Files/Epic Games/UE_4.14/Engine/Plugins/Experimental/BlueprintStats/BlueprintStats.uplugin
LogPluginManager: Loaded Plugin CharacterAI, From D:/Program Files/Epic Games/UE_4.14/Engine/Plugins/Experimental/CharacterAI/CharacterAI.uplugin
LogPluginManager: Loaded Plugin CodeEditor, From D:/Program Files/Epic Games/UE_4.14/Engine/Plugins/Experimental/CodeEditor/CodeEditor.uplugin
LogPluginManager: Loaded Plugin CodeView, From D:/Program Files/Epic Games/UE_4.14/Engine/Plugins/Experimental/CodeView/CodeView.uplugin
LogPluginManager: Loaded Plugin HTML5Networking, From D:/Program Files/Epic Games/UE_4.14/Engine/Plugins/Experimental/HTML5Networking/HTML5Networking.uplugin
LogPluginManager: Loaded Plugin OSVR, From D:/Program Files/Epic Games/UE_4.14/Engine/Plugins/Experimental/OSVR/OSVR.uplugin
LogPluginManager: Loaded Plugin Phya, From D:/Program Files/Epic Games/UE_4.14/Engine/Plugins/Experimental/Phya/Phya.uplugin
LogPluginManager: Loaded Plugin SignificanceManager, From D:/Program Files/Epic Games/UE_4.14/Engine/Plugins/Experimental/SignificanceManager/SignificanceManager.uplugin
LogPluginManager: Loaded Plugin SimpleHMD, From D:/Program Files/Epic Games/UE_4.14/Engine/Plugins/Experimental/SimpleHMD/SimpleHMD.uplugin
LogPluginManager: Loaded Plugin StereoPanorama, From D:/Program Files/Epic Games/UE_4.14/Engine/Plugins/Experimental/StereoPanorama/StereoPanorama.uplugin
LogPluginManager: Loaded Plugin StructBox, From D:/Program Files/Epic Games/UE_4.14/Engine/Plugins/Experimental/StructBox/StructBox.uplugin
LogPluginManager: Loaded Plugin AndroidMedia, From D:/Program Files/Epic Games/UE_4.14/Engine/Plugins/Media/AndroidMedia/AndroidMedia.uplugin
LogPluginManager: Loaded Plugin AvfMedia, From D:/Program Files/Epic Games/UE_4.14/Engine/Plugins/Media/AvfMedia/AvfMedia.uplugin
LogPluginManager: Loaded Plugin MediaPlayerEditor, From D:/Program Files/Epic Games/UE_4.14/Engine/Plugins/Media/MediaPlayerEditor/MediaPlayerEditor.uplugin
LogPluginManager: Loaded Plugin WmfMedia, From D:/Program Files/Epic Games/UE_4.14/Engine/Plugins/Media/WmfMedia/WmfMedia.uplugin
LogPluginManager: Loaded Plugin MessagingDebugger, From D:/Program Files/Epic Games/UE_4.14/Engine/Plugins/Messaging/MessagingDebugger/MessagingDebugger.uplugin
LogPluginManager: Loaded Plugin TcpMessaging, From D:/Program Files/Epic Games/UE_4.14/Engine/Plugins/Messaging/TcpMessaging/TcpMessaging.uplugin
LogPluginManager: Loaded Plugin UdpMessaging, From D:/Program Files/Epic Games/UE_4.14/Engine/Plugins/Messaging/UdpMessaging/UdpMessaging.uplugin
LogPluginManager: Loaded Plugin LevelSequenceEditor, From D:/Program Files/Epic Games/UE_4.14/Engine/Plugins/MovieScene/LevelSequenceEditor/LevelSequenceEditor.uplugin
LogPluginManager: Loaded Plugin MatineeToLevelSequence, From D:/Program Files/Epic Games/UE_4.14/Engine/Plugins/MovieScene/MatineeToLevelSequence/MatineeToLevelSequence.uplugin
LogPluginManager: Loaded Plugin NetcodeUnitTest, From D:/Program Files/Epic Games/UE_4.14/Engine/Plugins/NetcodeUnitTest/NetcodeUnitTest/NetcodeUnitTest.uplugin
LogPluginManager: Loaded Plugin NUTUnrealEngine4, From D:/Program Files/Epic Games/UE_4.14/Engine/Plugins/NetcodeUnitTest/NUTUnrealEngine4/NUTUnrealEngine4.uplugin
LogPluginManager: Loaded Plugin OnlineSubsystemGameCircle, From D:/Program Files/Epic Games/UE_4.14/Engine/Plugins/Online/Android/OnlineSubsystemGameCircle/OnlineSubsystemGameCircle.uplugin
LogPluginManager: Loaded Plugin OnlineSubsystemGooglePlay, From D:/Program Files/Epic Games/UE_4.14/Engine/Plugins/Online/Android/OnlineSubsystemGooglePlay/OnlineSubsystemGooglePlay.uplugin
LogPluginManager: Loaded Plugin OnlineSubsystemIOS, From D:/Program Files/Epic Games/UE_4.14/Engine/Plugins/Online/IOS/OnlineSubsystemIOS/OnlineSubsystemIOS.uplugin
LogPluginManager: Loaded Plugin OnlineFramework, From D:/Program Files/Epic Games/UE_4.14/Engine/Plugins/Online/OnlineFramework/OnlineFramework.uplugin
LogPluginManager: Loaded Plugin OnlineSubsystem, From D:/Program Files/Epic Games/UE_4.14/Engine/Plugins/Online/OnlineSubsystem/OnlineSubsystem.uplugin
LogPluginManager: Loaded Plugin OnlineSubsystemAmazon, From D:/Program Files/Epic Games/UE_4.14/Engine/Plugins/Online/OnlineSubsystemAmazon/OnlineSubsystemAmazon.uplugin
LogPluginManager: Loaded Plugin OnlineSubsystemFacebook, From D:/Program Files/Epic Games/UE_4.14/Engine/Plugins/Online/OnlineSubsystemFacebook/OnlineSubsystemFacebook.uplugin
LogPluginManager: Loaded Plugin OnlineSubsystemNull, From D:/Program Files/Epic Games/UE_4.14/Engine/Plugins/Online/OnlineSubsystemNull/OnlineSubsystemNull.uplugin
LogPluginManager: Loaded Plugin OnlineSubsystemOculus, From D:/Program Files/Epic Games/UE_4.14/Engine/Plugins/Online/OnlineSubsystemOculus/OnlineSubsystemOculus.uplugin
LogPluginManager: Loaded Plugin OnlineSubsystemSteam, From D:/Program Files/Epic Games/UE_4.14/Engine/Plugins/Online/OnlineSubsystemSteam/OnlineSubsystemSteam.uplugin
LogPluginManager: Loaded Plugin OnlineSubsystemUtils, From D:/Program Files/Epic Games/UE_4.14/Engine/Plugins/Online/OnlineSubsystemUtils/OnlineSubsystemUtils.uplugin
LogPluginManager: Loaded Plugin IOSTapJoy, From D:/Program Files/Epic Games/UE_4.14/Engine/Plugins/Runtime/Advertising/IOSTapJoy/IOSTapJoy.uplugin
LogPluginManager: Loaded Plugin AnalyticsBlueprintLibrary, From D:/Program Files/Epic Games/UE_4.14/Engine/Plugins/Runtime/Analytics/AnalyticsBlueprintLibrary/AnalyticsBlueprintLibrary.uplugin
LogPluginManager: Loaded Plugin AnalyticsMulticast, From D:/Program Files/Epic Games/UE_4.14/Engine/Plugins/Runtime/Analytics/AnalyticsMulticast/AnalyticsMulticast.uplugin
LogPluginManager: Loaded Plugin Apsalar, From D:/Program Files/Epic Games/UE_4.14/Engine/Plugins/Runtime/Analytics/Apsalar/Apsalar.uplugin
LogPluginManager: Loaded Plugin FileLogging, From D:/Program Files/Epic Games/UE_4.14/Engine/Plugins/Runtime/Analytics/FileLogging/FileLogging.uplugin
LogPluginManager: Loaded Plugin Flurry, From D:/Program Files/Epic Games/UE_4.14/Engine/Plugins/Runtime/Analytics/Flurry/Flurry.uplugin
LogPluginManager: Loaded Plugin AndroidDeviceProfileSelector, From D:/Program Files/Epic Games/UE_4.14/Engine/Plugins/Runtime/AndroidDeviceProfileSelector/AndroidDeviceProfileSelector.uplugin
LogPluginManager: Loaded Plugin AndroidMoviePlayer, From D:/Program Files/Epic Games/UE_4.14/Engine/Plugins/Runtime/AndroidMoviePlayer/AndroidMoviePlayer.uplugin
LogPluginManager: Loaded Plugin AppleMoviePlayer, From D:/Program Files/Epic Games/UE_4.14/Engine/Plugins/Runtime/AppleMoviePlayer/AppleMoviePlayer.uplugin
LogPluginManager: Loaded Plugin ArchVisCharacter, From D:/Program Files/Epic Games/UE_4.14/Engine/Plugins/Runtime/ArchVisCharacter/ArchVisCharacter.uplugin
LogPluginManager: Loaded Plugin CableComponent, From D:/Program Files/Epic Games/UE_4.14/Engine/Plugins/Runtime/CableComponent/CableComponent.uplugin
LogPluginManager: Loaded Plugin CustomMeshComponent, From D:/Program Files/Epic Games/UE_4.14/Engine/Plugins/Runtime/CustomMeshComponent/CustomMeshComponent.uplugin
LogPluginManager: Loaded Plugin ExampleDeviceProfileSelector, From D:/Program Files/Epic Games/UE_4.14/Engine/Plugins/Runtime/ExampleDeviceProfileSelector/ExampleDeviceProfileSelector.uplugin
LogPluginManager: Loaded Plugin GearVR, From D:/Program Files/Epic Games/UE_4.14/Engine/Plugins/Runtime/GearVR/GearVR.uplugin
LogPluginManager: Loaded Plugin GoogleVRController, From D:/Program Files/Epic Games/UE_4.14/Engine/Plugins/Runtime/GoogleVR/GoogleVRController/GoogleVRController.uplugin
LogPluginManager: Loaded Plugin GoogleVRHMD, From D:/Program Files/Epic Games/UE_4.14/Engine/Plugins/Runtime/GoogleVR/GoogleVRHMD/GoogleVRHMD.uplugin
LogPluginManager: Loaded Plugin IOSDeviceProfileSelector, From D:/Program Files/Epic Games/UE_4.14/Engine/Plugins/Runtime/IOSDeviceProfileSelector/IOSDeviceProfileSelector.uplugin
LogPluginManager: Loaded Plugin LeapMotion, From D:/Program Files/Epic Games/UE_4.14/Engine/Plugins/Runtime/LeapMotion/LeapMotion.uplugin
LogPluginManager: Loaded Plugin LinuxDeviceProfileSelector, From D:/Program Files/Epic Games/UE_4.14/Engine/Plugins/Runtime/LinuxDeviceProfileSelector/LinuxDeviceProfileSelector.uplugin
LogPluginManager: Loaded Plugin MIDIDevice, From D:/Program Files/Epic Games/UE_4.14/Engine/Plugins/Runtime/MIDIDevice/MIDIDevice.uplugin
LogPluginManager: Loaded Plugin MobilePatchingUtils, From D:/Program Files/Epic Games/UE_4.14/Engine/Plugins/Runtime/MobilePatchingUtils/MobilePatchingUtils.uplugin
LogPluginManager: Loaded Plugin Ansel, From D:/Program Files/Epic Games/UE_4.14/Engine/Plugins/Runtime/Nvidia/Ansel/Ansel.uplugin
LogPluginManager: Loaded Plugin OculusAudio, From D:/Program Files/Epic Games/UE_4.14/Engine/Plugins/Runtime/OculusAudio/OculusAudio.uplugin
LogPluginManager: Loaded Plugin OculusInput, From D:/Program Files/Epic Games/UE_4.14/Engine/Plugins/Runtime/OculusInput/OculusInput.uplugin
LogPluginManager: Loaded Plugin OculusLibrary, From D:/Program Files/Epic Games/UE_4.14/Engine/Plugins/Runtime/OculusLibrary/OculusLibrary.uplugin
LogPluginManager: Loaded Plugin OculusRift, From D:/Program Files/Epic Games/UE_4.14/Engine/Plugins/Runtime/OculusRift/OculusRift.uplugin
LogPluginManager: Loaded Plugin Oodle, From D:/Program Files/Epic Games/UE_4.14/Engine/Plugins/Runtime/PacketHandlers/CompressionComponents/Oodle/Oodle.uplugin
LogPluginManager: Loaded Plugin ProceduralMeshComponent, From D:/Program Files/Epic Games/UE_4.14/Engine/Plugins/Runtime/ProceduralMeshComponent/ProceduralMeshComponent.uplugin
LogPluginManager: Loaded Plugin SoundMod, From D:/Program Files/Epic Games/UE_4.14/Engine/Plugins/Runtime/SoundMod/SoundMod.uplugin
LogPluginManager: Loaded Plugin SoundVisualizations, From D:/Program Files/Epic Games/UE_4.14/Engine/Plugins/Runtime/SoundVisualizations/SoundVisualizations.uplugin
LogPluginManager: Loaded Plugin SteamController, From D:/Program Files/Epic Games/UE_4.14/Engine/Plugins/Runtime/Steam/SteamController/SteamController.uplugin
LogPluginManager: Loaded Plugin SteamVR, From D:/Program Files/Epic Games/UE_4.14/Engine/Plugins/Runtime/Steam/SteamVR/SteamVR.uplugin
LogPluginManager: Loaded Plugin WebBrowserWidget, From D:/Program Files/Epic Games/UE_4.14/Engine/Plugins/Runtime/WebBrowserWidget/WebBrowserWidget.uplugin
LogPluginManager: Loaded Plugin WindowsDeviceProfileSelector, From D:/Program Files/Epic Games/UE_4.14/Engine/Plugins/Runtime/WindowsDeviceProfileSelector/WindowsDeviceProfileSelector.uplugin
LogPluginManager: Loaded Plugin WindowsMoviePlayer, From D:/Program Files/Epic Games/UE_4.14/Engine/Plugins/Runtime/WindowsMoviePlayer/WindowsMoviePlayer.uplugin
LogPluginManager: Loaded Plugin ScriptPlugin, From D:/Program Files/Epic Games/UE_4.14/Engine/Plugins/ScriptPlugin/ScriptPlugin.uplugin
LogPluginManager: Loaded Plugin SlateRemote, From D:/Program Files/Epic Games/UE_4.14/Engine/Plugins/Slate/SlateRemote/SlateRemote.uplugin
LogPluginManager: Loaded Plugin EditorTests, From D:/Program Files/Epic Games/UE_4.14/Engine/Plugins/Tests/EditorTests/EditorTests.uplugin
LogPluginManager: Loaded Plugin FbxAutomationTestBuilder, From D:/Program Files/Epic Games/UE_4.14/Engine/Plugins/Tests/FbxAutomationTestBuilder/FbxAutomationTestBuilder.uplugin
LogPluginManager: Loaded Plugin FunctionalTestingEditor, From D:/Program Files/Epic Games/UE_4.14/Engine/Plugins/Tests/FunctionalTestingEditor/FunctionalTestingEditor.uplugin
LogPluginManager: Loaded Plugin RuntimeTests, From D:/Program Files/Epic Games/UE_4.14/Engine/Plugins/Tests/RuntimeTests/RuntimeTests.uplugin
LogPluginManager: Loaded Plugin ScreenshotTools, From D:/Program Files/Epic Games/UE_4.14/Engine/Plugins/Tests/ScreenshotTools/ScreenshotTools.uplugin
LogInit: Using libcurl 7.47.1
LogInit:  - built for x86_64-pc-win32
LogInit:  - supports SSL with OpenSSL/1.0.2g
LogInit:  - supports HTTP deflate (compression) using libz 1.2.8
LogInit:  - other features:
LogInit:      CURL_VERSION_SSL
LogInit:      CURL_VERSION_LIBZ
LogInit:      CURL_VERSION_IPV6
LogInit:      CURL_VERSION_ASYNCHDNS
LogInit:      CURL_VERSION_LARGEFILE
LogInit:      CURL_VERSION_IDN
LogInit:  CurlRequestOptions (configurable via config and command line):
LogInit:  - bVerifyPeer = false  - Libcurl will NOT verify peer certificate
LogInit:  - bUseHttpProxy = false  - Libcurl will NOT use HTTP proxy
LogInit:  - bDontReuseConnections = false  - Libcurl will reuse connections
LogInit:  - CertBundlePath = nullptr  - Libcurl will use whatever was configured at build time.
LogInit: Build: ++UE4+Release-4.14-CL-3249277
LogInit: Engine Version: 4.14.3-3249277+++UE4+Release-4.14
LogInit: Compatible Engine Version: 4.14.0-3195953+++UE4+Release-4.14
LogInit: Net CL: 3195953
LogDevObjectVersion: Number of dev versions registered: 13
LogDevObjectVersion:   Dev-Blueprints (B0D832E4-1F89-4F0D-ACCF-7EB736FD4AA2): 7
LogDevObjectVersion:   Dev-Build (E1C64328-A22C-4D53-A36C-8E866417BD8C): 0
LogDevObjectVersion:   Dev-Core (375EC13C-06E4-48FB-B500-84F0262A717E): 1
LogDevObjectVersion:   Dev-Editor (E4B068ED-F494-42E9-A231-DA0B2E46BB41): 8
LogDevObjectVersion:   Dev-Framework (CFFC743F-43B0-4480-9391-14DF171D2073): 17
LogDevObjectVersion:   Dev-Mobile (B02B49B5-BB20-44E9-A304-32B752E40360): 0
LogDevObjectVersion:   Dev-Networking (A4E4105C-59A1-49B5-A7C5-40C4547EDFEE): 0
LogDevObjectVersion:   Dev-Online (39C831C9-5AE6-47DC-9A44-9C173E1C8E7C): 0
LogDevObjectVersion:   Dev-Physics (78F01B33-EBEA-4F98-B9B4-84EACCB95AA2): 0
LogDevObjectVersion:   Dev-Platform (6631380F-2D4D-43E0-8009-CF276956A95A): 0
LogDevObjectVersion:   Dev-Rendering (12F88B9F-8875-4AFC-A67C-D90C383ABD29): 12
LogDevObjectVersion:   Dev-Sequencer (7B5AE74C-D270-4C10-A958-57980B212A5A): 1
LogDevObjectVersion:   Dev-VR (D7296918-1DD6-4BDD-9DE2-64A83CC13884): 0
LogInit: Compiled (64-bit): Jan  6 2017 10:49:43
LogInit: Compiled with Visual C++: 19.00.23026.00
LogInit: Build Configuration: Development
LogInit: Branch Name: ++UE4+Release-4.14
LogInit: Command line: -EpicPortal 
LogInit: Base directory: D:/Program Files/Epic Games/UE_4.14/Engine/Binaries/Win64/
LogInit: Installed Engine Build: 1
LogInit: Presizing for max 8388607 objects, including 0 objects not considered by GC, pre-allocating 0 bytes for permanent pool.
LogInit: Object subsystem initialized
[2017.03.07-20.59.58:196][  0]LogInit: Selected Device Profile: [Windows]
[2017.03.07-20.59.58:196][  0]LogInit: Applying CVar settings loaded from the selected device profile: [Windows]
[2017.03.07-20.59.58:207][  0]LogInit: Computer: NICK-PC
[2017.03.07-20.59.58:207][  0]LogInit: User: Nick
[2017.03.07-20.59.58:207][  0]LogInit: CPU Page size=65536, Cores=4
[2017.03.07-20.59.58:207][  0]LogInit: High frequency timer resolution =3.320316 MHz
[2017.03.07-20.59.58:207][  0]LogMemory: Memory total: Physical=15.9GB (16GB approx)
[2017.03.07-20.59.58:207][  0]LogMemory: Platform Memory Stats for Windows
[2017.03.07-20.59.58:207][  0]LogMemory: Process Physical Memory: 264.22 MB used, 264.22 MB peak
[2017.03.07-20.59.58:207][  0]LogMemory: Process Virtual Memory: 262.59 MB used, 262.59 MB peak
[2017.03.07-20.59.58:207][  0]LogMemory: Physical Memory: 7409.73 MB used,  8905.52 MB free, 16315.25 MB total
[2017.03.07-20.59.58:207][  0]LogMemory: Virtual Memory: 675.54 MB used,  8905.52 MB free, 134217728.00 MB total
[2017.03.07-20.59.58:233][  0]LogTextLocalizationManager: No specific translations for ('en-US') exist, so ('en') translations will be used.
[2017.03.07-20.59.58:904][  0]LogD3D11RHI: D3D11 adapters:
[2017.03.07-20.59.59:417][  0]LogD3D11RHI:    0. 'NVIDIA GeForce GTX 970' (Feature Level 11_0)
[2017.03.07-20.59.59:417][  0]LogD3D11RHI:       4058/0/8157 MB DedicatedVideo/DedicatedSystem/SharedSystem, Outputs:3, VendorId:0x10de
[2017.03.07-20.59.59:419][  0]LogD3D11RHI:    1. 'Microsoft Basic Render Driver' (Feature Level 11_0)
[2017.03.07-20.59.59:419][  0]LogD3D11RHI:       0/0/8157 MB DedicatedVideo/DedicatedSystem/SharedSystem, Outputs:0, VendorId:0x1414
[2017.03.07-20.59.59:419][  0]LogD3D11RHI: Chosen D3D11 Adapter: 0
[2017.03.07-20.59.59:441][  0]LogD3D11RHI: Creating new Direct3DDevice
[2017.03.07-20.59.59:441][  0]LogD3D11RHI:     GPU DeviceId: 0x13c2 (for the marketing name, search the web for "GPU Device Id")
[2017.03.07-20.59.59:441][  0]LogWindows: EnumDisplayDevices:
[2017.03.07-20.59.59:441][  0]LogWindows:    0. 'NVIDIA GeForce GTX 970' (P:0 D:1)
[2017.03.07-20.59.59:441][  0]LogWindows:    1. 'NVIDIA GeForce GTX 970' (P:0 D:1)
[2017.03.07-20.59.59:441][  0]LogWindows:    2. 'NVIDIA GeForce GTX 970' (P:1 D:1)
[2017.03.07-20.59.59:441][  0]LogWindows:    3. 'NVIDIA GeForce GTX 970' (P:0 D:0)
[2017.03.07-20.59.59:442][  0]LogWindows: DebugString: FoundDriverCount:4 
[2017.03.07-20.59.59:442][  0]LogD3D11RHI:     Adapter Name: NVIDIA GeForce GTX 970
[2017.03.07-20.59.59:442][  0]LogD3D11RHI:   Driver Version: 376.53 (internal:21.21.13.7653, unified:376.53)
[2017.03.07-20.59.59:442][  0]LogD3D11RHI:      Driver Date: 12-29-2016
[2017.03.07-20.59.59:442][  0]LogRHI: Texture pool is 1361 MB (70% of 1945 MB)
[2017.03.07-20.59.59:940][  0]LogD3D11RHI: Async texture creation enabled
[2017.03.07-20.59.59:968][  0]LogD3D11RHI: GPU Timing Frequency: 1000.000000 (Debug: 2 1)
[2017.03.07-20.59.59:968][  0]LogShaderCompilers: Guid format shader working directory is -18 characters bigger than the processId version (../../../../../../Unreal Projects/OcelotAndLory/OcelotAndLory/Intermediate/Shaders/WorkingDirectory/187140/).
[2017.03.07-20.59.59:969][  0]LogShaderCompilers: Cleaned the shader compiler working directory 'C:/Users/Nick/AppData/Local/Temp/UnrealShaderWorkingDir/A5C2E9C049702AF819DAFC91B3208F94/'.
[2017.03.07-20.59.59:969][  0]LogShaderCompilers:Display: Using Local Shader Compiler.
[2017.03.07-21.00.00:884][  0]LogTemp:Display: Loaded TP AllDesktopTargetPlatform
[2017.03.07-21.00.00:929][  0]LogTemp:Display: Loaded TP MacClientTargetPlatform
[2017.03.07-21.00.00:973][  0]LogTemp:Display: Loaded TP MacNoEditorTargetPlatform
[2017.03.07-21.00.01:017][  0]LogTemp:Display: Loaded TP MacServerTargetPlatform
[2017.03.07-21.00.01:061][  0]LogTemp:Display: Loaded TP MacTargetPlatform
[2017.03.07-21.00.01:106][  0]LogTemp:Display: Loaded TP WindowsClientTargetPlatform
[2017.03.07-21.00.01:150][  0]LogTemp:Display: Loaded TP WindowsNoEditorTargetPlatform
[2017.03.07-21.00.01:195][  0]LogTemp:Display: Loaded TP WindowsServerTargetPlatform
[2017.03.07-21.00.01:231][  0]LogTemp:Display: Loaded TP WindowsTargetPlatform
[2017.03.07-21.00.01:276][  0]LogTemp:Display: Loaded TP AndroidTargetPlatform
[2017.03.07-21.00.01:321][  0]LogTemp:Display: Loaded TP Android_ASTCTargetPlatform
[2017.03.07-21.00.01:365][  0]LogTemp:Display: Loaded TP Android_ATCTargetPlatform
[2017.03.07-21.00.01:408][  0]LogTemp:Display: Loaded TP Android_DXTTargetPlatform
[2017.03.07-21.00.01:452][  0]LogTemp:Display: Loaded TP Android_ETC1TargetPlatform
[2017.03.07-21.00.01:495][  0]LogTemp:Display: Loaded TP Android_ETC2TargetPlatform
[2017.03.07-21.00.01:583][  0]LogTemp:Display: Loaded TP Android_MultiTargetPlatform
[2017.03.07-21.00.01:583][  0]LogTemp:Display: Loaded TP Android_PVRTCTargetPlatform
[2017.03.07-21.00.01:612][  0]LogTemp:Display: Loaded TP HTML5TargetPlatform
[2017.03.07-21.00.01:680][  0]LogTemp:Display: Loaded TP IOSTargetPlatform
[2017.03.07-21.00.01:706][  0]LogTemp:Display: Loaded TP TVOSTargetPlatform
[2017.03.07-21.00.01:749][  0]LogTemp:Display: Loaded TP LinuxClientTargetPlatform
[2017.03.07-21.00.01:791][  0]LogTemp:Display: Loaded TP LinuxNoEditorTargetPlatform
[2017.03.07-21.00.01:834][  0]LogTemp:Display: Loaded TP LinuxServerTargetPlatform
[2017.03.07-21.00.01:878][  0]LogTemp:Display: Loaded TP LinuxTargetPlatform
[2017.03.07-21.00.01:878][  0]LogTargetPlatformManager:Display: Building Assets For Windows
[2017.03.07-21.00.02:157][  0]LogDerivedDataCache:Display: Max Cache Size: 512 MB
[2017.03.07-21.00.02:202][  0]LogDerivedDataCache: Loaded boot cache 0.04s 50MB C:/Users/Nick/AppData/Local/UnrealEngine/4.14/DerivedDataCache/Boot.ddc.
[2017.03.07-21.00.02:202][  0]LogDerivedDataCache:Display: Loaded Boot cache: C:/Users/Nick/AppData/Local/UnrealEngine/4.14/DerivedDataCache/Boot.ddc
[2017.03.07-21.00.02:202][  0]LogDerivedDataCache: FDerivedDataBackendGraph:  Pak pak cache file ../../../../../../Unreal Projects/OcelotAndLory/OcelotAndLory/DerivedDataCache/DDC.ddp not found, will not use a pak cache.
[2017.03.07-21.00.02:202][  0]LogDerivedDataCache: Unable to find inner node Pak for hierarchical cache Hierarchy.
[2017.03.07-21.00.02:202][  0]LogDerivedDataCache: FDerivedDataBackendGraph:  CompressedPak pak cache file ../../../../../../Unreal Projects/OcelotAndLory/OcelotAndLory/DerivedDataCache/Compressed.ddp not found, will not use a pak cache.
[2017.03.07-21.00.02:202][  0]LogDerivedDataCache: Unable to find inner node CompressedPak for hierarchical cache Hierarchy.
[2017.03.07-21.00.02:218][  0]LogDerivedDataCache:Display: Pak cache opened for reading ../../../Engine/DerivedDataCache/Compressed.ddp.
[2017.03.07-21.00.02:229][  0]LogDerivedDataCache: Using Local data cache path C:/Users/Nick/AppData/Local/UnrealEngine/Common/DerivedDataCache: Writable
[2017.03.07-21.00.02:416][  0]LogInit: Selected Device Profile: [Windows]
[2017.03.07-21.00.02:418][  0]LogContentStreaming: Texture pool size is 0.00 MB
[2017.03.07-21.00.02:592][  0]LogMeshUtilities: Using QuadricMeshReduction for automatic static mesh reduction
[2017.03.07-21.00.02:625][  0]LogSimplygon: Simplygon DLL not present - disabling.
[2017.03.07-21.00.02:665][  0]LogMeshUtilities: Using SimplygonSwarm for distributed automatic mesh merging
[2017.03.07-21.00.02:665][  0]LogMeshUtilities: No automatic skeletal mesh reduction module available
[2017.03.07-21.00.02:665][  0]LogMeshUtilities: No automatic mesh merging module available
[2017.03.07-21.00.03:127][  0]LogNetVersion: GetLocalNetworkVersion: CL: 3195953, ProjectName: ocelotandlory, ProjectVersion: , EngineNetworkVersion: 2, GameNetworkVersion: 0, NetworkChecksum: 657362259
[2017.03.07-21.00.03:177][  0]LogAssetRegistry: FAssetRegistry took 0.0211 seconds to start up
[2017.03.07-21.00.03:221][  0]LogPackageLocalizationCache: Processed 3 localized package path(s) for 2 prioritized culture(s) in 0.029817 seconds
[2017.03.07-21.00.03:227][  0]LogUObjectArray: 31946 objects as part of root set at end of initial load.
[2017.03.07-21.00.03:227][  0]LogUObjectAllocator: 6935848 out of 0 bytes used by permanent object pool.
[2017.03.07-21.00.03:227][  0]LogUObjectArray: CloseDisregardForGC: 0/0 objects in disregard for GC pool
[2017.03.07-21.00.03:271][  0]LogInit: WinSock: version 1.1 (2.2), MaxSocks=32767, MaxUdp=65467
[2017.03.07-21.00.03:846][  0]LogSlate: Using Freetype 2.6.0
[2017.03.07-21.00.03:847][  0]LogSlate: SlateFontCache - WITH_FREETYPE: 1, WITH_HARFBUZZ: 1
[2017.03.07-21.00.03:847][  0]LogSlate: SlateFontCache - WITH_FREETYPE: 1, WITH_HARFBUZZ: 1
[2017.03.07-21.00.04:804][  0]LogTcpMessaging: Initializing TcpMessaging bridge
[2017.03.07-21.00.04:838][  0]LogUdpMessaging: Initializing bridge on interface 0.0.0.0:0 to multicast group 230.0.0.1:6666.
[2017.03.07-21.00.05:104][  0]LogMaterial: Uniform references updated for custom material expression Custom.
[2017.03.07-21.00.05:429][  0]SourceControl: Info Source control is disabled
[2017.03.07-21.00.05:461][  0]SourceControl: Info Source control is disabled
[2017.03.07-21.00.05:501][  0]SourceControl: Info Source control is disabled
[2017.03.07-21.00.05:541][  0]SourceControl: Info Source control is disabled
[2017.03.07-21.00.06:581][  0]LogEngine: Initializing Engine...
[2017.03.07-21.00.06:581][  0]LogHMD: Failed to initialize OpenVR with code 110
[2017.03.07-21.00.06:778][  0]LogAIModule: Creating AISystem for world Untitled
[2017.03.07-21.00.06:791][  0]LogInit: XAudio2 using 'Line Out (Scarlett 2i4 USB)' : 2 channels at 44.1 kHz using 16 bits per sample (channel mask 0x3)
[2017.03.07-21.00.06:798][  0]LogInit: FAudioDevice initialized.
[2017.03.07-21.00.06:819][  0]LogDerivedDataCache: Saved boot cache 0.02s 50MB C:/Users/Nick/AppData/Local/UnrealEngine/4.14/DerivedDataCache/Boot.ddc.
[2017.03.07-21.00.06:826][  0]LogInit: Texture streaming: Enabled
[2017.03.07-21.00.06:980][  0]LogInit: Transaction tracking system initialized
[2017.03.07-21.00.07:260][  0]BlueprintLog: New page: Editor Load
[2017.03.07-21.00.07:938][  0]LocalizationService: Info Localization service is disabled
[2017.03.07-21.00.08:443][  0]LogConsoleResponse:Display: 
[2017.03.07-21.00.08:554][  0]LogCook:Display: Max memory allowance for cook 16384mb min free memory 0mb
[2017.03.07-21.00.08:554][  0]LogCook:Display: Mobile HDR setting 1
[2017.03.07-21.00.09:285][  0]LogFileCache: Scanning file cache for directory 'D:/Unreal Projects/OcelotAndLory/OcelotAndLory/Content/' took 0.01s
[2017.03.07-21.00.09:321][  0]SourceControl: Info Source control is disabled
[2017.03.07-21.00.09:321][  0]Cmd: MAP LOAD FILE="../../../../../../Unreal Projects/OcelotAndLory/OcelotAndLory/Content/Maps/Example_Map.umap" TEMPLATE=0 SHOWPROGRESS=1 FEATURELEVEL=3
[2017.03.07-21.00.09:321][  0]LightingResults: New page: Lighting Build
[2017.03.07-21.00.09:352][  0]MapCheck: New page: Map Check
[2017.03.07-21.00.09:352][  0]LightingResults: New page: Lighting Build
[2017.03.07-21.00.09:810][  0]LogAIModule: Creating AISystem for world Example_Map
[2017.03.07-21.00.10:275][  0]LogEditorServer: Finished looking for orphan Actors (0.000 secs)
[2017.03.07-21.00.10:275][  0]Cmd: MAP CHECKDEP NOCLEARLOG
[2017.03.07-21.00.10:362][  0]MapCheck:Warning: Warning Landscape_1 Landscape /Game/Maps/Example_Map.Example_Map:PersistentLevel.Landscape_1 : Externally referenced 
[2017.03.07-21.00.10:362][  0]MapCheck:Warning: Warning StaticMeshComponent0 StaticMeshComponent /Game/Maps/Example_Map.Example_Map:PersistentLevel.SM_OceanWater2.StaticMeshComponent0 : Externally referenced 
[2017.03.07-21.00.10:362][  0]MapCheck:Warning: Warning StaticMeshComponent0 StaticMeshComponent /Game/Maps/Example_Map.Example_Map:PersistentLevel.SM_OceanWater3.StaticMeshComponent0 : Externally referenced 
[2017.03.07-21.00.10:362][  0]MapCheck:Warning: Warning StaticMeshComponent0 StaticMeshComponent /Game/Maps/Example_Map.Example_Map:PersistentLevel.SM_OceanWater_10.StaticMeshComponent0 : Externally referenced 
[2017.03.07-21.00.10:362][  0]MapCheck: Info Map check complete: 0 Error(s), 4 Warning(s), took 86.431ms to complete.
[2017.03.07-21.00.10:426][  0]LogFileHelpers: Loading map 'Example_Map' took 1.105
[2017.03.07-21.00.10:555][  0]LogWindowsTextInputMethodSystem:Display: IME system now deactivated.
[2017.03.07-21.00.10:641][  0]LogCollectionManager: Loaded 0 collections in 0.001493 seconds
[2017.03.07-21.00.10:735][  0]LogFileCache: Scanning file cache for directory 'D:/Unreal Projects/OcelotAndLory/OcelotAndLory/Saved/Collections/' took 0.01s
[2017.03.07-21.00.10:735][  0]LogFileCache: Scanning file cache for directory 'D:/Unreal Projects/OcelotAndLory/OcelotAndLory/Content/Developers/Nick/Collections/' took 0.01s
[2017.03.07-21.00.10:735][  0]LogFileCache: Scanning file cache for directory 'D:/Unreal Projects/OcelotAndLory/OcelotAndLory/Content/Collections/' took 0.01s
[2017.03.07-21.00.10:735][  0]LogCollectionManager: Rebuilt the GUID cache for 0 collections in 0.000002 seconds
[2017.03.07-21.00.10:744][  0]LogContentBrowser: Native class hierarchy populated in 0.0083 seconds. Added 2190 classes and 428 folders.
[2017.03.07-21.00.10:779][  0]LogStats: UGameplayTagsManager::ConstructGameplayTagTree: Construct from data asset -  0.000 s
[2017.03.07-21.00.10:779][  0]LogStats: UGameplayTagsManager::ConstructGameplayTagTree: GameplayTagTreeChangedEvent.Broadcast -  0.000 s
[2017.03.07-21.00.10:779][  0]LogContentBrowser: Native class hierarchy updated for 'GameplayTags' in 0.0007 seconds. Added 13 classes and 0 folders.
[2017.03.07-21.00.10:829][  0]LogContentBrowser: Native class hierarchy updated for 'WidgetCarousel' in 0.0006 seconds. Added 0 classes and 0 folders.
[2017.03.07-21.00.10:893][  0]LogContentBrowser: Native class hierarchy updated for 'AddContentDialog' in 0.0006 seconds. Added 0 classes and 0 folders.
[2017.03.07-21.00.10:929][  0]LogContentBrowser: Native class hierarchy updated for 'SceneOutliner' in 0.0006 seconds. Added 1 classes and 2 folders.
[2017.03.07-21.00.10:960][  0]LogCrashTracker: Crashtracker disabled due to settings.
[2017.03.07-21.00.10:965][  0]LogUObjectGlobals:Warning: Failed to find object 'Class None.'
[2017.03.07-21.00.11:023][  0]LogContentBrowser: Native class hierarchy updated for 'HierarchicalLODOutliner' in 0.0007 seconds. Added 1 classes and 2 folders.
[2017.03.07-21.00.11:023][  0]LogLoad: (Engine Initialization) Total time: 14.32 seconds
[2017.03.07-21.00.11:023][  0]LogLoad: (Engine Initialization) Total Blueprint compile time: 0.07 seconds
[2017.03.07-21.00.11:023][  0]LogExternalProfiler: Found external profiler: VSPerf
[2017.03.07-21.00.11:023][  0]LogExternalProfiler: Using external profiler: VSPerf
[2017.03.07-21.00.11:032][  0]LogOcInput: OculusInput pre-init called
[2017.03.07-21.00.11:061][  0]LogContentStreaming: Texture pool size now 1000 MB
[2017.03.07-21.00.11:199][  0]LogRenderer: Reallocating scene render targets to support 1236x600 NumSamples 1 (Frame:2).
[2017.03.07-21.00.11:273][  1]LogFileCache: Retrieving MD5 hashes for directory 'D:/Unreal Projects/OcelotAndLory/OcelotAndLory/Content/' took 0.23s
[2017.03.07-21.00.11:281][  1]LogAssetRegistry: Asset discovery search completed in 8.1256 seconds
[2017.03.07-21.00.11:281][  1]LogCollectionManager: Rebuilt the object cache for 0 collections in 0.000001 seconds (found 0 objects)
[2017.03.07-21.00.11:281][  1]LogCollectionManager: Fixed up redirectors for 0 collections in 0.000017 seconds (updated 0 objects)
[2017.03.07-21.00.46:019][246]LogAssetTools:Warning: Failed to import 'C:\Users\Nick\Desktop\Naturpack\naturePack_053.uasset'. Unknown extension 'uasset'.
[2017.03.07-21.00.46:058][246]LogAssetTools:Warning: Failed to import 'C:\Users\Nick\Desktop\Naturpack\naturePack_065.uasset'. Unknown extension 'uasset'.
[2017.03.07-21.00.46:095][246]LogAssetTools:Warning: Failed to import 'C:\Users\Nick\Desktop\Naturpack\naturePack_070.uasset'. Unknown extension 'uasset'.
[2017.03.07-21.00.46:135][246]LogAssetTools:Warning: Failed to import 'C:\Users\Nick\Desktop\Naturpack\naturePack_073.uasset'. Unknown extension 'uasset'.
[2017.03.07-21.00.46:176][246]LogAssetTools:Warning: Failed to import 'C:\Users\Nick\Desktop\Naturpack\naturePack_081.uasset'. Unknown extension 'uasset'.
[2017.03.07-21.00.46:218][246]LogAssetTools:Warning: Failed to import 'C:\Users\Nick\Desktop\Naturpack\naturePack_085.uasset'. Unknown extension 'uasset'.
[2017.03.07-21.00.46:259][246]LogAssetTools:Warning: Failed to import 'C:\Users\Nick\Desktop\Naturpack\naturePack_088.uasset'. Unknown extension 'uasset'.
[2017.03.07-21.00.46:294][246]LogAssetTools:Warning: Failed to import 'C:\Users\Nick\Desktop\Naturpack\naturePack_051.uasset'. Unknown extension 'uasset'.
[2017.03.07-21.01.03:074][830]LogAssetTools:Warning: Failed to import 'C:\Users\Nick\Desktop\Naturpack\naturePack_051.uasset'. Unknown extension 'uasset'.
[2017.03.07-21.01.38:674][570]LogFactory: FactoryCreateFile: StaticMesh with FbxFactory (0 0 C:\Users\Nick\Desktop\Naturpack\Models\naturePack_051.obj)
[2017.03.07-21.01.38:682][570]LogFbx: Loading FBX Scene from C:\Users\Nick\Desktop\Naturpack\Models\naturePack_051.obj
[2017.03.07-21.01.38:685][570]LogFbx: FBX Scene Loaded Succesfully
[2017.03.07-21.01.40:711][570]LogFbx: Loading FBX Scene from C:\Users\Nick\Desktop\Naturpack\Models\naturePack_051.obj
[2017.03.07-21.01.40:713][570]LogFbx: FBX Scene Loaded Succesfully
[2017.03.07-21.01.40:715][570]LogLinker: Can't find file '/Game/Trees/Leafs'
[2017.03.07-21.01.40:716][570]LogLinker: Can't find file '/Game/Trees/Leafs'
[2017.03.07-21.01.40:720][570]LogMaterial: Missing cached shader map for material Leafs, compiling. 
[2017.03.07-21.01.40:748][570]LogLinker: Can't find file '/Game/Trees/Wood'
[2017.03.07-21.01.40:749][570]LogLinker: Can't find file '/Game/Trees/Wood'
[2017.03.07-21.01.40:789][570]LogMaterial: Missing cached shader map for material Wood, compiling. 
[2017.03.07-21.01.40:842][570]LogStaticMesh: Building static mesh naturePack_051...
[2017.03.07-21.01.40:859][570]LogStaticMesh: Built static mesh [0.02s] /Game/Trees/naturePack_051.naturePack_051
[2017.03.07-21.01.40:867][570]FBXImport:Warning: Warning No smoothing group information was found in this FBX scene.  Please make sure to enable the 'Export Smoothing Groups' option in the FBX Exporter plug-in before exporting the file.  Even for tools that don't support smoothing groups, the FBX Exporter will generate appropriate smoothing data at export-time so that correct vertex normals can be inferred while importing. 
[2017.03.07-21.01.40:867][570]FBXImport:Warning: Warning Warning: The imported mesh is very small. This is most likely an issue with the units used when exporting to FBX. 
[2017.03.07-21.02.01:237][679]LogAssetTools:Warning: Failed to import 'C:\Users\Nick\Desktop\Naturpack\Models\naturePack_065.mtl'. Unknown extension 'mtl'.
[2017.03.07-21.02.01:240][679]LogFactory: FactoryCreateFile: StaticMesh with FbxFactory (0 0 C:\Users\Nick\Desktop\Naturpack\Models\naturePack_053.obj)
[2017.03.07-21.02.01:259][679]LogFbx: Loading FBX Scene from C:\Users\Nick\Desktop\Naturpack\Models\naturePack_053.obj
[2017.03.07-21.02.01:263][679]LogFbx: FBX Scene Loaded Succesfully
[2017.03.07-21.02.04:791][679]LogFbx: Loading FBX Scene from C:\Users\Nick\Desktop\Naturpack\Models\naturePack_053.obj
[2017.03.07-21.02.04:793][679]LogFbx: FBX Scene Loaded Succesfully
[2017.03.07-21.02.04:795][679]LogStaticMesh: Building static mesh naturePack_053...
[2017.03.07-21.02.04:811][679]LogStaticMesh: Built static mesh [0.02s] /Game/Trees/naturePack_053.naturePack_053
[2017.03.07-21.02.04:822][679]FBXImport:Warning: Warning No smoothing group information was found in this FBX scene.  Please make sure to enable the 'Export Smoothing Groups' option in the FBX Exporter plug-in before exporting the file.  Even for tools that don't support smoothing groups, the FBX Exporter will generate appropriate smoothing data at export-time so that correct vertex normals can be inferred while importing. 
[2017.03.07-21.02.04:822][679]FBXImport:Warning: Warning Warning: The imported mesh is very small. This is most likely an issue with the units used when exporting to FBX. 
[2017.03.07-21.02.19:665][501]LogFactory: FactoryCreateFile: StaticMesh with FbxFactory (0 0 C:\Users\Nick\Desktop\Naturpack\Models\naturePack_065.obj)
[2017.03.07-21.02.19:681][501]LogFbx: Loading FBX Scene from C:\Users\Nick\Desktop\Naturpack\Models\naturePack_065.obj
[2017.03.07-21.02.19:686][501]LogFbx: FBX Scene Loaded Succesfully
[2017.03.07-21.02.20:970][501]LogFbx: Loading FBX Scene from C:\Users\Nick\Desktop\Naturpack\Models\naturePack_065.obj
[2017.03.07-21.02.20:972][501]LogFbx: FBX Scene Loaded Succesfully
[2017.03.07-21.02.20:975][501]LogStaticMesh: Building static mesh naturePack_065...
[2017.03.07-21.02.20:990][501]LogStaticMesh: Built static mesh [0.02s] /Game/Trees/naturePack_065.naturePack_065
[2017.03.07-21.02.20:998][501]FBXImport:Warning: Warning No smoothing group information was found in this FBX scene.  Please make sure to enable the 'Export Smoothing Groups' option in the FBX Exporter plug-in before exporting the file.  Even for tools that don't support smoothing groups, the FBX Exporter will generate appropriate smoothing data at export-time so that correct vertex normals can be inferred while importing. 
[2017.03.07-21.02.20:998][501]FBXImport:Warning: Warning Warning: The imported mesh is very small. This is most likely an issue with the units used when exporting to FBX. 
[2017.03.07-21.02.38:615][837]LogFactory: FactoryCreateFile: StaticMesh with FbxFactory (0 0 C:\Users\Nick\Desktop\Naturpack\Models\naturePack_070.obj)
[2017.03.07-21.02.38:628][837]LogFbx: Loading FBX Scene from C:\Users\Nick\Desktop\Naturpack\Models\naturePack_070.obj
[2017.03.07-21.02.38:631][837]LogFbx: FBX Scene Loaded Succesfully
[2017.03.07-21.02.39:728][837]LogFbx: Loading FBX Scene from C:\Users\Nick\Desktop\Naturpack\Models\naturePack_070.obj
[2017.03.07-21.02.39:730][837]LogFbx: FBX Scene Loaded Succesfully
[2017.03.07-21.02.39:732][837]LogLinker: Can't find file '/Game/Trees/Green_leafs'
[2017.03.07-21.02.39:732][837]LogLinker: Can't find file '/Game/Trees/Green_leafs'
[2017.03.07-21.02.39:737][837]LogMaterial: Missing cached shader map for material Green_leafs, compiling. 
[2017.03.07-21.02.39:787][837]LogStaticMesh: Building static mesh naturePack_070...
[2017.03.07-21.02.39:802][837]LogStaticMesh: Built static mesh [0.01s] /Game/Trees/naturePack_070.naturePack_070
[2017.03.07-21.02.39:817][837]FBXImport:Warning: Warning No smoothing group information was found in this FBX scene.  Please make sure to enable the 'Export Smoothing Groups' option in the FBX Exporter plug-in before exporting the file.  Even for tools that don't support smoothing groups, the FBX Exporter will generate appropriate smoothing data at export-time so that correct vertex normals can be inferred while importing. 
[2017.03.07-21.02.39:817][837]FBXImport:Warning: Warning Warning: The imported mesh is very small. This is most likely an issue with the units used when exporting to FBX. 
[2017.03.07-21.02.39:848][837]LogFactory: FactoryCreateFile: StaticMesh with FbxFactory (0 0 C:\Users\Nick\Desktop\Naturpack\Models\naturePack_073.obj)
[2017.03.07-21.02.39:854][837]LogFbx: Loading FBX Scene from C:\Users\Nick\Desktop\Naturpack\Models\naturePack_073.obj
[2017.03.07-21.02.39:858][837]LogFbx: FBX Scene Loaded Succesfully
[2017.03.07-21.02.39:860][837]LogStaticMesh: Building static mesh naturePack_073...
[2017.03.07-21.02.39:911][837]LogStaticMesh: Built static mesh [0.05s] /Game/Trees/naturePack_073.naturePack_073
[2017.03.07-21.02.39:919][837]FBXImport:Warning: Warning No smoothing group information was found in this FBX scene.  Please make sure to enable the 'Export Smoothing Groups' option in the FBX Exporter plug-in before exporting the file.  Even for tools that don't support smoothing groups, the FBX Exporter will generate appropriate smoothing data at export-time so that correct vertex normals can be inferred while importing. 
[2017.03.07-21.02.39:919][837]FBXImport:Warning: Warning Warning: The imported mesh is very small. This is most likely an issue with the units used when exporting to FBX. 
[2017.03.07-21.02.58:703][238]LogFactory: FactoryCreateFile: StaticMesh with FbxFactory (0 0 C:\Users\Nick\Desktop\Naturpack\Models\naturePack_081.obj)
[2017.03.07-21.02.58:718][238]LogFbx: Loading FBX Scene from C:\Users\Nick\Desktop\Naturpack\Models\naturePack_081.obj
[2017.03.07-21.02.58:723][238]LogFbx: FBX Scene Loaded Succesfully
[2017.03.07-21.02.59:897][238]LogFbx: Loading FBX Scene from C:\Users\Nick\Desktop\Naturpack\Models\naturePack_081.obj
[2017.03.07-21.02.59:899][238]LogFbx: FBX Scene Loaded Succesfully
[2017.03.07-21.02.59:901][238]LogLinker: Can't find file '/Game/Trees/FrontColor'
[2017.03.07-21.02.59:901][238]LogLinker: Can't find file '/Game/Trees/FrontColor'
[2017.03.07-21.02.59:906][238]LogMaterial: Missing cached shader map for material FrontColor, compiling. 
[2017.03.07-21.02.59:944][238]LogStaticMesh: Building static mesh naturePack_081...
[2017.03.07-21.02.59:956][238]LogStaticMesh: Built static mesh [0.01s] /Game/Trees/naturePack_081.naturePack_081
[2017.03.07-21.02.59:963][238]FBXImport:Warning: Warning No smoothing group information was found in this FBX scene.  Please make sure to enable the 'Export Smoothing Groups' option in the FBX Exporter plug-in before exporting the file.  Even for tools that don't support smoothing groups, the FBX Exporter will generate appropriate smoothing data at export-time so that correct vertex normals can be inferred while importing. 
[2017.03.07-21.02.59:963][238]FBXImport:Warning: Warning Warning: The imported mesh is very small. This is most likely an issue with the units used when exporting to FBX. 
[2017.03.07-21.02.59:996][238]LogFactory: FactoryCreateFile: StaticMesh with FbxFactory (0 0 C:\Users\Nick\Desktop\Naturpack\Models\naturePack_085.obj)
[2017.03.07-21.03.00:003][238]LogFbx: Loading FBX Scene from C:\Users\Nick\Desktop\Naturpack\Models\naturePack_085.obj
[2017.03.07-21.03.00:007][238]LogFbx: FBX Scene Loaded Succesfully
[2017.03.07-21.03.00:010][238]LogStaticMesh: Building static mesh naturePack_085...
[2017.03.07-21.03.00:053][238]LogStaticMesh: Built static mesh [0.04s] /Game/Trees/naturePack_085.naturePack_085
[2017.03.07-21.03.00:058][238]FBXImport:Warning: Warning No smoothing group information was found in this FBX scene.  Please make sure to enable the 'Export Smoothing Groups' option in the FBX Exporter plug-in before exporting the file.  Even for tools that don't support smoothing groups, the FBX Exporter will generate appropriate smoothing data at export-time so that correct vertex normals can be inferred while importing. 
[2017.03.07-21.03.00:058][238]FBXImport:Warning: Warning Warning: The imported mesh is very small. This is most likely an issue with the units used when exporting to FBX. 
[2017.03.07-21.03.00:061][238]LogFactory: FactoryCreateFile: StaticMesh with FbxFactory (0 0 C:\Users\Nick\Desktop\Naturpack\Models\naturePack_088.obj)
[2017.03.07-21.03.00:068][238]LogFbx: Loading FBX Scene from C:\Users\Nick\Desktop\Naturpack\Models\naturePack_088.obj
[2017.03.07-21.03.00:071][238]LogFbx: FBX Scene Loaded Succesfully
[2017.03.07-21.03.00:073][238]LogStaticMesh: Building static mesh naturePack_088...
[2017.03.07-21.03.00:105][238]LogStaticMesh: Built static mesh [0.03s] /Game/Trees/naturePack_088.naturePack_088
[2017.03.07-21.03.00:118][238]FBXImport:Warning: Warning No smoothing group information was found in this FBX scene.  Please make sure to enable the 'Export Smoothing Groups' option in the FBX Exporter plug-in before exporting the file.  Even for tools that don't support smoothing groups, the FBX Exporter will generate appropriate smoothing data at export-time so that correct vertex normals can be inferred while importing. 
[2017.03.07-21.03.00:118][238]FBXImport:Warning: Warning Warning: The imported mesh is very small. This is most likely an issue with the units used when exporting to FBX. 
[2017.03.07-21.03.07:024][957]LogActorFactory: Actor Factory created naturePack_051
[2017.03.07-21.03.08:245][ 91]LogActorFactory: Actor Factory created naturePack_051
[2017.03.07-21.03.25:228][720]LogActorFactory: Actor Factory created naturePack_053
[2017.03.07-21.03.26:310][828]LogActorFactory: Actor Factory created naturePack_053
[2017.03.07-21.03.37:412][ 53]LogActorFactory: Actor Factory created naturePack_065
[2017.03.07-21.03.37:872][ 96]LogActorFactory: Actor Factory created naturePack_065
[2017.03.07-21.03.49:219][248]LogActorFactory: Actor Factory created naturePack_070
[2017.03.07-21.03.49:885][302]LogActorFactory: Actor Factory created naturePack_070
[2017.03.07-21.04.00:517][347]LogActorFactory: Actor Factory created naturePack_073
[2017.03.07-21.04.01:118][401]LogActorFactory: Actor Factory created naturePack_073
[2017.03.07-21.04.10:537][456]Cmd: OBJ SAVEPACKAGE PACKAGE="/Game/Maps/Example_Map" FILE="../../../../../../Unreal Projects/OcelotAndLory/OcelotAndLory/Content/Maps/Example_Map.umap" SILENT=true AUTOSAVING=false KEEPDIRTY=false
[2017.03.07-21.04.11:412][456]LogSavePackage: Save=839.93ms
[2017.03.07-21.04.11:413][456]LogSavePackage: Moving '../../../../../../Unreal Projects/OcelotAndLory/OcelotAndLory/Saved/Example_MapAF746C1A4E147B5000658D933C4F482E.tmp' to '../../../../../../Unreal Projects/OcelotAndLory/OcelotAndLory/Content/Maps/Example_Map.umap'
[2017.03.07-21.04.11:446][456]LogSavePackage:Display: Finished SavePackage ../../../../../../Unreal Projects/OcelotAndLory/OcelotAndLory/Content/Maps/Example_Map.umap
[2017.03.07-21.04.13:340][637]LogActorFactory: Actor Factory created naturePack_081
[2017.03.07-21.04.14:022][698]LogActorFactory: Actor Factory created naturePack_081
[2017.03.07-21.04.29:146][369]LogActorFactory: Actor Factory created naturePack_085
[2017.03.07-21.04.29:871][430]LogActorFactory: Actor Factory created naturePack_085
[2017.03.07-21.04.42:149][676]LogActorFactory: Actor Factory created naturePack_088
[2017.03.07-21.04.42:763][730]LogActorFactory: Actor Factory created naturePack_088
[2017.03.07-21.04.51:931][766]LogEditorViewport: Clicking on Actor (LMB): Landscape (Landscape1)
[2017.03.07-21.05.02:772][ 91]Cmd: OBJ SAVEPACKAGE PACKAGE="/Game/Maps/Example_Map" FILE="../../../../../../Unreal Projects/OcelotAndLory/OcelotAndLory/Content/Maps/Example_Map.umap" SILENT=true AUTOSAVING=false KEEPDIRTY=false
[2017.03.07-21.05.03:628][ 91]LogSavePackage: Save=842.05ms
[2017.03.07-21.05.03:628][ 91]LogSavePackage: Moving '../../../../../../Unreal Projects/OcelotAndLory/OcelotAndLory/Saved/Example_Map4844A9C441B659F14AA332BF9A8157DA.tmp' to '../../../../../../Unreal Projects/OcelotAndLory/OcelotAndLory/Content/Maps/Example_Map.umap'
[2017.03.07-21.05.03:635][ 91]LogSavePackage:Display: Finished SavePackage ../../../../../../Unreal Projects/OcelotAndLory/OcelotAndLory/Content/Maps/Example_Map.umap
[2017.03.07-21.05.03:659][ 91]LogFileHelpers: Saving map 'Example_Map' took 8.610
[2017.03.07-21.05.03:677][ 91]Cmd: OBJ SAVEPACKAGE PACKAGE="/Game/Trees/naturePack_051" FILE="../../../../../../Unreal Projects/OcelotAndLory/OcelotAndLory/Content/Trees/naturePack_051.uasset" SILENT=true
[2017.03.07-21.05.03:692][ 91]LogSavePackage: Save=12.43ms
[2017.03.07-21.05.03:692][ 91]LogSavePackage: Moving '../../../../../../Unreal Projects/OcelotAndLory/OcelotAndLory/Saved/naturePack_051A90F6E5B47D4E3AF9C1C1AAA1FBC317D.tmp' to '../../../../../../Unreal Projects/OcelotAndLory/OcelotAndLory/Content/Trees/naturePack_051.uasset'
[2017.03.07-21.05.03:696][ 91]LogSavePackage:Display: Finished SavePackage ../../../../../../Unreal Projects/OcelotAndLory/OcelotAndLory/Content/Trees/naturePack_051.uasset
[2017.03.07-21.05.03:713][ 91]Cmd: OBJ SAVEPACKAGE PACKAGE="/Game/Trees/Leafs" FILE="../../../../../../Unreal Projects/OcelotAndLory/OcelotAndLory/Content/Trees/Leafs.uasset" SILENT=true
[2017.03.07-21.05.03:729][ 91]LogSavePackage: Save=13.29ms
[2017.03.07-21.05.03:729][ 91]LogSavePackage: Moving '../../../../../../Unreal Projects/OcelotAndLory/OcelotAndLory/Saved/LeafsBE2FA8314D1C974CC5FF65B5BF09DED2.tmp' to '../../../../../../Unreal Projects/OcelotAndLory/OcelotAndLory/Content/Trees/Leafs.uasset'
[2017.03.07-21.05.03:733][ 91]LogSavePackage:Display: Finished SavePackage ../../../../../../Unreal Projects/OcelotAndLory/OcelotAndLory/Content/Trees/Leafs.uasset
[2017.03.07-21.05.03:750][ 91]Cmd: OBJ SAVEPACKAGE PACKAGE="/Game/Trees/Wood" FILE="../../../../../../Unreal Projects/OcelotAndLory/OcelotAndLory/Content/Trees/Wood.uasset" SILENT=true
[2017.03.07-21.05.03:765][ 91]LogSavePackage: Save=12.65ms
[2017.03.07-21.05.03:765][ 91]LogSavePackage: Moving '../../../../../../Unreal Projects/OcelotAndLory/OcelotAndLory/Saved/WoodBE15EDB3471043C7D1045F9F0478CCDE.tmp' to '../../../../../../Unreal Projects/OcelotAndLory/OcelotAndLory/Content/Trees/Wood.uasset'
[2017.03.07-21.05.03:769][ 91]LogSavePackage:Display: Finished SavePackage ../../../../../../Unreal Projects/OcelotAndLory/OcelotAndLory/Content/Trees/Wood.uasset
[2017.03.07-21.05.03:783][ 91]Cmd: OBJ SAVEPACKAGE PACKAGE="/Game/Trees/naturePack_053" FILE="../../../../../../Unreal Projects/OcelotAndLory/OcelotAndLory/Content/Trees/naturePack_053.uasset" SILENT=true
[2017.03.07-21.05.03:797][ 91]LogSavePackage: Save=10.82ms
[2017.03.07-21.05.03:797][ 91]LogSavePackage: Moving '../../../../../../Unreal Projects/OcelotAndLory/OcelotAndLory/Saved/naturePack_053F86FEEE844832B62604D0C889BC014EA.tmp' to '../../../../../../Unreal Projects/OcelotAndLory/OcelotAndLory/Content/Trees/naturePack_053.uasset'
[2017.03.07-21.05.03:800][ 91]LogSavePackage:Display: Finished SavePackage ../../../../../../Unreal Projects/OcelotAndLory/OcelotAndLory/Content/Trees/naturePack_053.uasset
[2017.03.07-21.05.03:814][ 91]Cmd: OBJ SAVEPACKAGE PACKAGE="/Game/Trees/naturePack_065" FILE="../../../../../../Unreal Projects/OcelotAndLory/OcelotAndLory/Content/Trees/naturePack_065.uasset" SILENT=true
[2017.03.07-21.05.03:827][ 91]LogSavePackage: Save=10.79ms
[2017.03.07-21.05.03:827][ 91]LogSavePackage: Moving '../../../../../../Unreal Projects/OcelotAndLory/OcelotAndLory/Saved/naturePack_065B09C127A40BDB875DBA54384CC20985E.tmp' to '../../../../../../Unreal Projects/OcelotAndLory/OcelotAndLory/Content/Trees/naturePack_065.uasset'
[2017.03.07-21.05.03:831][ 91]LogSavePackage:Display: Finished SavePackage ../../../../../../Unreal Projects/OcelotAndLory/OcelotAndLory/Content/Trees/naturePack_065.uasset
[2017.03.07-21.05.03:845][ 91]Cmd: OBJ SAVEPACKAGE PACKAGE="/Game/Trees/naturePack_070" FILE="../../../../../../Unreal Projects/OcelotAndLory/OcelotAndLory/Content/Trees/naturePack_070.uasset" SILENT=true
[2017.03.07-21.05.03:859][ 91]LogSavePackage: Save=11.37ms
[2017.03.07-21.05.03:859][ 91]LogSavePackage: Moving '../../../../../../Unreal Projects/OcelotAndLory/OcelotAndLory/Saved/naturePack_070321F85894EAEC4B15D16648D09B13668.tmp' to '../../../../../../Unreal Projects/OcelotAndLory/OcelotAndLory/Content/Trees/naturePack_070.uasset'
[2017.03.07-21.05.03:863][ 91]LogSavePackage:Display: Finished SavePackage ../../../../../../Unreal Projects/OcelotAndLory/OcelotAndLory/Content/Trees/naturePack_070.uasset
[2017.03.07-21.05.03:878][ 91]Cmd: OBJ SAVEPACKAGE PACKAGE="/Game/Trees/Green_leafs" FILE="../../../../../../Unreal Projects/OcelotAndLory/OcelotAndLory/Content/Trees/Green_leafs.uasset" SILENT=true
[2017.03.07-21.05.03:893][ 91]LogSavePackage: Save=12.84ms
[2017.03.07-21.05.03:893][ 91]LogSavePackage: Moving '../../../../../../Unreal Projects/OcelotAndLory/OcelotAndLory/Saved/Green_leafs15A5733A4783017239A305B167B237D0.tmp' to '../../../../../../Unreal Projects/OcelotAndLory/OcelotAndLory/Content/Trees/Green_leafs.uasset'
[2017.03.07-21.05.03:897][ 91]LogSavePackage:Display: Finished SavePackage ../../../../../../Unreal Projects/OcelotAndLory/OcelotAndLory/Content/Trees/Green_leafs.uasset
[2017.03.07-21.05.03:911][ 91]Cmd: OBJ SAVEPACKAGE PACKAGE="/Game/Trees/naturePack_073" FILE="../../../../../../Unreal Projects/OcelotAndLory/OcelotAndLory/Content/Trees/naturePack_073.uasset" SILENT=true
[2017.03.07-21.05.03:925][ 91]LogSavePackage: Save=11.20ms
[2017.03.07-21.05.03:925][ 91]LogSavePackage: Moving '../../../../../../Unreal Projects/OcelotAndLory/OcelotAndLory/Saved/naturePack_0732A046B8D47DD938BABA03AA823B4D178.tmp' to '../../../../../../Unreal Projects/OcelotAndLory/OcelotAndLory/Content/Trees/naturePack_073.uasset'
[2017.03.07-21.05.03:928][ 91]LogSavePackage:Display: Finished SavePackage ../../../../../../Unreal Projects/OcelotAndLory/OcelotAndLory/Content/Trees/naturePack_073.uasset
[2017.03.07-21.05.03:942][ 91]Cmd: OBJ SAVEPACKAGE PACKAGE="/Game/Trees/naturePack_081" FILE="../../../../../../Unreal Projects/OcelotAndLory/OcelotAndLory/Content/Trees/naturePack_081.uasset" SILENT=true
[2017.03.07-21.05.03:955][ 91]LogSavePackage: Save=11.13ms
[2017.03.07-21.05.03:956][ 91]LogSavePackage: Moving '../../../../../../Unreal Projects/OcelotAndLory/OcelotAndLory/Saved/naturePack_081A490A1004D7F2F12D3E9828B0535EC4B.tmp' to '../../../../../../Unreal Projects/OcelotAndLory/OcelotAndLory/Content/Trees/naturePack_081.uasset'
[2017.03.07-21.05.03:959][ 91]LogSavePackage:Display: Finished SavePackage ../../../../../../Unreal Projects/OcelotAndLory/OcelotAndLory/Content/Trees/naturePack_081.uasset
[2017.03.07-21.05.03:978][ 91]Cmd: OBJ SAVEPACKAGE PACKAGE="/Game/Trees/FrontColor" FILE="../../../../../../Unreal Projects/OcelotAndLory/OcelotAndLory/Content/Trees/FrontColor.uasset" SILENT=true
[2017.03.07-21.05.03:992][ 91]LogSavePackage: Save=12.07ms
[2017.03.07-21.05.03:992][ 91]LogSavePackage: Moving '../../../../../../Unreal Projects/OcelotAndLory/OcelotAndLory/Saved/FrontColor31C2DCFD497561CCE197FCA9B9E97E9C.tmp' to '../../../../../../Unreal Projects/OcelotAndLory/OcelotAndLory/Content/Trees/FrontColor.uasset'
[2017.03.07-21.05.03:995][ 91]LogSavePackage:Display: Finished SavePackage ../../../../../../Unreal Projects/OcelotAndLory/OcelotAndLory/Content/Trees/FrontColor.uasset
[2017.03.07-21.05.04:010][ 91]Cmd: OBJ SAVEPACKAGE PACKAGE="/Game/Trees/naturePack_085" FILE="../../../../../../Unreal Projects/OcelotAndLory/OcelotAndLory/Content/Trees/naturePack_085.uasset" SILENT=true
[2017.03.07-21.05.04:023][ 91]LogSavePackage: Save=11.07ms
[2017.03.07-21.05.04:023][ 91]LogSavePackage: Moving '../../../../../../Unreal Projects/OcelotAndLory/OcelotAndLory/Saved/naturePack_085E7DE94AE493BA50F911BE092FAF618CF.tmp' to '../../../../../../Unreal Projects/OcelotAndLory/OcelotAndLory/Content/Trees/naturePack_085.uasset'
[2017.03.07-21.05.04:026][ 91]LogSavePackage:Display: Finished SavePackage ../../../../../../Unreal Projects/OcelotAndLory/OcelotAndLory/Content/Trees/naturePack_085.uasset
[2017.03.07-21.05.04:040][ 91]Cmd: OBJ SAVEPACKAGE PACKAGE="/Game/Trees/naturePack_088" FILE="../../../../../../Unreal Projects/OcelotAndLory/OcelotAndLory/Content/Trees/naturePack_088.uasset" SILENT=true
[2017.03.07-21.05.04:053][ 91]LogSavePackage: Save=10.79ms
[2017.03.07-21.05.04:053][ 91]LogSavePackage: Moving '../../../../../../Unreal Projects/OcelotAndLory/OcelotAndLory/Saved/naturePack_088EB8B496049F81E2DBB503098A4AE5753.tmp' to '../../../../../../Unreal Projects/OcelotAndLory/OcelotAndLory/Content/Trees/naturePack_088.uasset'
[2017.03.07-21.05.04:057][ 91]LogSavePackage:Display: Finished SavePackage ../../../../../../Unreal Projects/OcelotAndLory/OcelotAndLory/Content/Trees/naturePack_088.uasset
[2017.03.07-21.05.05:136][205]LogTemp: Repeting last play command: Selected Viewport
[2017.03.07-21.05.05:148][205]LogBlueprintUserMessages: Early PlayInEditor Detection: Level '/Game/Maps/Example_Map.Example_Map:PersistentLevel' has LevelScriptBlueprint '/Game/Maps/Example_Map.Example_Map:PersistentLevel.Example_Map' with GeneratedClass '/Game/Maps/Example_Map.Example_Map_C' with ClassGeneratedBy '/Game/Maps/Example_Map.Example_Map:PersistentLevel.Example_Map'
[2017.03.07-21.05.05:148][205]LogPlayLevel: PlayLevel: No blueprints needed recompiling
[2017.03.07-21.05.05:148][205]PIE: New page: PIE session: Example_Map (Mar 7, 2017, 11:05:05 AM)
[2017.03.07-21.05.05:148][205]LogPlayLevel: Creating play world package: /Game/Maps/UEDPIE_0_Example_Map
[2017.03.07-21.05.05:284][205]LogPlayLevel: PIE: StaticDuplicateObject took: (0.135583s)
[2017.03.07-21.05.05:284][205]LogAIModule: Creating AISystem for world Example_Map
[2017.03.07-21.05.05:285][205]LogPlayLevel: PIE: World Init took: (0.001002s)
[2017.03.07-21.05.05:285][205]LogPlayLevel: PIE: Created PIE world by copying editor world from /Game/Maps/Example_Map.Example_Map to /Game/Maps/UEDPIE_0_Example_Map.Example_Map (0.136801s)
[2017.03.07-21.05.05:308][205]LogInit: XAudio2 using 'Line Out (Scarlett 2i4 USB)' : 2 channels at 44.1 kHz using 16 bits per sample (channel mask 0x3)
[2017.03.07-21.05.05:312][205]LogInit: FAudioDevice initialized.
[2017.03.07-21.05.05:423][205]LogBlueprint:Warning: Node '/Game/Blueprints/MyCharacter.MyCharacter:EdGraph_0.K2Node_FunctionEntry_19' missing NodeGuid because of upgrade from old package version, this can cause deterministic cooking issues please resave package.
[2017.03.07-21.05.05:433][205]LogBlueprint:Warning: Node '/Game/Blueprints/MyCharacter.MyCharacter:EdGraph_1.K2Node_FunctionEntry_19' missing NodeGuid because of upgrade from old package version, this can cause deterministic cooking issues please resave package.
[2017.03.07-21.05.05:445][205]LogBlueprint:Warning: Node '/Game/Blueprints/MyCharacter.MyCharacter:EdGraph_2.K2Node_FunctionEntry_19' missing NodeGuid because of upgrade from old package version, this can cause deterministic cooking issues please resave package.
[2017.03.07-21.05.05:449][205]LogBlueprint:Warning: Node '/Game/Blueprints/MyGame.MyGame:EdGraph_0.K2Node_FunctionEntry_34' missing NodeGuid because of upgrade from old package version, this can cause deterministic cooking issues please resave package.
[2017.03.07-21.05.05:450][205]LogBlueprint:Warning: Node '/Game/Blueprints/MyGame.MyGame:EdGraph_1.K2Node_FunctionEntry_34' missing NodeGuid because of upgrade from old package version, this can cause deterministic cooking issues please resave package.
[2017.03.07-21.05.05:461][205]LogBlueprint:Warning: Node '/Game/Character/HeroTPP_AnimBlueprint.HeroTPP_AnimBlueprint:AnimGraph.AnimGraphNode_StateMachine_1.Default.AnimStateNode_1.Idle/Run.AnimGraphNode_BlendSpacePlayer_9' missing NodeGuid because of upgrade from old package version, this can cause deterministic cooking issues please resave package.
[2017.03.07-21.05.05:461][205]LogBlueprint:Warning: Node '/Game/Character/HeroTPP_AnimBlueprint.HeroTPP_AnimBlueprint:AnimGraph.AnimGraphNode_Root_5' missing NodeGuid because of upgrade from old package version, this can cause deterministic cooking issues please resave package.
[2017.03.07-21.05.05:461][205]LogBlueprint:Warning: Node '/Game/Character/HeroTPP_AnimBlueprint.HeroTPP_AnimBlueprint:AnimGraph.AnimGraphNode_StateMachine_1.Default.AnimStateNode_4.JumpStart.AnimGraphNode_SequencePlayer_34' missing NodeGuid because of upgrade from old package version, this can cause deterministic cooking issues please resave package.
[2017.03.07-21.05.05:461][205]LogBlueprint:Warning: Node '/Game/Character/HeroTPP_AnimBlueprint.HeroTPP_AnimBlueprint:AnimGraph.AnimGraphNode_StateMachine_1.Default.AnimStateNode_6.JumpLoop.AnimGraphNode_SequencePlayer_40' missing NodeGuid because of upgrade from old package version, this can cause deterministic cooking issues please resave package.
[2017.03.07-21.05.05:461][205]LogBlueprint:Warning: Node '/Game/Character/HeroTPP_AnimBlueprint.HeroTPP_AnimBlueprint:AnimGraph.AnimGraphNode_StateMachine_1.Default.AnimStateNode_8.JumpEnd.AnimGraphNode_SequencePlayer_46' missing NodeGuid because of upgrade from old package version, this can cause deterministic cooking issues please resave package.
[2017.03.07-21.05.05:461][205]LogBlueprint:Warning: Node '/Game/Character/HeroTPP_AnimBlueprint.HeroTPP_AnimBlueprint:AnimGraph.AnimGraphNode_StateMachine_1' missing NodeGuid because of upgrade from old package version, this can cause deterministic cooking issues please resave package.
[2017.03.07-21.05.05:461][205]LogBlueprint:Warning: Node '/Game/Character/HeroTPP_AnimBlueprint.HeroTPP_AnimBlueprint:AnimGraph.AnimGraphNode_StateMachine_1.Default.AnimStateNode_1.Idle/Run.AnimGraphNode_StateResult_0' missing NodeGuid because of upgrade from old package version, this can cause deterministic cooking issues please resave package.
[2017.03.07-21.05.05:461][205]LogBlueprint:Warning: Node '/Game/Character/HeroTPP_AnimBlueprint.HeroTPP_AnimBlueprint:AnimGraph.AnimGraphNode_StateMachine_1.Default.AnimStateNode_4.JumpStart.AnimGraphNode_StateResult_9' missing NodeGuid because of upgrade from old package version, this can cause deterministic cooking issues please resave package.
[2017.03.07-21.05.05:461][205]LogBlueprint:Warning: Node '/Game/Character/HeroTPP_AnimBlueprint.HeroTPP_AnimBlueprint:AnimGraph.AnimGraphNode_StateMachine_1.Default.AnimStateNode_6.JumpLoop.AnimGraphNode_StateResult_16' missing NodeGuid because of upgrade from old package version, this can cause deterministic cooking issues please resave package.
[2017.03.07-21.05.05:461][205]LogBlueprint:Warning: Node '/Game/Character/HeroTPP_AnimBlueprint.HeroTPP_AnimBlueprint:AnimGraph.AnimGraphNode_StateMachine_1.Default.AnimStateNode_8.JumpEnd.AnimGraphNode_StateResult_26' missing NodeGuid because of upgrade from old package version, this can cause deterministic cooking issues please resave package.
[2017.03.07-21.05.05:461][205]LogBlueprint:Warning: Node '/Game/Character/HeroTPP_AnimBlueprint.HeroTPP_AnimBlueprint:AnimGraph.AnimGraphNode_StateMachine_1.Default.AnimStateTransitionNode_1.Transition.AnimGraphNode_TransitionResult_0' missing NodeGuid because of upgrade from old package version, this can cause deterministic cooking issues please resave package.
[2017.03.07-21.05.05:461][205]LogBlueprint:Warning: Node '/Game/Character/HeroTPP_AnimBlueprint.HeroTPP_AnimBlueprint:AnimGraph.AnimGraphNode_StateMachine_1.Default.AnimStateTransitionNode_3.Transition.AnimGraphNode_TransitionResult_3' missing NodeGuid because of upgrade from old package version, this can cause deterministic cooking issues please resave package.
[2017.03.07-21.05.05:461][205]LogBlueprint:Warning: Node '/Game/Character/HeroTPP_AnimBlueprint.HeroTPP_AnimBlueprint:AnimGraph.AnimGraphNode_StateMachine_1.Default.AnimStateTransitionNode_5.Transition.AnimGraphNode_TransitionResult_9' missing NodeGuid because of upgrade from old package version, this can cause deterministic cooking issues please resave package.
[2017.03.07-21.05.05:461][205]LogBlueprint:Warning: Node '/Game/Character/HeroTPP_AnimBlueprint.HeroTPP_AnimBlueprint:AnimGraph.AnimGraphNode_StateMachine_1.Default.AnimStateTransitionNode_7.Transition.AnimGraphNode_TransitionResult_18' missing NodeGuid because of upgrade from old package version, this can cause deterministic cooking issues please resave package.
[2017.03.07-21.05.05:461][205]LogBlueprint:Warning: Node '/Game/Character/HeroTPP_AnimBlueprint.HeroTPP_AnimBlueprint:AnimGraph.AnimGraphNode_StateMachine_1.Default.AnimStateEntryNode_0' missing NodeGuid because of upgrade from old package version, this can cause deterministic cooking issues please resave package.
[2017.03.07-21.05.05:461][205]LogBlueprint:Warning: Node '/Game/Character/HeroTPP_AnimBlueprint.HeroTPP_AnimBlueprint:AnimGraph.AnimGraphNode_StateMachine_1.Default.AnimStateNode_1' missing NodeGuid because of upgrade from old package version, this can cause deterministic cooking issues please resave package.
[2017.03.07-21.05.05:461][205]LogBlueprint:Warning: Node '/Game/Character/HeroTPP_AnimBlueprint.HeroTPP_AnimBlueprint:AnimGraph.AnimGraphNode_StateMachine_1.Default.AnimStateNode_4' missing NodeGuid because of upgrade from old package version, this can cause deterministic cooking issues please resave package.
[2017.03.07-21.05.05:461][205]LogBlueprint:Warning: Node '/Game/Character/HeroTPP_AnimBlueprint.HeroTPP_AnimBlueprint:AnimGraph.AnimGraphNode_StateMachine_1.Default.AnimStateNode_6' missing NodeGuid because of upgrade from old package version, this can cause deterministic cooking issues please resave package.
[2017.03.07-21.05.05:461][205]LogBlueprint:Warning: Node '/Game/Character/HeroTPP_AnimBlueprint.HeroTPP_AnimBlueprint:AnimGraph.AnimGraphNode_StateMachine_1.Default.AnimStateNode_8' missing NodeGuid because of upgrade from old package version, this can cause deterministic cooking issues please resave package.
[2017.03.07-21.05.05:461][205]LogBlueprint:Warning: Node '/Game/Character/HeroTPP_AnimBlueprint.HeroTPP_AnimBlueprint:AnimGraph.AnimGraphNode_StateMachine_1.Default.AnimStateTransitionNode_1' missing NodeGuid because of upgrade from old package version, this can cause deterministic cooking issues please resave package.
[2017.03.07-21.05.05:461][205]LogBlueprint:Warning: Node '/Game/Character/HeroTPP_AnimBlueprint.HeroTPP_AnimBlueprint:AnimGraph.AnimGraphNode_StateMachine_1.Default.AnimStateTransitionNode_3' missing NodeGuid because of upgrade from old package version, this can cause deterministic cooking issues please resave package.
[2017.03.07-21.05.05:461][205]LogBlueprint:Warning: Node '/Game/Character/HeroTPP_AnimBlueprint.HeroTPP_AnimBlueprint:AnimGraph.AnimGraphNode_StateMachine_1.Default.AnimStateTransitionNode_5' missing NodeGuid because of upgrade from old package version, this can cause deterministic cooking issues please resave package.
[2017.03.07-21.05.05:461][205]LogBlueprint:Warning: Node '/Game/Character/HeroTPP_AnimBlueprint.HeroTPP_AnimBlueprint:AnimGraph.AnimGraphNode_StateMachine_1.Default.AnimStateTransitionNode_7' missing NodeGuid because of upgrade from old package version, this can cause deterministic cooking issues please resave package.
[2017.03.07-21.05.05:461][205]LogBlueprint:Warning: Node '/Game/Character/HeroTPP_AnimBlueprint.HeroTPP_AnimBlueprint:EventGraph.EdGraphNode_Comment_19' missing NodeGuid because of upgrade from old package version, this can cause deterministic cooking issues please resave package.
[2017.03.07-21.05.05:461][205]LogBlueprint:Warning: Node '/Game/Character/HeroTPP_AnimBlueprint.HeroTPP_AnimBlueprint:EventGraph.K2Node_Comment_22' missing NodeGuid because of upgrade from old package version, this can cause deterministic cooking issues please resave package.
[2017.03.07-21.05.05:461][205]LogBlueprint:Warning: Node '/Game/Character/HeroTPP_AnimBlueprint.HeroTPP_AnimBlueprint:EventGraph.K2Node_Comment_25' missing NodeGuid because of upgrade from old package version, this can cause deterministic cooking issues please resave package.
[2017.03.07-21.05.05:462][205]LogBlueprint:Warning: Node '/Game/Character/HeroTPP_AnimBlueprint.HeroTPP_AnimBlueprint:AnimGraph.AnimGraphNode_StateMachine_1.Default.AnimStateTransitionNode_3.Transition.K2Node_CallFunction_7960' missing NodeGuid because of upgrade from old package version, this can cause deterministic cooking issues please resave package.
[2017.03.07-21.05.05:462][205]LogBlueprint:Warning: Node '/Game/Character/HeroTPP_AnimBlueprint.HeroTPP_AnimBlueprint:AnimGraph.AnimGraphNode_StateMachine_1.Default.AnimStateTransitionNode_5.Transition.K2Node_CallFunction_8008' missing NodeGuid because of upgrade from old package version, this can cause deterministic cooking issues please resave package.
[2017.03.07-21.05.05:462][205]LogBlueprint:Warning: Node '/Game/Character/HeroTPP_AnimBlueprint.HeroTPP_AnimBlueprint:AnimGraph.AnimGraphNode_StateMachine_1.Default.AnimStateTransitionNode_7.Transition.K2Node_CallFunction_8428' missing NodeGuid because of upgrade from old package version, this can cause deterministic cooking issues please resave package.
[2017.03.07-21.05.05:462][205]LogBlueprint:Warning: Node '/Game/Character/HeroTPP_AnimBlueprint.HeroTPP_AnimBlueprint:EventGraph.K2Node_CallFunction_11813' missing NodeGuid because of upgrade from old package version, this can cause deterministic cooking issues please resave package.
[2017.03.07-21.05.05:462][205]LogBlueprint:Warning: Node '/Game/Character/HeroTPP_AnimBlueprint.HeroTPP_AnimBlueprint:EventGraph.K2Node_CallFunction_11990' missing NodeGuid because of upgrade from old package version, this can cause deterministic cooking issues please resave package.
[2017.03.07-21.05.05:462][205]LogBlueprint:Warning: Node '/Game/Character/HeroTPP_AnimBlueprint.HeroTPP_AnimBlueprint:EventGraph.K2Node_CallFunction_2246' missing NodeGuid because of upgrade from old package version, this can cause deterministic cooking issues please resave package.
[2017.03.07-21.05.05:462][205]LogBlueprint:Warning: Node '/Game/Character/HeroTPP_AnimBlueprint.HeroTPP_AnimBlueprint:EventGraph.K2Node_CallFunction_2731' missing NodeGuid because of upgrade from old package version, this can cause deterministic cooking issues please resave package.
[2017.03.07-21.05.05:462][205]LogBlueprint:Warning: Node '/Game/Character/HeroTPP_AnimBlueprint.HeroTPP_AnimBlueprint:EventGraph.K2Node_CallFunction_846' missing NodeGuid because of upgrade from old package version, this can cause deterministic cooking issues please resave package.
[2017.03.07-21.05.05:462][205]LogBlueprint:Warning: Node '/Game/Character/HeroTPP_AnimBlueprint.HeroTPP_AnimBlueprint:EventGraph.K2Node_Event_14' missing NodeGuid because of upgrade from old package version, this can cause deterministic cooking issues please resave package.
[2017.03.07-21.05.05:462][205]LogBlueprint:Warning: Node '/Game/Character/HeroTPP_AnimBlueprint.HeroTPP_AnimBlueprint:EventGraph.K2Node_MacroInstance_40' missing NodeGuid because of upgrade from old package version, this can cause deterministic cooking issues please resave package.
[2017.03.07-21.05.05:462][205]LogBlueprint:Warning: Node '/Game/Character/HeroTPP_AnimBlueprint.HeroTPP_AnimBlueprint:AnimGraph.AnimGraphNode_StateMachine_1.Default.AnimStateTransitionNode_3.Transition.K2Node_TransitionRuleGetter_44' missing NodeGuid because of upgrade from old package version, this can cause deterministic cooking issues please resave package.
[2017.03.07-21.05.05:462][205]LogBlueprint:Warning: Node '/Game/Character/HeroTPP_AnimBlueprint.HeroTPP_AnimBlueprint:AnimGraph.AnimGraphNode_StateMachine_1.Default.AnimStateTransitionNode_7.Transition.K2Node_TransitionRuleGetter_53' missing NodeGuid because of upgrade from old package version, this can cause deterministic cooking issues please resave package.
[2017.03.07-21.05.05:462][205]LogBlueprint:Warning: Node '/Game/Character/HeroTPP_AnimBlueprint.HeroTPP_AnimBlueprint:AnimGraph.AnimGraphNode_StateMachine_1.Default.AnimStateNode_1.Idle/Run.K2Node_VariableGet_75' missing NodeGuid because of upgrade from old package version, this can cause deterministic cooking issues please resave package.
[2017.03.07-21.05.05:462][205]LogBlueprint:Warning: Node '/Game/Character/HeroTPP_AnimBlueprint.HeroTPP_AnimBlueprint:AnimGraph.AnimGraphNode_StateMachine_1.Default.AnimStateTransitionNode_1.Transition.K2Node_VariableGet_120' missing NodeGuid because of upgrade from old package version, this can cause deterministic cooking issues please resave package.
[2017.03.07-21.05.05:462][205]LogBlueprint:Warning: Node '/Game/Character/HeroTPP_AnimBlueprint.HeroTPP_AnimBlueprint:AnimGraph.AnimGraphNode_StateMachine_1.Default.AnimStateTransitionNode_5.Transition.K2Node_VariableGet_122' missing NodeGuid because of upgrade from old package version, this can cause deterministic cooking issues please resave package.
[2017.03.07-21.05.05:462][205]LogBlueprint:Warning: Node '/Game/Character/HeroTPP_AnimBlueprint.HeroTPP_AnimBlueprint:EventGraph.K2Node_VariableSet_24' missing NodeGuid because of upgrade from old package version, this can cause deterministic cooking issues please resave package.
[2017.03.07-21.05.05:462][205]LogBlueprint:Warning: Node '/Game/Character/HeroTPP_AnimBlueprint.HeroTPP_AnimBlueprint:EventGraph.K2Node_VariableSet_64' missing NodeGuid because of upgrade from old package version, this can cause deterministic cooking issues please resave package.
[2017.03.07-21.05.05:463][205]LogBlueprint:Warning: Node '/Game/Blueprints/MyGame.MyGame:UserConstructionScript.K2Node_FunctionEntry_34' missing NodeGuid because of upgrade from old package version, this can cause deterministic cooking issues please resave package.
[2017.03.07-21.05.05:471][205]LogBlueprint:Warning: Node '/Game/Blueprints/MyCharacter.MyCharacter:EventGraph.EdGraphNode_Comment_42' missing NodeGuid because of upgrade from old package version, this can cause deterministic cooking issues please resave package.
[2017.03.07-21.05.05:471][205]LogBlueprint:Warning: Node '/Game/Blueprints/MyCharacter.MyCharacter:EventGraph.EdGraphNode_Comment_93' missing NodeGuid because of upgrade from old package version, this can cause deterministic cooking issues please resave package.
[2017.03.07-21.05.05:471][205]LogBlueprint:Warning: Node '/Game/Blueprints/MyCharacter.MyCharacter:EventGraph.K2Node_Comment_1' missing NodeGuid because of upgrade from old package version, this can cause deterministic cooking issues please resave package.
[2017.03.07-21.05.05:471][205]LogBlueprint:Warning: Node '/Game/Blueprints/MyCharacter.MyCharacter:EventGraph.K2Node_Comment_39' missing NodeGuid because of upgrade from old package version, this can cause deterministic cooking issues please resave package.
[2017.03.07-21.05.05:471][205]LogBlueprint:Warning: Node '/Game/Blueprints/MyCharacter.MyCharacter:EventGraph.K2Node_Comment_56' missing NodeGuid because of upgrade from old package version, this can cause deterministic cooking issues please resave package.
[2017.03.07-21.05.05:471][205]LogBlueprint:Warning: Node '/Game/Blueprints/MyCharacter.MyCharacter:EventGraph.K2Node_CallFunction_1193' missing NodeGuid because of upgrade from old package version, this can cause deterministic cooking issues please resave package.
[2017.03.07-21.05.05:471][205]LogBlueprint:Warning: Node '/Game/Blueprints/MyCharacter.MyCharacter:EventGraph.K2Node_CallFunction_20844' missing NodeGuid because of upgrade from old package version, this can cause deterministic cooking issues please resave package.
[2017.03.07-21.05.05:471][205]LogBlueprint:Warning: Node '/Game/Blueprints/MyCharacter.MyCharacter:EventGraph.K2Node_CallFunction_21305' missing NodeGuid because of upgrade from old package version, this can cause deterministic cooking issues please resave package.
[2017.03.07-21.05.05:471][205]LogBlueprint:Warning: Node '/Game/Blueprints/MyCharacter.MyCharacter:EventGraph.K2Node_CallFunction_3334' missing NodeGuid because of upgrade from old package version, this can cause deterministic cooking issues please resave package.
[2017.03.07-21.05.05:472][205]LogBlueprint:Warning: Node '/Game/Blueprints/MyCharacter.MyCharacter:EventGraph.K2Node_CallFunction_3716' missing NodeGuid because of upgrade from old package version, this can cause deterministic cooking issues please resave package.
[2017.03.07-21.05.05:472][205]LogBlueprint:Warning: Node '/Game/Blueprints/MyCharacter.MyCharacter:EventGraph.K2Node_CallFunction_4184' missing NodeGuid because of upgrade from old package version, this can cause deterministic cooking issues please resave package.
[2017.03.07-21.05.05:472][205]LogBlueprint:Warning: Node '/Game/Blueprints/MyCharacter.MyCharacter:EventGraph.K2Node_CallFunction_4223' missing NodeGuid because of upgrade from old package version, this can cause deterministic cooking issues please resave package.
[2017.03.07-21.05.05:472][205]LogBlueprint:Warning: Node '/Game/Blueprints/MyCharacter.MyCharacter:EventGraph.K2Node_CallFunction_4678' missing NodeGuid because of upgrade from old package version, this can cause deterministic cooking issues please resave package.
[2017.03.07-21.05.05:472][205]LogBlueprint:Warning: Node '/Game/Blueprints/MyCharacter.MyCharacter:EventGraph.K2Node_CallFunction_7346' missing NodeGuid because of upgrade from old package version, this can cause deterministic cooking issues please resave package.
[2017.03.07-21.05.05:472][205]LogBlueprint:Warning: Node '/Game/Blueprints/MyCharacter.MyCharacter:EventGraph.K2Node_CallFunction_7445' missing NodeGuid because of upgrade from old package version, this can cause deterministic cooking issues please resave package.
[2017.03.07-21.05.05:472][205]LogBlueprint:Warning: Node '/Game/Blueprints/MyCharacter.MyCharacter:EventGraph.K2Node_CallFunction_8160' missing NodeGuid because of upgrade from old package version, this can cause deterministic cooking issues please resave package.
[2017.03.07-21.05.05:472][205]LogBlueprint:Warning: Node '/Game/Blueprints/MyCharacter.MyCharacter:EventGraph.K2Node_CallFunction_8427' missing NodeGuid because of upgrade from old package version, this can cause deterministic cooking issues please resave package.
[2017.03.07-21.05.05:472][205]LogBlueprint:Warning: Node '/Game/Blueprints/MyCharacter.MyCharacter:EventGraph.K2Node_CallFunction_8428' missing NodeGuid because of upgrade from old package version, this can cause deterministic cooking issues please resave package.
[2017.03.07-21.05.05:472][205]LogBlueprint:Warning: Node '/Game/Blueprints/MyCharacter.MyCharacter:EventGraph.K2Node_CallFunction_8733' missing NodeGuid because of upgrade from old package version, this can cause deterministic cooking issues please resave package.
[2017.03.07-21.05.05:472][205]LogBlueprint:Warning: Node '/Game/Blueprints/MyCharacter.MyCharacter:EventGraph.K2Node_CallFunction_8767' missing NodeGuid because of upgrade from old package version, this can cause deterministic cooking issues please resave package.
[2017.03.07-21.05.05:472][205]LogBlueprint:Warning: Node '/Game/Blueprints/MyCharacter.MyCharacter:EventGraph.K2Node_CallFunction_9386' missing NodeGuid because of upgrade from old package version, this can cause deterministic cooking issues please resave package.
[2017.03.07-21.05.05:472][205]LogBlueprint:Warning: Node '/Game/Blueprints/MyCharacter.MyCharacter:EventGraph.K2Node_CallFunction_9755' missing NodeGuid because of upgrade from old package version, this can cause deterministic cooking issues please resave package.
[2017.03.07-21.05.05:472][205]LogBlueprint:Warning: Node '/Game/Blueprints/MyCharacter.MyCharacter:EventGraph.K2Node_CommutativeAssociativeBinaryOperator_153' missing NodeGuid because of upgrade from old package version, this can cause deterministic cooking issues please resave package.
[2017.03.07-21.05.05:472][205]LogBlueprint:Warning: Node '/Game/Blueprints/MyCharacter.MyCharacter:EventGraph.K2Node_CommutativeAssociativeBinaryOperator_155' missing NodeGuid because of upgrade from old package version, this can cause deterministic cooking issues please resave package.
[2017.03.07-21.05.05:472][205]LogBlueprint:Warning: Node '/Game/Blueprints/MyCharacter.MyCharacter:EventGraph.K2Node_EnumEquality_7' missing NodeGuid because of upgrade from old package version, this can cause deterministic cooking issues please resave package.
[2017.03.07-21.05.05:472][205]LogBlueprint:Warning: Node '/Game/Blueprints/MyCharacter.MyCharacter:UserConstructionScript.K2Node_FunctionEntry_19' missing NodeGuid because of upgrade from old package version, this can cause deterministic cooking issues please resave package.
[2017.03.07-21.05.05:472][205]LogBlueprint:Warning: Node '/Game/Blueprints/MyCharacter.MyCharacter:EventGraph.K2Node_IfThenElse_18' missing NodeGuid because of upgrade from old package version, this can cause deterministic cooking issues please resave package.
[2017.03.07-21.05.05:472][205]LogBlueprint:Warning: Node '/Game/Blueprints/MyCharacter.MyCharacter:EventGraph.K2Node_IfThenElse_19' missing NodeGuid because of upgrade from old package version, this can cause deterministic cooking issues please resave package.
[2017.03.07-21.05.05:472][205]LogBlueprint:Warning: Node '/Game/Blueprints/MyCharacter.MyCharacter:EventGraph.K2Node_InputAction_60' missing NodeGuid because of upgrade from old package version, this can cause deterministic cooking issues please resave package.
[2017.03.07-21.05.05:472][205]LogBlueprint:Warning: Node '/Game/Blueprints/MyCharacter.MyCharacter:EventGraph.K2Node_InputAxisEvent_42' missing NodeGuid because of upgrade from old package version, this can cause deterministic cooking issues please resave package.
[2017.03.07-21.05.05:472][205]LogBlueprint:Warning: Node '/Game/Blueprints/MyCharacter.MyCharacter:EventGraph.K2Node_InputAxisEvent_43' missing NodeGuid because of upgrade from old package version, this can cause deterministic cooking issues please resave package.
[2017.03.07-21.05.05:472][205]LogBlueprint:Warning: Node '/Game/Blueprints/MyCharacter.MyCharacter:EventGraph.K2Node_InputAxisEvent_50' missing NodeGuid because of upgrade from old package version, this can cause deterministic cooking issues please resave package.
[2017.03.07-21.05.05:472][205]LogBlueprint:Warning: Node '/Game/Blueprints/MyCharacter.MyCharacter:EventGraph.K2Node_InputAxisEvent_55' missing NodeGuid because of upgrade from old package version, this can cause deterministic cooking issues please resave package.
[2017.03.07-21.05.05:472][205]LogBlueprint:Warning: Node '/Game/Blueprints/MyCharacter.MyCharacter:EventGraph.K2Node_InputAxisEvent_85' missing NodeGuid because of upgrade from old package version, this can cause deterministic cooking issues please resave package.
[2017.03.07-21.05.05:472][205]LogBlueprint:Warning: Node '/Game/Blueprints/MyCharacter.MyCharacter:EventGraph.K2Node_InputAxisEvent_95' missing NodeGuid because of upgrade from old package version, this can cause deterministic cooking issues please resave package.
[2017.03.07-21.05.05:472][205]LogBlueprint:Warning: Node '/Game/Blueprints/MyCharacter.MyCharacter:EventGraph.K2Node_InputTouch_3' missing NodeGuid because of upgrade from old package version, this can cause deterministic cooking issues please resave package.
[2017.03.07-21.05.05:472][205]LogBlueprint:Warning: Node '/Game/Blueprints/MyCharacter.MyCharacter:EventGraph.K2Node_VariableGet_91' missing NodeGuid because of upgrade from old package version, this can cause deterministic cooking issues please resave package.
[2017.03.07-21.05.05:472][205]LogBlueprint:Warning: Node '/Game/Blueprints/MyCharacter.MyCharacter:EventGraph.K2Node_VariableGet_93' missing NodeGuid because of upgrade from old package version, this can cause deterministic cooking issues please resave package.
[2017.03.07-21.05.05:479][205]LogLoad: Game class is 'MyGame_C'
[2017.03.07-21.05.05:504][205]LogWorld: Bringing World /Game/Maps/UEDPIE_0_Example_Map.Example_Map up for play (max tick rate 0) at 2017.03.07-16.05.05
[2017.03.07-21.05.05:505][205]LogWorld: Bringing up level for play took: 0.023845
[2017.03.07-21.05.05:539][205]LogContentBrowser: Native class hierarchy updated for 'MovieSceneCapture' in 0.0007 seconds. Added 11 classes and 0 folders.
[2017.03.07-21.05.05:539][205]LogGameMode:Display: Match State Changed from EnteringMap to WaitingToStart
[2017.03.07-21.05.05:539][205]LogGameState: Match State Changed from EnteringMap to WaitingToStart
[2017.03.07-21.05.05:539][205]LogGameMode:Display: Match State Changed from WaitingToStart to InProgress
[2017.03.07-21.05.05:542][205]LogGameState: Match State Changed from WaitingToStart to InProgress
[2017.03.07-21.05.05:542][205]PIE: Info Play in editor start time for /Game/Maps/UEDPIE_0_Example_Map 1.265
[2017.03.07-21.05.05:542][205]LogBlueprintUserMessages: Late PlayInEditor Detection: Level '/Game/Maps/Example_Map.Example_Map:PersistentLevel' has LevelScriptBlueprint '/Game/Maps/Example_Map.Example_Map:PersistentLevel.Example_Map' with GeneratedClass '/Game/Maps/Example_Map.Example_Map_C' with ClassGeneratedBy '/Game/Maps/Example_Map.Example_Map:PersistentLevel.Example_Map'
[2017.03.07-21.05.35:526][797]LogBlueprintUserMessages: Early EndPlayMap Detection: Level '/Game/Maps/Example_Map.Example_Map:PersistentLevel' has LevelScriptBlueprint '/Game/Maps/Example_Map.Example_Map:PersistentLevel.Example_Map' with GeneratedClass '/Game/Maps/Example_Map.Example_Map_C' with ClassGeneratedBy '/Game/Maps/Example_Map.Example_Map:PersistentLevel.Example_Map'
