Log file open, 02/13/17 15:41:36
LogInit:Display: Running engine for game: OcelotAndLory
LogInit: Version: 4.6.1-2386410+++depot+UE4-Releases+4.6
LogInit: API Version: 2369412
LogInit: Compiled (64-bit): Dec 11 2014 21:31:39
LogInit: Compiled with Visual C++: 18.00.21005.01
LogInit: Build Configuration: Development
LogInit: Branch Name: ++depot+UE4-Releases+4.6
LogInit: Command line: -EpicPortal 
LogInit: Base directory: C:/Program Files/Epic Games/4.6/Engine/Binaries/Win64/
LogInit: Rocket: 1
[2017.02.13-20.41.36:158][  0]LogTaskGraph: Started task graph with 3 named threads and 6 total threads.
[2017.02.13-20.41.36:210][  0]LogOnline:Warning: No default platform service specified for OnlineSubsystem
[2017.02.13-20.41.36:228][  0]LogInit: Presizing for 0 objects not considered by GC, pre-allocating 0 bytes.
[2017.02.13-20.41.36:236][  0]LogInit: Object subsystem initialized
[2017.02.13-20.41.36:241][  0]LogInit: Selected Device Profile: [Windows]
[2017.02.13-20.41.36:241][  0]LogInit: Applying CVar settings loaded from the selected device profile: [Windows]
[2017.02.13-20.41.36:246][  0]LogInit: Computer: UMD-CIS239-03
[2017.02.13-20.41.36:246][  0]LogInit: User: bmanni
[2017.02.13-20.41.36:246][  0]LogInit: CPU Page size=4096, Cores=4
[2017.02.13-20.41.36:246][  0]LogInit: High frequency timer resolution =3.320332 MHz
[2017.02.13-20.41.36:247][  0]LogMemory: Memory total: Physical=15.9GB (16GB approx) Virtual=131072.0GB
[2017.02.13-20.41.36:247][  0]LogMemory: Platform Memory Stats for Windows
[2017.02.13-20.41.36:247][  0]LogMemory: Process Physical Memory: 48.61 MB used, 48.61 MB peak
[2017.02.13-20.41.36:247][  0]LogMemory: Process Virtual Memory: 22.73 MB used, 25.00 MB peak
[2017.02.13-20.41.36:247][  0]LogMemory: Physical Memory: 4408.43 MB used, 16300.67 MB total
[2017.02.13-20.41.36:247][  0]LogMemory: Virtual Memory: 298.82 MB used, 134217728.00 MB total
[2017.02.13-20.41.36:278][  0]LogD3D11RHI: Found D3D11 adapter 0: NVIDIA GeForce GTX 960 (Feature Level 11_0)
[2017.02.13-20.41.36:278][  0]LogD3D11RHI: Adapter has 4011MB of dedicated video memory, 0MB of dedicated system memory, and 8150MB of shared system memory, 2 output[s]
[2017.02.13-20.41.36:283][  0]LogD3D11RHI: Found D3D11 adapter 1: Intel(R) HD Graphics 4600 (Feature Level 11_0)
[2017.02.13-20.41.36:284][  0]LogD3D11RHI: Adapter has 112MB of dedicated video memory, 0MB of dedicated system memory, and 8150MB of shared system memory, 0 output[s]
[2017.02.13-20.41.36:285][  0]LogD3D11RHI: Found D3D11 adapter 2: Microsoft Basic Render Driver (Feature Level 11_0)
[2017.02.13-20.41.36:285][  0]LogD3D11RHI: Adapter has 0MB of dedicated video memory, 0MB of dedicated system memory, and 8150MB of shared system memory, 0 output[s]
[2017.02.13-20.41.36:285][  0]LogD3D11RHI: Chosen D3D11 Adapter Id = 0
[2017.02.13-20.41.36:288][  0]LogRHI: Texture pool is 1361 MB (70% of 1945 MB)
[2017.02.13-20.41.36:299][  0]LogD3D11RHI: Async texture creation enabled
[2017.02.13-20.41.36:354][  0]LogTextLocalizationManager: The requested culture ('en_US') has no localization data; parent culture's ('en') localization data will be used.
[2017.02.13-20.41.36:461][  0]LogContentStreaming: Texture pool size is 0.000000MB
[2017.02.13-20.41.40:769][  0]LogTargetPlatformManager:Display: Building Assets For Windows
[2017.02.13-20.41.41:061][  0]LogTargetPlatformManager:Display: Building Assets For Windows
[2017.02.13-20.41.41:106][  0]LogDerivedDataCache:Display: Max Cache Size: 512 MB
[2017.02.13-20.41.41:142][  0]LogDerivedDataCache: Loaded boot cache 0.04s 39MB C:/Users/bmanni/AppData/Local/UnrealEngine/4.6/DerivedDataCache/Boot.ddc.
[2017.02.13-20.41.41:142][  0]LogDerivedDataCache:Display: Loaded Boot cache: C:/Users/bmanni/AppData/Local/UnrealEngine/4.6/DerivedDataCache/Boot.ddc
[2017.02.13-20.41.41:142][  0]LogDerivedDataCache: FDerivedDataBackendGraph:  Pak pak cache file ../../../../../../Users/bmanni/Desktop/OcelotAndLory/OcelotAndLory/DerivedDataCache/DDC.ddp not found, will not use a pak cache.
[2017.02.13-20.41.41:142][  0]LogDerivedDataCache: Unable to find inner node Pak for hierarchical cache Hierarchy.
[2017.02.13-20.41.41:198][  0]LogDerivedDataCache:Display: Pak cache opened for reading ../../../Engine/DerivedDataCache/DDC.ddp.
[2017.02.13-20.41.41:210][  0]LogDerivedDataCache: Using Local data cache path C:/Users/bmanni/AppData/Local/UnrealEngine/Common/DerivedDataCache: Writable
[2017.02.13-20.41.41:313][  0]LogCollisionProfile:Warning: Profile (UI) - Custom Channel Name = 'Weapon' hasn't been found
[2017.02.13-20.41.41:420][  0]LogMeshUtilities: No automatic mesh reduction module available
[2017.02.13-20.41.41:420][  0]LogMeshUtilities: No automatic mesh merging module available
[2017.02.13-20.41.41:690][  0]LogInit: WinSock: version 1.1 (2.2), MaxSocks=32767, MaxUdp=65467
[2017.02.13-20.41.41:739][  0]LogSlate:Warning: Failed to load font data from '../../../Engine/Content/Slate/Fonts/Roboto-Italic.ttf'
[2017.02.13-20.41.42:504][  0]UdpMessaging: Initializing bridge on interface 0.0.0.0:0 to multicast group 230.0.0.1:6666.
[2017.02.13-20.41.42:653][  0]LogDirectoryWatcher:Warning: Failed to begin reading directory changes for C:/Users/bmanni/Desktop/OcelotAndLory/OcelotAndLory/Binaries/Win64. Error: 0
[2017.02.13-20.41.42:776][  0]SourceControl: Info Source control is disabled
[2017.02.13-20.41.42:776][  0]SourceControl: Info Source control is disabled
[2017.02.13-20.41.42:783][  0]SourceControl: Info Source control is disabled
[2017.02.13-20.41.42:891][  0]LogObj: 23754 objects as part of root set at end of initial load.
[2017.02.13-20.41.42:891][  0]LogUObjectAllocator: 5168136 out of 0 bytes used by permanent object pool.
[2017.02.13-20.41.42:938][  0]LogEngine: Initializing Engine...
[2017.02.13-20.41.43:052][  0]LogInit: XAudio2 using 'Speakers (Realtek High Definition Audio)' : 4 channels at 48 kHz using 32 bits per sample (channel mask 0x33)
[2017.02.13-20.41.43:121][  0]LogInit: FAudioDevice initialized.
[2017.02.13-20.41.43:140][  0]LogAIModule: Creating AISystem for world NewWorld
[2017.02.13-20.41.43:159][  0]LogDerivedDataCache: Saved boot cache 0.02s 39MB C:/Users/bmanni/AppData/Local/UnrealEngine/4.6/DerivedDataCache/Boot.ddc.
[2017.02.13-20.41.43:163][  0]LogInit: Texture streaming: Enabled
[2017.02.13-20.41.43:188][  0]LogAnalytics: Creating configured Analytics provider AnalyticsET
[2017.02.13-20.41.43:188][  0]LogAnalytics: ET APIKey = Rocket.Release. APIServer = http://et2.epicgames.com/ET2/. AppVersion = 4.6.1-2386410+++depot+UE4-Releases+4.6
[2017.02.13-20.41.43:189][  0]LogAnalytics: SetUserId a26f08342d6756d9e574324ca533ae71
[2017.02.13-20.41.43:189][  0]LogAnalytics: AnalyticsET::StartSession [Rocket.Release]
[2017.02.13-20.41.43:206][  0]LogInit: Transaction tracking system initialized
[2017.02.13-20.41.43:290][  0]BlueprintLog: New page: Editor Load
[2017.02.13-20.41.43:318][  0]LogAssetRegistry: FAssetRegistry took 0.0106 seconds to start up
[2017.02.13-20.41.43:318][  0]LogDirectoryWatcher:Warning: Failed to begin reading directory changes for ../../../Engine/Plugins/Experimental/CharacterAI/Content/. Error: 0
[2017.02.13-20.41.43:707][  0]LogTargetPlatformManager:Display: Building Assets For Windows
[2017.02.13-20.41.43:957][  0]LogTargetPlatformManager:Display: Building Assets For Windows
[2017.02.13-20.41.45:248][  0]LogConsoleResponse:Display: 
[2017.02.13-20.41.45:282][  0]LogLinker:Warning: Asset '../../../Engine/Content/Functions/Engine_MaterialFunctions03/Procedurals/ComputeFilterWidth.uasset' has been saved with empty engine version. The asset will be loaded but may be incompatible.
[2017.02.13-20.41.45:450][  0]SourceControl: Info Source control is disabled
[2017.02.13-20.41.45:450][  0]Cmd: MAP LOAD FILE="../../../../../../Users/bmanni/Desktop/OcelotAndLory/OcelotAndLory/Content/Maps/Example_Map.umap" TEMPLATE=0 SHOWPROGRESS=1
[2017.02.13-20.41.45:450][  0]LightingResults: New page: Lighting Build
[2017.02.13-20.41.45:459][  0]MapCheck: New page: Map Check
[2017.02.13-20.41.45:459][  0]LightingResults: New page: Lighting Build
[2017.02.13-20.41.45:467][  0]LogParticles: Destroying 0 GPU particle simulations for FXSystem 0x0000020EA4FFD9E0
[2017.02.13-20.41.45:824][  0]LogTexture:Display: Building textures: HQ_Lightmap0_1 (AutoDXT)
[2017.02.13-20.41.46:006][  0]LogTexture:Display: Building textures: HQ_Lightmap0_2 (AutoDXT)
[2017.02.13-20.41.46:023][  0]LogTexture:Display: Building textures: LQ_Lightmap_0_1 (DXT1)
[2017.02.13-20.41.46:098][  0]LogTexture:Display: Building textures: LQ_Lightmap_0_2 (DXT1)
[2017.02.13-20.41.46:108][  0]LogTexture:Display: Building textures: ShadowMapTexture2D_0 (BGRA8)
[2017.02.13-20.41.46:130][  0]LogTexture:Display: Building textures: ShadowMapTexture2D_1 (BGRA8)
[2017.02.13-20.41.46:177][  0]LogEditorServer: Finished looking for orphan Actors (0.000 secs)
[2017.02.13-20.41.46:177][  0]LogAIModule: Creating AISystem for world Example_Map
[2017.02.13-20.41.46:199][  0]Cmd: MAP CHECKDEP
[2017.02.13-20.41.46:199][  0]MapCheck: New page: Example_Map - Feb 13, 2017, 10:41:46 AM
[2017.02.13-20.41.46:266][  0]MapCheck: Info Map check complete: 0 Error(s), 0 Warning(s), took 66.291ms to complete.
[2017.02.13-20.41.46:266][  0]LogFileHelpers: Loading map 'Example_Map' took 0.816
[2017.02.13-20.41.46:500][  0]LogCollectionManager: Loaded 0 collections in 0.001239 seconds
[2017.02.13-20.41.46:780][  0]LogCrashTracker: Crashtracker disabled due to settings.
[2017.02.13-20.41.46:847][  0]LogLoad: Full Startup: 12.44 seconds (BP compile: 0.04 seconds)
[2017.02.13-20.41.47:007][  0]LogPackageName: SearchForPackageOnDisk took   0.072s to resolve LevelEditor.TutorialLaunchButton
[2017.02.13-20.41.47:007][  0]LogUObjectGlobals:Warning: LoadPackage can't find package LevelEditor.TutorialLaunchButton.
[2017.02.13-20.41.47:077][  0]LogPackageName: SearchForPackageOnDisk took   0.071s to resolve 
[2017.02.13-20.41.47:077][  0]LogUObjectGlobals:Warning: LoadPackage can't find package .
[2017.02.13-20.41.47:181][  0]LogRenderer:Warning: Reallocating scene render targets to support 992x872.
[2017.02.13-20.41.47:371][  2]LogAssetRegistry: Asset discovery search completed in 4.0647 seconds
[2017.02.13-20.41.53:737][702]LogPlayLevel: PIE:  No blueprints needed recompiling
[2017.02.13-20.41.53:737][702]PIE: New page: PIE session: Example_Map (Feb 13, 2017, 10:41:53 AM)
[2017.02.13-20.41.53:760][702]LogPlayLevel: PIE: StaticDuplicateObject took: (0.022265s)
[2017.02.13-20.41.53:760][702]LogPlayLevel: PIE: World Init took: (0.000682s)
[2017.02.13-20.41.53:760][702]LogPlayLevel: PIE: Created PIE world by copying editor world from /Game/Maps/Example_Map.Example_Map to /Game/Maps/UEDPIE_0_Example_Map.Example_Map (0.023106s)
[2017.02.13-20.41.54:062][702]LogWorld: Game class is 'MyGame_C'
[2017.02.13-20.41.54:071][702]LogAIModule: Creating AISystem for world Example_Map
[2017.02.13-20.41.54:071][702]LogWorld: Bringing World /Game/Maps/UEDPIE_0_Example_Map.Example_Map up for play (max tick rate 0) at 2017.02.13-15.41.54
[2017.02.13-20.41.54:072][702]LogWorld: Bringing up level for play took: 0.001074
[2017.02.13-20.41.54:095][702]PIE: Info Play in editor start time for /Game/Maps/UEDPIE_0_Example_Map 1.19
[2017.02.13-20.42.25:218][388]Cmd: OBJ SAVEPACKAGE PACKAGE="/Game/Maps/Example_Map" FILE="../../../../../../Users/bmanni/Desktop/OcelotAndLory/OcelotAndLory/Content/Maps/Example_Map.umap" SILENT=true AUTOSAVING=false KEEPDIRTY=false
[2017.02.13-20.42.25:334][388]LogSavePackage: Save=85.285149ms
[2017.02.13-20.42.25:334][388]LogSavePackage: Moving '../../../../../../Users/bmanni/Desktop/OcelotAndLory/OcelotAndLory/Saved/Example_Map376BD6AE40C772DBA59E5DA168300326.tmp' to '../../../../../../Users/bmanni/Desktop/OcelotAndLory/OcelotAndLory/Content/Maps/Example_Map.umap'
[2017.02.13-20.42.48:908][171]Cmd: OBJ SAVEPACKAGE PACKAGE="/Game/Maps/Example_Map" FILE="../../../../../../Users/bmanni/Desktop/OcelotAndLory/OcelotAndLory/Content/Maps/Example_Map.umap" SILENT=true AUTOSAVING=false KEEPDIRTY=false
[2017.02.13-20.42.48:997][171]LogSavePackage: Save=76.257431ms
[2017.02.13-20.42.48:997][171]LogSavePackage: Moving '../../../../../../Users/bmanni/Desktop/OcelotAndLory/OcelotAndLory/Saved/Example_Map3E87956042DA3F29147B41A204B32B53.tmp' to '../../../../../../Users/bmanni/Desktop/OcelotAndLory/OcelotAndLory/Content/Maps/Example_Map.umap'
[2017.02.13-20.42.51:945][457]LogParticles: Destroying 0 GPU particle simulations for FXSystem 0x0000020E9FA00900
[2017.02.13-20.42.52:078][458]Cmd: QUIT_EDITOR
[2017.02.13-20.42.52:354][458]LogExit: Preparing to exit.
[2017.02.13-20.42.52:645][458]LogExit: Editor shut down
[2017.02.13-20.42.52:645][458]LogExit: Transaction tracking system shut down
[2017.02.13-20.42.52:646][458]LogParticles: Destroying 0 GPU particle simulations for FXSystem 0x0000020EA94BF560
[2017.02.13-20.42.52:665][458]LogExit: Object subsystem successfully closed.
[2017.02.13-20.42.52:708][458]LogModuleManager: Shutting down and abandoning module AndroidDeviceDetection (172)
[2017.02.13-20.42.52:708][458]LogModuleManager: Shutting down and abandoning module CrashTracker (171)
[2017.02.13-20.42.52:708][458]LogModuleManager: Shutting down and abandoning module SuperSearch (170)
[2017.02.13-20.42.52:708][458]LogModuleManager: Shutting down and abandoning module SceneOutliner (169)
[2017.02.13-20.42.52:708][458]LogModuleManager: Shutting down and abandoning module EditorWidgets (168)
[2017.02.13-20.42.52:708][458]LogModuleManager: Shutting down and abandoning module CollectionManager (167)
[2017.02.13-20.42.52:730][458]LogModuleManager: Shutting down and abandoning module StatsViewer (166)
[2017.02.13-20.42.52:730][458]LogModuleManager: Shutting down and abandoning module FoliageEdit (165)
[2017.02.13-20.42.52:730][458]LogModuleManager: Shutting down and abandoning module LandscapeEditor (164)
[2017.02.13-20.42.52:730][458]LogModuleManager: Shutting down and abandoning module MeshPaint (163)
[2017.02.13-20.42.52:730][458]LogModuleManager: Shutting down and abandoning module ActorPickerMode (162)
[2017.02.13-20.42.52:730][458]LogModuleManager: Shutting down and abandoning module GeometryMode (161)
[2017.02.13-20.42.52:730][458]LogModuleManager: Shutting down and abandoning module TextureAlignMode (160)
[2017.02.13-20.42.52:730][458]LogModuleManager: Shutting down and abandoning module BspMode (159)
[2017.02.13-20.42.52:730][458]LogModuleManager: Shutting down and abandoning module PlacementMode (158)
[2017.02.13-20.42.52:730][458]LogModuleManager: Shutting down and abandoning module AutomationWorker (157)
[2017.02.13-20.42.52:730][458]LogModuleManager: Shutting down and abandoning module CharacterAI (156)
[2017.02.13-20.42.52:730][458]LogModuleManager: Shutting down and abandoning module GameProjectGeneration (155)
[2017.02.13-20.42.52:730][458]LogModuleManager: Shutting down and abandoning module IntroTutorials (154)
[2017.02.13-20.42.52:731][458]LogModuleManager: Shutting down and abandoning module EditorLiveStreaming (153)
[2017.02.13-20.42.52:731][458]LogModuleManager: Shutting down and abandoning module HardwareTargeting (152)
[2017.02.13-20.42.52:731][458]LogModuleManager: Shutting down and abandoning module DeviceProfileEditor (151)
[2017.02.13-20.42.52:731][458]LogModuleManager: Shutting down and abandoning module UndoHistory (150)
[2017.02.13-20.42.52:731][458]LogModuleManager: Shutting down and abandoning module GameplayTagsEditor (149)
[2017.02.13-20.42.52:731][458]LogModuleManager: Shutting down and abandoning module UserFeedback (148)
[2017.02.13-20.42.52:731][458]LogModuleManager: Shutting down and abandoning module XmlParser (147)
[2017.02.13-20.42.52:731][458]LogModuleManager: Shutting down and abandoning module Blutility (146)
[2017.02.13-20.42.52:731][458]LogModuleManager: Shutting down and abandoning module IOSPlatformEditor (145)
[2017.02.13-20.42.52:731][458]LogModuleManager: Shutting down and abandoning module IOSRuntimeSettings (144)
[2017.02.13-20.42.52:731][458]LogModuleManager: Shutting down and abandoning module AndroidPlatformEditor (143)
[2017.02.13-20.42.52:731][458]LogModuleManager: Shutting down and abandoning module AndroidRuntimeSettings (142)
[2017.02.13-20.42.52:731][458]LogModuleManager: Shutting down and abandoning module ProjectTargetPlatformEditor (141)
[2017.02.13-20.42.52:731][458]LogModuleManager: Shutting down and abandoning module ProjectSettingsViewer (140)
[2017.02.13-20.42.52:731][458]LogModuleManager: Shutting down and abandoning module InputBindingEditor (139)
[2017.02.13-20.42.52:731][458]LogModuleManager: Shutting down and abandoning module EditorSettingsViewer (138)
[2017.02.13-20.42.52:731][458]LogModuleManager: Shutting down and abandoning module SettingsEditor (137)
[2017.02.13-20.42.52:731][458]LogModuleManager: Shutting down and abandoning module ProjectLauncher (136)
[2017.02.13-20.42.52:731][458]LogModuleManager: Shutting down and abandoning module SessionFrontend (135)
[2017.02.13-20.42.52:731][458]LogModuleManager: Shutting down and abandoning module ProfilerClient (134)
[2017.02.13-20.42.52:731][458]LogModuleManager: Shutting down and abandoning module TargetDeviceServices (133)
[2017.02.13-20.42.52:731][458]LogModuleManager: Shutting down and abandoning module DeviceManager (132)
[2017.02.13-20.42.52:731][458]LogModuleManager: Shutting down and abandoning module AutomationController (131)
[2017.02.13-20.42.52:731][458]LogModuleManager: Shutting down and abandoning module AutomationWindow (130)
[2017.02.13-20.42.52:731][458]LogModuleManager: Shutting down and abandoning module Layers (129)
[2017.02.13-20.42.52:731][458]LogModuleManager: Shutting down and abandoning module ComponentVisualizers (128)
[2017.02.13-20.42.52:731][458]LogModuleManager: Shutting down and abandoning module DetailCustomizations (127)
[2017.02.13-20.42.52:731][458]LogModuleManager: Shutting down and abandoning module PackagesDialog (126)
[2017.02.13-20.42.52:731][458]LogModuleManager: Shutting down and abandoning module AssetRegistry (125)
[2017.02.13-20.42.52:788][458]LogModuleManager: Shutting down and abandoning module Persona (124)
[2017.02.13-20.42.52:788][458]LogModuleManager: Shutting down and abandoning module Kismet (123)
[2017.02.13-20.42.52:788][458]LogModuleManager: Shutting down and abandoning module GraphEditor (122)
[2017.02.13-20.42.52:788][458]LogModuleManager: Shutting down and abandoning module ClassViewer (121)
[2017.02.13-20.42.52:788][458]LogModuleManager: Shutting down and abandoning module Toolbox (120)
[2017.02.13-20.42.52:788][458]LogModuleManager: Shutting down and abandoning module ModuleUI (119)
[2017.02.13-20.42.52:788][458]LogModuleManager: Shutting down and abandoning module MovieSceneTools (118)
[2017.02.13-20.42.52:788][458]LogModuleManager: Shutting down and abandoning module OutputLog (117)
[2017.02.13-20.42.52:788][458]LogModuleManager: Shutting down and abandoning module GammaUI (116)
[2017.02.13-20.42.52:788][458]LogModuleManager: Shutting down and abandoning module Documentation (115)
[2017.02.13-20.42.52:788][458]LogModuleManager: Shutting down and abandoning module GameLiveStreaming (114)
[2017.02.13-20.42.52:788][458]LogModuleManager: Shutting down and abandoning module StreamingPauseRendering (113)
[2017.02.13-20.42.52:788][458]LogModuleManager: Shutting down and abandoning module HTTP (112)
[2017.02.13-20.42.52:788][458]LogModuleManager: Shutting down and abandoning module AnalyticsET (111)
[2017.02.13-20.42.52:788][458]LogModuleManager: Shutting down and abandoning module Analytics (110)
[2017.02.13-20.42.52:788][458]LogModuleManager: Shutting down and abandoning module AITestSuite (109)
[2017.02.13-20.42.52:788][458]LogModuleManager: Shutting down and abandoning module AIModule (108)
[2017.02.13-20.42.52:788][458]LogModuleManager: Shutting down and abandoning module ProfilerService (107)
[2017.02.13-20.42.52:976][458]LogModuleManager: Shutting down and abandoning module TaskGraph (106)
[2017.02.13-20.42.52:976][458]LogModuleManager: Shutting down and abandoning module GameplayDebugger (105)
[2017.02.13-20.42.52:976][458]LogModuleManager: Shutting down and abandoning module SlateRemote (104)
[2017.02.13-20.42.52:976][458]LogModuleManager: Shutting down and abandoning module ScriptEditorPlugin (103)
[2017.02.13-20.42.52:976][458]LogModuleManager: Shutting down and abandoning module CustomMeshComponent (102)
[2017.02.13-20.42.52:976][458]LogModuleManager: Shutting down and abandoning module CableComponent (101)
[2017.02.13-20.42.52:976][458]LogModuleManager: Shutting down and abandoning module MessagingDebugger (100)
[2017.02.13-20.42.52:976][458]LogModuleManager: Shutting down and abandoning module MediaPlayerEditor (99)
[2017.02.13-20.42.52:976][458]LogModuleManager: Shutting down and abandoning module SpeedTreeImporter (98)
[2017.02.13-20.42.52:976][458]LogModuleManager: Shutting down and abandoning module PluginsEditor (97)
[2017.02.13-20.42.52:976][458]LogModuleManager: Shutting down and abandoning module EpicSurvey (96)
[2017.02.13-20.42.52:976][458]LogModuleManager: Shutting down and abandoning module DesktopPlatform (95)
[2017.02.13-20.42.52:977][458]LogModuleManager: Shutting down and abandoning module VisualStudioSourceCodeAccess (94)
[2017.02.13-20.42.52:977][458]LogModuleManager: Shutting down and abandoning module UObjectPlugin (93)
[2017.02.13-20.42.52:977][458]LogModuleManager: Shutting down and abandoning module SubversionSourceControl (92)
[2017.02.13-20.42.52:977][458]LogModuleManager: Shutting down and abandoning module SourceControl (91)
[2017.02.13-20.42.52:977][458]LogModuleManager: Shutting down and abandoning module PerforceSourceControl (90)
[2017.02.13-20.42.52:977][458]LogModuleManager: Shutting down and abandoning module BlankPlugin (89)
[2017.02.13-20.42.52:977][458]LogModuleManager: Shutting down and abandoning module SlateReflector (88)
[2017.02.13-20.42.52:977][458]LogModuleManager: Shutting down and abandoning module DirectoryWatcher (87)
[2017.02.13-20.42.52:977][458]LogModuleManager: Shutting down and abandoning module HotReload (86)
[2017.02.13-20.42.52:977][458]LogModuleManager: Shutting down and abandoning module MainFrame (85)
[2017.02.13-20.42.52:977][458]LogModuleManager: Shutting down and abandoning module LevelEditor (84)
[2017.02.13-20.42.52:978][458]LogModuleManager: Shutting down and abandoning module ViewportSnapping (83)
[2017.02.13-20.42.52:978][458]LogModuleManager: Shutting down and abandoning module SmartSnapping (82)
[2017.02.13-20.42.52:978][458]LogModuleManager: Shutting down and abandoning module PaperTiledImporter (81)
[2017.02.13-20.42.52:978][458]LogModuleManager: Shutting down and abandoning module PaperJsonImporter (80)
[2017.02.13-20.42.52:978][458]LogModuleManager: Shutting down and abandoning module ContentBrowser (79)
[2017.02.13-20.42.52:978][458]LogModuleManager: Shutting down and abandoning module Paper2DEditor (78)
[2017.02.13-20.42.52:978][458]LogModuleManager: Shutting down and abandoning module ScriptPlugin (77)
[2017.02.13-20.42.52:978][458]LogModuleManager: Shutting down and abandoning module UdpMessaging (76)
[2017.02.13-20.42.53:078][458]LogModuleManager: Shutting down and abandoning module Paper2D (75)
[2017.02.13-20.42.53:078][458]LogModuleManager: Shutting down and abandoning module UE4Game (74)
[2017.02.13-20.42.53:078][458]LogModuleManager: Shutting down and abandoning module WindowsMoviePlayer (73)
[2017.02.13-20.42.53:080][458]LogModuleManager: Shutting down and abandoning module Media (72)
[2017.02.13-20.42.53:080][458]LogModuleManager: Shutting down and abandoning module WmfMedia (71)
[2017.02.13-20.42.53:080][458]LogModuleManager: Shutting down and abandoning module OnlineBlueprintSupport (70)
[2017.02.13-20.42.53:080][458]LogModuleManager: Shutting down and abandoning module PropertyEditor (69)
[2017.02.13-20.42.53:080][458]LogModuleManager: Shutting down and abandoning module BehaviorTreeEditor (68)
[2017.02.13-20.42.53:080][458]LogModuleManager: Shutting down and abandoning module FunctionalTesting (67)
[2017.02.13-20.42.53:080][458]LogModuleManager: Shutting down and abandoning module CollisionAnalyzer (66)
[2017.02.13-20.42.53:080][458]LogModuleManager: Shutting down and abandoning module WorkspaceMenuStructure (65)
[2017.02.13-20.42.53:080][458]LogModuleManager: Shutting down and abandoning module MessageLog (64)
[2017.02.13-20.42.53:080][458]LogModuleManager: Shutting down and abandoning module Sequencer (63)
[2017.02.13-20.42.53:080][458]LogModuleManager: Shutting down and abandoning module AssetTools (62)
[2017.02.13-20.42.53:080][458]LogModuleManager: Shutting down and abandoning module UMGEditor (61)
[2017.02.13-20.42.53:080][458]LogModuleManager: Shutting down and abandoning module UMG (60)
[2017.02.13-20.42.53:080][458]LogModuleManager: Shutting down and abandoning module Slate (59)
[2017.02.13-20.42.53:080][458]LogModuleManager: Shutting down and abandoning module EditorStyle (58)
[2017.02.13-20.42.53:083][458]LogModuleManager: Shutting down and abandoning module SessionServices (57)
[2017.02.13-20.42.53:083][458]LogModuleManager: Shutting down and abandoning module SourceCodeAccess (56)
[2017.02.13-20.42.53:084][458]LogModuleManager: Shutting down and abandoning module HeadMountedDisplay (55)
[2017.02.13-20.42.53:084][458]LogModuleManager: Shutting down and abandoning module XAudio2 (54)
[2017.02.13-20.42.53:084][458]LogModuleManager: Shutting down and abandoning module Networking (52)
[2017.02.13-20.42.53:084][458]LogModuleManager: Shutting down and abandoning module Core (51)
[2017.02.13-20.42.53:084][458]LogModuleManager: Shutting down and abandoning module KismetCompiler (50)
[2017.02.13-20.42.53:084][458]LogModuleManager: Shutting down and abandoning module PhysXFormats (49)
[2017.02.13-20.42.53:084][458]LogModuleManager: Shutting down and abandoning module MeshUtilities (48)
[2017.02.13-20.42.53:084][458]LogModuleManager: Shutting down and abandoning module DerivedDataCache (47)
[2017.02.13-20.42.53:246][458]LogDerivedDataCache: Shutdown
[2017.02.13-20.42.53:246][458]LogModuleManager: Shutting down and abandoning module ShaderFormatOpenGL (46)
[2017.02.13-20.42.53:246][458]LogModuleManager: Shutting down and abandoning module ShaderFormatD3D (45)
[2017.02.13-20.42.53:246][458]LogModuleManager: Shutting down and abandoning module MetalShaderFormat (44)
[2017.02.13-20.42.53:246][458]LogModuleManager: Shutting down and abandoning module TextureFormatUncompressed (43)
[2017.02.13-20.42.53:246][458]LogModuleManager: Shutting down and abandoning module TextureFormatPVR (42)
[2017.02.13-20.42.53:246][458]LogModuleManager: Shutting down and abandoning module TextureFormatDXT (41)
[2017.02.13-20.42.53:246][458]LogModuleManager: Shutting down and abandoning module TextureFormatAndroid (40)
[2017.02.13-20.42.53:246][458]LogModuleManager: Shutting down and abandoning module AudioFormatOpus (39)
[2017.02.13-20.42.53:246][458]LogModuleManager: Shutting down and abandoning module AudioFormatOgg (38)
[2017.02.13-20.42.53:246][458]LogModuleManager: Shutting down and abandoning module AudioFormatADPCM (37)
[2017.02.13-20.42.53:246][458]LogModuleManager: Shutting down and abandoning module LinuxTargetPlatform (36)
[2017.02.13-20.42.53:246][458]LogModuleManager: Shutting down and abandoning module LinuxServerTargetPlatform (35)
[2017.02.13-20.42.53:246][458]LogModuleManager: Shutting down and abandoning module LinuxNoEditorTargetPlatform (34)
[2017.02.13-20.42.53:246][458]LogModuleManager: Shutting down and abandoning module Messaging (33)
[2017.02.13-20.42.53:247][458]LogModuleManager: Shutting down and abandoning module IOSTargetPlatform (32)
[2017.02.13-20.42.53:247][458]LogModuleManager: Shutting down and abandoning module Android_PVRTCTargetPlatform (31)
[2017.02.13-20.42.53:247][458]LogModuleManager: Shutting down and abandoning module Android_ETC2TargetPlatform (30)
[2017.02.13-20.42.53:247][458]LogModuleManager: Shutting down and abandoning module Android_ETC1TargetPlatform (29)
[2017.02.13-20.42.53:247][458]LogModuleManager: Shutting down and abandoning module Android_DXTTargetPlatform (28)
[2017.02.13-20.42.53:247][458]LogModuleManager: Shutting down and abandoning module Android_ATCTargetPlatform (27)
[2017.02.13-20.42.53:247][458]LogModuleManager: Shutting down and abandoning module AndroidTargetPlatform (26)
[2017.02.13-20.42.53:247][458]LogModuleManager: Shutting down and abandoning module WindowsTargetPlatform (25)
[2017.02.13-20.42.53:247][458]LogModuleManager: Shutting down and abandoning module WindowsServerTargetPlatform (24)
[2017.02.13-20.42.53:247][458]LogModuleManager: Shutting down and abandoning module WindowsNoEditorTargetPlatform (23)
[2017.02.13-20.42.53:247][458]LogModuleManager: Shutting down and abandoning module WindowsClientTargetPlatform (22)
[2017.02.13-20.42.53:247][458]LogModuleManager: Shutting down and abandoning module TargetPlatform (21)
[2017.02.13-20.42.53:247][458]LogModuleManager: Shutting down and abandoning module InputCore (20)
[2017.02.13-20.42.53:247][458]LogModuleManager: Shutting down and abandoning module Settings (19)
[2017.02.13-20.42.53:247][458]LogModuleManager: Shutting down and abandoning module ImageWrapper (18)
[2017.02.13-20.42.53:247][458]LogModuleManager: Shutting down and abandoning module OculusRift (15)
[2017.02.13-20.42.53:247][458]LogModuleManager: Shutting down and abandoning module ExampleDeviceProfileSelector (14)
[2017.02.13-20.42.53:247][458]LogModuleManager: Shutting down and abandoning module TextureCompressor (13)
[2017.02.13-20.42.53:247][458]LogModuleManager: Shutting down and abandoning module ShaderCore (12)
[2017.02.13-20.42.53:247][458]LogModuleManager: Shutting down and abandoning module Landscape (11)
[2017.02.13-20.42.53:247][458]LogModuleManager: Shutting down and abandoning module SlateRHIRenderer (10)
[2017.02.13-20.42.53:247][458]LogModuleManager: Shutting down and abandoning module OpenGLDrv (9)
[2017.02.13-20.42.53:247][458]LogModuleManager: Shutting down and abandoning module D3D11RHI (8)
[2017.02.13-20.42.53:247][458]LogModuleManager: Shutting down and abandoning module Renderer (7)
[2017.02.13-20.42.53:247][458]LogModuleManager: Shutting down and abandoning module Engine (6)
[2017.02.13-20.42.53:247][458]LogModuleManager: Shutting down and abandoning module CoreUObject (5)
[2017.02.13-20.42.53:247][458]LogModuleManager: Shutting down and abandoning module NetworkFile (4)
[2017.02.13-20.42.53:247][458]LogModuleManager: Shutting down and abandoning module StreamingFile (3)
[2017.02.13-20.42.53:247][458]LogModuleManager: Shutting down and abandoning module SandboxFile (2)
[2017.02.13-20.42.53:247][458]LogModuleManager: Shutting down and abandoning module PakFile (1)
[2017.02.13-20.42.53:248][458]LogExit: Exiting.
[2017.02.13-20.42.53:260][458]Log file closed, 02/13/17 15:42:53
