Log file open, 03/27/17 16:36:21
LogInit:Display: Running engine for game: OcelotAndLory
LogPlatformFile: Not using cached read wrapper
LogInit:Display: RandInit(1691050402) SRandInit(1691050402).
LogTaskGraph: Started task graph with 5 named threads and 8 total threads with 1 sets of task threads.
LogStats: Stats thread started at 0.067869
LogPluginManager: Loaded Plugin Paper2D, From C:/Program Files (x86)/Epic Games/4.14/Engine/Plugins/2D/Paper2D/Paper2D.uplugin
LogPluginManager: Loaded Plugin LightPropagationVolume, From C:/Program Files (x86)/Epic Games/4.14/Engine/Plugins/Blendables/LightPropagationVolume/LightPropagationVolume.uplugin
LogPluginManager: Loaded Plugin BlankPlugin, From C:/Program Files (x86)/Epic Games/4.14/Engine/Plugins/Developer/BlankPlugin/BlankPlugin.uplugin
LogPluginManager: Loaded Plugin CodeLiteSourceCodeAccess, From C:/Program Files (x86)/Epic Games/4.14/Engine/Plugins/Developer/CodeLiteSourceCodeAccess/CodeLiteSourceCodeAccess.uplugin
LogPluginManager: Loaded Plugin GitSourceControl, From C:/Program Files (x86)/Epic Games/4.14/Engine/Plugins/Developer/GitSourceControl/GitSourceControl.uplugin
LogPluginManager: Loaded Plugin KDevelopSourceCodeAccess, From C:/Program Files (x86)/Epic Games/4.14/Engine/Plugins/Developer/KDevelopSourceCodeAccess/KDevelopSourceCodeAccess.uplugin
LogPluginManager: Loaded Plugin NullSourceCodeAccess, From C:/Program Files (x86)/Epic Games/4.14/Engine/Plugins/Developer/NullSourceCodeAccess/NullSourceCodeAccess.uplugin
LogPluginManager: Loaded Plugin OneSkyLocalizationService, From C:/Program Files (x86)/Epic Games/4.14/Engine/Plugins/Developer/OneSkyLocalizationService/OneSkyLocalizationService.uplugin
LogPluginManager: Loaded Plugin PerforceSourceControl, From C:/Program Files (x86)/Epic Games/4.14/Engine/Plugins/Developer/PerforceSourceControl/PerforceSourceControl.uplugin
LogPluginManager: Loaded Plugin SubversionSourceControl, From C:/Program Files (x86)/Epic Games/4.14/Engine/Plugins/Developer/SubversionSourceControl/SubversionSourceControl.uplugin
LogPluginManager: Loaded Plugin UObjectPlugin, From C:/Program Files (x86)/Epic Games/4.14/Engine/Plugins/Developer/UObjectPlugin/UObjectPlugin.uplugin
LogPluginManager: Loaded Plugin VisualStudioSourceCodeAccess, From C:/Program Files (x86)/Epic Games/4.14/Engine/Plugins/Developer/VisualStudioSourceCodeAccess/VisualStudioSourceCodeAccess.uplugin
LogPluginManager: Loaded Plugin XCodeSourceCodeAccess, From C:/Program Files (x86)/Epic Games/4.14/Engine/Plugins/Developer/XCodeSourceCodeAccess/XCodeSourceCodeAccess.uplugin
LogPluginManager: Loaded Plugin AudioCapture, From C:/Program Files (x86)/Epic Games/4.14/Engine/Plugins/Editor/AudioCapture/AudioCapture.uplugin
LogPluginManager: Loaded Plugin EpicSurvey, From C:/Program Files (x86)/Epic Games/4.14/Engine/Plugins/Editor/EpicSurvey/EpicSurvey.uplugin
LogPluginManager: Loaded Plugin MacGraphicsSwitching, From C:/Program Files (x86)/Epic Games/4.14/Engine/Plugins/Editor/MacGraphicsSwitching/MacGraphicsSwitching.uplugin
LogPluginManager: Loaded Plugin MobileLauncherProfileWizard, From C:/Program Files (x86)/Epic Games/4.14/Engine/Plugins/Editor/MobileLauncherProfileWizard/MobileLauncherProfileWizard.uplugin
LogPluginManager: Loaded Plugin PluginBrowser, From C:/Program Files (x86)/Epic Games/4.14/Engine/Plugins/Editor/PluginBrowser/PluginBrowser.uplugin
LogPluginManager: Loaded Plugin SpeedTreeImporter, From C:/Program Files (x86)/Epic Games/4.14/Engine/Plugins/Editor/SpeedTreeImporter/SpeedTreeImporter.uplugin
LogPluginManager: Loaded Plugin SuperSearchEditor, From C:/Program Files (x86)/Epic Games/4.14/Engine/Plugins/Editor/SuperSearchEditor/SuperSearchEditor.uplugin
LogPluginManager: Loaded Plugin AlembicImporter, From C:/Program Files (x86)/Epic Games/4.14/Engine/Plugins/Experimental/AlembicImporter/AlembicImporter.uplugin
LogPluginManager: Loaded Plugin BlueprintStats, From C:/Program Files (x86)/Epic Games/4.14/Engine/Plugins/Experimental/BlueprintStats/BlueprintStats.uplugin
LogPluginManager: Loaded Plugin CharacterAI, From C:/Program Files (x86)/Epic Games/4.14/Engine/Plugins/Experimental/CharacterAI/CharacterAI.uplugin
LogPluginManager: Loaded Plugin CodeEditor, From C:/Program Files (x86)/Epic Games/4.14/Engine/Plugins/Experimental/CodeEditor/CodeEditor.uplugin
LogPluginManager: Loaded Plugin CodeView, From C:/Program Files (x86)/Epic Games/4.14/Engine/Plugins/Experimental/CodeView/CodeView.uplugin
LogPluginManager: Loaded Plugin HTML5Networking, From C:/Program Files (x86)/Epic Games/4.14/Engine/Plugins/Experimental/HTML5Networking/HTML5Networking.uplugin
LogPluginManager: Loaded Plugin OSVR, From C:/Program Files (x86)/Epic Games/4.14/Engine/Plugins/Experimental/OSVR/OSVR.uplugin
LogPluginManager: Loaded Plugin Phya, From C:/Program Files (x86)/Epic Games/4.14/Engine/Plugins/Experimental/Phya/Phya.uplugin
LogPluginManager: Loaded Plugin SignificanceManager, From C:/Program Files (x86)/Epic Games/4.14/Engine/Plugins/Experimental/SignificanceManager/SignificanceManager.uplugin
LogPluginManager: Loaded Plugin SimpleHMD, From C:/Program Files (x86)/Epic Games/4.14/Engine/Plugins/Experimental/SimpleHMD/SimpleHMD.uplugin
LogPluginManager: Loaded Plugin StereoPanorama, From C:/Program Files (x86)/Epic Games/4.14/Engine/Plugins/Experimental/StereoPanorama/StereoPanorama.uplugin
LogPluginManager: Loaded Plugin StructBox, From C:/Program Files (x86)/Epic Games/4.14/Engine/Plugins/Experimental/StructBox/StructBox.uplugin
LogPluginManager: Loaded Plugin AndroidMedia, From C:/Program Files (x86)/Epic Games/4.14/Engine/Plugins/Media/AndroidMedia/AndroidMedia.uplugin
LogPluginManager: Loaded Plugin AvfMedia, From C:/Program Files (x86)/Epic Games/4.14/Engine/Plugins/Media/AvfMedia/AvfMedia.uplugin
LogPluginManager: Loaded Plugin MediaPlayerEditor, From C:/Program Files (x86)/Epic Games/4.14/Engine/Plugins/Media/MediaPlayerEditor/MediaPlayerEditor.uplugin
LogPluginManager: Loaded Plugin WmfMedia, From C:/Program Files (x86)/Epic Games/4.14/Engine/Plugins/Media/WmfMedia/WmfMedia.uplugin
LogPluginManager: Loaded Plugin MessagingDebugger, From C:/Program Files (x86)/Epic Games/4.14/Engine/Plugins/Messaging/MessagingDebugger/MessagingDebugger.uplugin
LogPluginManager: Loaded Plugin TcpMessaging, From C:/Program Files (x86)/Epic Games/4.14/Engine/Plugins/Messaging/TcpMessaging/TcpMessaging.uplugin
LogPluginManager: Loaded Plugin UdpMessaging, From C:/Program Files (x86)/Epic Games/4.14/Engine/Plugins/Messaging/UdpMessaging/UdpMessaging.uplugin
LogPluginManager: Loaded Plugin LevelSequenceEditor, From C:/Program Files (x86)/Epic Games/4.14/Engine/Plugins/MovieScene/LevelSequenceEditor/LevelSequenceEditor.uplugin
LogPluginManager: Loaded Plugin MatineeToLevelSequence, From C:/Program Files (x86)/Epic Games/4.14/Engine/Plugins/MovieScene/MatineeToLevelSequence/MatineeToLevelSequence.uplugin
LogPluginManager: Loaded Plugin NetcodeUnitTest, From C:/Program Files (x86)/Epic Games/4.14/Engine/Plugins/NetcodeUnitTest/NetcodeUnitTest/NetcodeUnitTest.uplugin
LogPluginManager: Loaded Plugin NUTUnrealEngine4, From C:/Program Files (x86)/Epic Games/4.14/Engine/Plugins/NetcodeUnitTest/NUTUnrealEngine4/NUTUnrealEngine4.uplugin
LogPluginManager: Loaded Plugin OnlineSubsystemGameCircle, From C:/Program Files (x86)/Epic Games/4.14/Engine/Plugins/Online/Android/OnlineSubsystemGameCircle/OnlineSubsystemGameCircle.uplugin
LogPluginManager: Loaded Plugin OnlineSubsystemGooglePlay, From C:/Program Files (x86)/Epic Games/4.14/Engine/Plugins/Online/Android/OnlineSubsystemGooglePlay/OnlineSubsystemGooglePlay.uplugin
LogPluginManager: Loaded Plugin OnlineSubsystemIOS, From C:/Program Files (x86)/Epic Games/4.14/Engine/Plugins/Online/IOS/OnlineSubsystemIOS/OnlineSubsystemIOS.uplugin
LogPluginManager: Loaded Plugin OnlineFramework, From C:/Program Files (x86)/Epic Games/4.14/Engine/Plugins/Online/OnlineFramework/OnlineFramework.uplugin
LogPluginManager: Loaded Plugin OnlineSubsystem, From C:/Program Files (x86)/Epic Games/4.14/Engine/Plugins/Online/OnlineSubsystem/OnlineSubsystem.uplugin
LogPluginManager: Loaded Plugin OnlineSubsystemAmazon, From C:/Program Files (x86)/Epic Games/4.14/Engine/Plugins/Online/OnlineSubsystemAmazon/OnlineSubsystemAmazon.uplugin
LogPluginManager: Loaded Plugin OnlineSubsystemFacebook, From C:/Program Files (x86)/Epic Games/4.14/Engine/Plugins/Online/OnlineSubsystemFacebook/OnlineSubsystemFacebook.uplugin
LogPluginManager: Loaded Plugin OnlineSubsystemNull, From C:/Program Files (x86)/Epic Games/4.14/Engine/Plugins/Online/OnlineSubsystemNull/OnlineSubsystemNull.uplugin
LogPluginManager: Loaded Plugin OnlineSubsystemOculus, From C:/Program Files (x86)/Epic Games/4.14/Engine/Plugins/Online/OnlineSubsystemOculus/OnlineSubsystemOculus.uplugin
LogPluginManager: Loaded Plugin OnlineSubsystemSteam, From C:/Program Files (x86)/Epic Games/4.14/Engine/Plugins/Online/OnlineSubsystemSteam/OnlineSubsystemSteam.uplugin
LogPluginManager: Loaded Plugin OnlineSubsystemUtils, From C:/Program Files (x86)/Epic Games/4.14/Engine/Plugins/Online/OnlineSubsystemUtils/OnlineSubsystemUtils.uplugin
LogPluginManager: Loaded Plugin IOSTapJoy, From C:/Program Files (x86)/Epic Games/4.14/Engine/Plugins/Runtime/Advertising/IOSTapJoy/IOSTapJoy.uplugin
LogPluginManager: Loaded Plugin AnalyticsBlueprintLibrary, From C:/Program Files (x86)/Epic Games/4.14/Engine/Plugins/Runtime/Analytics/AnalyticsBlueprintLibrary/AnalyticsBlueprintLibrary.uplugin
LogPluginManager: Loaded Plugin AnalyticsMulticast, From C:/Program Files (x86)/Epic Games/4.14/Engine/Plugins/Runtime/Analytics/AnalyticsMulticast/AnalyticsMulticast.uplugin
LogPluginManager: Loaded Plugin Apsalar, From C:/Program Files (x86)/Epic Games/4.14/Engine/Plugins/Runtime/Analytics/Apsalar/Apsalar.uplugin
LogPluginManager: Loaded Plugin FileLogging, From C:/Program Files (x86)/Epic Games/4.14/Engine/Plugins/Runtime/Analytics/FileLogging/FileLogging.uplugin
LogPluginManager: Loaded Plugin Flurry, From C:/Program Files (x86)/Epic Games/4.14/Engine/Plugins/Runtime/Analytics/Flurry/Flurry.uplugin
LogPluginManager: Loaded Plugin AndroidDeviceProfileSelector, From C:/Program Files (x86)/Epic Games/4.14/Engine/Plugins/Runtime/AndroidDeviceProfileSelector/AndroidDeviceProfileSelector.uplugin
LogPluginManager: Loaded Plugin AndroidMoviePlayer, From C:/Program Files (x86)/Epic Games/4.14/Engine/Plugins/Runtime/AndroidMoviePlayer/AndroidMoviePlayer.uplugin
LogPluginManager: Loaded Plugin AppleMoviePlayer, From C:/Program Files (x86)/Epic Games/4.14/Engine/Plugins/Runtime/AppleMoviePlayer/AppleMoviePlayer.uplugin
LogPluginManager: Loaded Plugin ArchVisCharacter, From C:/Program Files (x86)/Epic Games/4.14/Engine/Plugins/Runtime/ArchVisCharacter/ArchVisCharacter.uplugin
LogPluginManager: Loaded Plugin CableComponent, From C:/Program Files (x86)/Epic Games/4.14/Engine/Plugins/Runtime/CableComponent/CableComponent.uplugin
LogPluginManager: Loaded Plugin CustomMeshComponent, From C:/Program Files (x86)/Epic Games/4.14/Engine/Plugins/Runtime/CustomMeshComponent/CustomMeshComponent.uplugin
LogPluginManager: Loaded Plugin ExampleDeviceProfileSelector, From C:/Program Files (x86)/Epic Games/4.14/Engine/Plugins/Runtime/ExampleDeviceProfileSelector/ExampleDeviceProfileSelector.uplugin
LogPluginManager: Loaded Plugin GearVR, From C:/Program Files (x86)/Epic Games/4.14/Engine/Plugins/Runtime/GearVR/GearVR.uplugin
LogPluginManager: Loaded Plugin GoogleVRController, From C:/Program Files (x86)/Epic Games/4.14/Engine/Plugins/Runtime/GoogleVR/GoogleVRController/GoogleVRController.uplugin
LogPluginManager: Loaded Plugin GoogleVRHMD, From C:/Program Files (x86)/Epic Games/4.14/Engine/Plugins/Runtime/GoogleVR/GoogleVRHMD/GoogleVRHMD.uplugin
LogPluginManager: Loaded Plugin IOSDeviceProfileSelector, From C:/Program Files (x86)/Epic Games/4.14/Engine/Plugins/Runtime/IOSDeviceProfileSelector/IOSDeviceProfileSelector.uplugin
LogPluginManager: Loaded Plugin LeapMotion, From C:/Program Files (x86)/Epic Games/4.14/Engine/Plugins/Runtime/LeapMotion/LeapMotion.uplugin
LogPluginManager: Loaded Plugin LinuxDeviceProfileSelector, From C:/Program Files (x86)/Epic Games/4.14/Engine/Plugins/Runtime/LinuxDeviceProfileSelector/LinuxDeviceProfileSelector.uplugin
LogPluginManager: Loaded Plugin MIDIDevice, From C:/Program Files (x86)/Epic Games/4.14/Engine/Plugins/Runtime/MIDIDevice/MIDIDevice.uplugin
LogPluginManager: Loaded Plugin MobilePatchingUtils, From C:/Program Files (x86)/Epic Games/4.14/Engine/Plugins/Runtime/MobilePatchingUtils/MobilePatchingUtils.uplugin
LogPluginManager: Loaded Plugin Ansel, From C:/Program Files (x86)/Epic Games/4.14/Engine/Plugins/Runtime/Nvidia/Ansel/Ansel.uplugin
LogPluginManager: Loaded Plugin OculusAudio, From C:/Program Files (x86)/Epic Games/4.14/Engine/Plugins/Runtime/OculusAudio/OculusAudio.uplugin
LogPluginManager: Loaded Plugin OculusInput, From C:/Program Files (x86)/Epic Games/4.14/Engine/Plugins/Runtime/OculusInput/OculusInput.uplugin
LogPluginManager: Loaded Plugin OculusLibrary, From C:/Program Files (x86)/Epic Games/4.14/Engine/Plugins/Runtime/OculusLibrary/OculusLibrary.uplugin
LogPluginManager: Loaded Plugin OculusRift, From C:/Program Files (x86)/Epic Games/4.14/Engine/Plugins/Runtime/OculusRift/OculusRift.uplugin
LogPluginManager: Loaded Plugin Oodle, From C:/Program Files (x86)/Epic Games/4.14/Engine/Plugins/Runtime/PacketHandlers/CompressionComponents/Oodle/Oodle.uplugin
LogPluginManager: Loaded Plugin ProceduralMeshComponent, From C:/Program Files (x86)/Epic Games/4.14/Engine/Plugins/Runtime/ProceduralMeshComponent/ProceduralMeshComponent.uplugin
LogPluginManager: Loaded Plugin SoundMod, From C:/Program Files (x86)/Epic Games/4.14/Engine/Plugins/Runtime/SoundMod/SoundMod.uplugin
LogPluginManager: Loaded Plugin SoundVisualizations, From C:/Program Files (x86)/Epic Games/4.14/Engine/Plugins/Runtime/SoundVisualizations/SoundVisualizations.uplugin
LogPluginManager: Loaded Plugin SteamController, From C:/Program Files (x86)/Epic Games/4.14/Engine/Plugins/Runtime/Steam/SteamController/SteamController.uplugin
LogPluginManager: Loaded Plugin SteamVR, From C:/Program Files (x86)/Epic Games/4.14/Engine/Plugins/Runtime/Steam/SteamVR/SteamVR.uplugin
LogPluginManager: Loaded Plugin WebBrowserWidget, From C:/Program Files (x86)/Epic Games/4.14/Engine/Plugins/Runtime/WebBrowserWidget/WebBrowserWidget.uplugin
LogPluginManager: Loaded Plugin WindowsDeviceProfileSelector, From C:/Program Files (x86)/Epic Games/4.14/Engine/Plugins/Runtime/WindowsDeviceProfileSelector/WindowsDeviceProfileSelector.uplugin
LogPluginManager: Loaded Plugin WindowsMoviePlayer, From C:/Program Files (x86)/Epic Games/4.14/Engine/Plugins/Runtime/WindowsMoviePlayer/WindowsMoviePlayer.uplugin
LogPluginManager: Loaded Plugin ScriptPlugin, From C:/Program Files (x86)/Epic Games/4.14/Engine/Plugins/ScriptPlugin/ScriptPlugin.uplugin
LogPluginManager: Loaded Plugin SlateRemote, From C:/Program Files (x86)/Epic Games/4.14/Engine/Plugins/Slate/SlateRemote/SlateRemote.uplugin
LogPluginManager: Loaded Plugin EditorTests, From C:/Program Files (x86)/Epic Games/4.14/Engine/Plugins/Tests/EditorTests/EditorTests.uplugin
LogPluginManager: Loaded Plugin FbxAutomationTestBuilder, From C:/Program Files (x86)/Epic Games/4.14/Engine/Plugins/Tests/FbxAutomationTestBuilder/FbxAutomationTestBuilder.uplugin
LogPluginManager: Loaded Plugin FunctionalTestingEditor, From C:/Program Files (x86)/Epic Games/4.14/Engine/Plugins/Tests/FunctionalTestingEditor/FunctionalTestingEditor.uplugin
LogPluginManager: Loaded Plugin RuntimeTests, From C:/Program Files (x86)/Epic Games/4.14/Engine/Plugins/Tests/RuntimeTests/RuntimeTests.uplugin
LogPluginManager: Loaded Plugin ScreenshotTools, From C:/Program Files (x86)/Epic Games/4.14/Engine/Plugins/Tests/ScreenshotTools/ScreenshotTools.uplugin
LogInit: Using libcurl 7.47.1
LogInit:  - built for x86_64-pc-win32
LogInit:  - supports SSL with OpenSSL/1.0.2g
LogInit:  - supports HTTP deflate (compression) using libz 1.2.8
LogInit:  - other features:
LogInit:      CURL_VERSION_SSL
LogInit:      CURL_VERSION_LIBZ
LogInit:      CURL_VERSION_IPV6
LogInit:      CURL_VERSION_ASYNCHDNS
LogInit:      CURL_VERSION_LARGEFILE
LogInit:      CURL_VERSION_IDN
LogInit:  CurlRequestOptions (configurable via config and command line):
LogInit:  - bVerifyPeer = false  - Libcurl will NOT verify peer certificate
LogInit:  - bUseHttpProxy = false  - Libcurl will NOT use HTTP proxy
LogInit:  - bDontReuseConnections = false  - Libcurl will reuse connections
LogInit:  - CertBundlePath = nullptr  - Libcurl will use whatever was configured at build time.
LogInit: Build: ++UE4+Release-4.14-CL-3249277
LogInit: Engine Version: 4.14.3-3249277+++UE4+Release-4.14
LogInit: Compatible Engine Version: 4.14.0-3195953+++UE4+Release-4.14
LogInit: Net CL: 3195953
LogDevObjectVersion: Number of dev versions registered: 13
LogDevObjectVersion:   Dev-Blueprints (B0D832E4-1F89-4F0D-ACCF-7EB736FD4AA2): 7
LogDevObjectVersion:   Dev-Build (E1C64328-A22C-4D53-A36C-8E866417BD8C): 0
LogDevObjectVersion:   Dev-Core (375EC13C-06E4-48FB-B500-84F0262A717E): 1
LogDevObjectVersion:   Dev-Editor (E4B068ED-F494-42E9-A231-DA0B2E46BB41): 8
LogDevObjectVersion:   Dev-Framework (CFFC743F-43B0-4480-9391-14DF171D2073): 17
LogDevObjectVersion:   Dev-Mobile (B02B49B5-BB20-44E9-A304-32B752E40360): 0
LogDevObjectVersion:   Dev-Networking (A4E4105C-59A1-49B5-A7C5-40C4547EDFEE): 0
LogDevObjectVersion:   Dev-Online (39C831C9-5AE6-47DC-9A44-9C173E1C8E7C): 0
LogDevObjectVersion:   Dev-Physics (78F01B33-EBEA-4F98-B9B4-84EACCB95AA2): 0
LogDevObjectVersion:   Dev-Platform (6631380F-2D4D-43E0-8009-CF276956A95A): 0
LogDevObjectVersion:   Dev-Rendering (12F88B9F-8875-4AFC-A67C-D90C383ABD29): 12
LogDevObjectVersion:   Dev-Sequencer (7B5AE74C-D270-4C10-A958-57980B212A5A): 1
LogDevObjectVersion:   Dev-VR (D7296918-1DD6-4BDD-9DE2-64A83CC13884): 0
LogInit: Compiled (64-bit): Jan  6 2017 10:49:43
LogInit: Compiled with Visual C++: 19.00.23026.00
LogInit: Build Configuration: Development
LogInit: Branch Name: ++UE4+Release-4.14
LogInit: Command line: -EpicPortal 
LogInit: Base directory: C:/Program Files (x86)/Epic Games/4.14/Engine/Binaries/Win64/
LogInit: Installed Engine Build: 1
LogInit: Presizing for max 8388607 objects, including 0 objects not considered by GC, pre-allocating 0 bytes for permanent pool.
LogInit: Object subsystem initialized
[2017.03.27-20.36.21:386][  0]LogInit: Selected Device Profile: [Windows]
[2017.03.27-20.36.21:386][  0]LogInit: Applying CVar settings loaded from the selected device profile: [Windows]
[2017.03.27-20.36.21:392][  0]LogInit: Computer: BRANDONGAMINGPC
[2017.03.27-20.36.21:392][  0]LogInit: User: Brandon
[2017.03.27-20.36.21:392][  0]LogInit: CPU Page size=65536, Cores=4
[2017.03.27-20.36.21:392][  0]LogInit: High frequency timer resolution =3.319375 MHz
[2017.03.27-20.36.21:393][  0]LogMemory: Memory total: Physical=7.9GB (8GB approx)
[2017.03.27-20.36.21:393][  0]LogMemory: Platform Memory Stats for Windows
[2017.03.27-20.36.21:393][  0]LogMemory: Process Physical Memory: 264.45 MB used, 264.45 MB peak
[2017.03.27-20.36.21:393][  0]LogMemory: Process Virtual Memory: 264.16 MB used, 264.16 MB peak
[2017.03.27-20.36.21:393][  0]LogMemory: Physical Memory: 4157.45 MB used,  3972.95 MB free, 8130.41 MB total
[2017.03.27-20.36.21:393][  0]LogMemory: Virtual Memory: 664.48 MB used,  3972.95 MB free, 8388608.00 MB total
[2017.03.27-20.36.21:417][  0]LogTextLocalizationManager: No specific translations for ('en-US') exist, so ('en') translations will be used.
[2017.03.27-20.36.21:926][  0]LogD3D11RHI: D3D11 adapters:
[2017.03.27-20.36.22:396][  0]LogD3D11RHI:    0. 'NVIDIA GeForce GTX 760' (Feature Level 11_0)
[2017.03.27-20.36.22:396][  0]LogD3D11RHI:       1989/0/3809 MB DedicatedVideo/DedicatedSystem/SharedSystem, Outputs:2, VendorId:0x10de
[2017.03.27-20.36.22:396][  0]LogD3D11RHI: Chosen D3D11 Adapter: 0
[2017.03.27-20.36.22:400][  0]LogD3D11RHI: Creating new Direct3DDevice
[2017.03.27-20.36.22:400][  0]LogD3D11RHI:     GPU DeviceId: 0x1187 (for the marketing name, search the web for "GPU Device Id")
[2017.03.27-20.36.22:400][  0]LogWindows: EnumDisplayDevices:
[2017.03.27-20.36.22:400][  0]LogWindows:    0. 'NVIDIA GeForce GTX 760' (P:1 D:1)
[2017.03.27-20.36.22:400][  0]LogWindows:    1. 'NVIDIA GeForce GTX 760' (P:0 D:1)
[2017.03.27-20.36.22:400][  0]LogWindows:    2. 'NVIDIA GeForce GTX 760' (P:0 D:0)
[2017.03.27-20.36.22:400][  0]LogWindows:    3. 'NVIDIA GeForce GTX 760' (P:0 D:0)
[2017.03.27-20.36.22:401][  0]LogWindows:    4. 'RDPDD Chained DD' (P:0 D:0)
[2017.03.27-20.36.22:401][  0]LogWindows:    5. 'RDP Encoder Mirror Driver' (P:0 D:0)
[2017.03.27-20.36.22:401][  0]LogWindows:    6. 'RDP Reflector Display Driver' (P:0 D:0)
[2017.03.27-20.36.22:401][  0]LogWindows: DebugString: GetVideoDriverDetailsInvalid PrimaryIsNotTheChoosenAdapter GetVideoDriverDetailsInvalid PrimaryIsNotTheChoosenAdapter GetVideoDriverDetailsInvalid PrimaryIsNotTheChoosenAdapter FoundDriverCount:4 
[2017.03.27-20.36.22:401][  0]LogD3D11RHI:     Adapter Name: NVIDIA GeForce GTX 760
[2017.03.27-20.36.22:401][  0]LogD3D11RHI:   Driver Version: 376.33 (internal:21.21.13.7633, unified:376.33)
[2017.03.27-20.36.22:401][  0]LogD3D11RHI:      Driver Date: 12-11-2016
[2017.03.27-20.36.22:401][  0]LogRHI: Texture pool is 1361 MB (70% of 1945 MB)
[2017.03.27-20.36.22:865][  0]LogD3D11RHI:Warning: Timestamp queries are currently disabled on this hardware due to instability. Realtime GPU stats will not be available. You can override this behaviour by setting r.NVIDIATimestampWorkaround to 0
[2017.03.27-20.36.22:865][  0]LogD3D11RHI: Async texture creation enabled
[2017.03.27-20.36.22:916][  0]LogD3D11RHI: GPU Timing Frequency: 1000.000000 (Debug: 2 2)
[2017.03.27-20.36.22:916][  0]LogShaderCompilers: Guid format shader working directory is -19 characters bigger than the processId version (../../../../../../Users/Brandon/Desktop/OcelotAndLory/OcelotAndLory/Intermediate/Shaders/WorkingDirectory/2208/).
[2017.03.27-20.36.22:916][  0]LogShaderCompilers: Cleaned the shader compiler working directory 'C:/Users/Brandon/AppData/Local/Temp/UnrealShaderWorkingDir/73E25FF941CE80ED376DB7B12E2179BA/'.
[2017.03.27-20.36.22:916][  0]LogShaderCompilers:Display: Using Local Shader Compiler.
[2017.03.27-20.36.23:836][  0]LogTemp:Display: Loaded TP AllDesktopTargetPlatform
[2017.03.27-20.36.23:876][  0]LogTemp:Display: Loaded TP MacClientTargetPlatform
[2017.03.27-20.36.23:916][  0]LogTemp:Display: Loaded TP MacNoEditorTargetPlatform
[2017.03.27-20.36.23:957][  0]LogTemp:Display: Loaded TP MacServerTargetPlatform
[2017.03.27-20.36.23:996][  0]LogTemp:Display: Loaded TP MacTargetPlatform
[2017.03.27-20.36.24:036][  0]LogTemp:Display: Loaded TP WindowsClientTargetPlatform
[2017.03.27-20.36.24:076][  0]LogTemp:Display: Loaded TP WindowsNoEditorTargetPlatform
[2017.03.27-20.36.24:116][  0]LogTemp:Display: Loaded TP WindowsServerTargetPlatform
[2017.03.27-20.36.24:146][  0]LogTemp:Display: Loaded TP WindowsTargetPlatform
[2017.03.27-20.36.24:185][  0]LogTemp:Display: Loaded TP AndroidTargetPlatform
[2017.03.27-20.36.24:225][  0]LogTemp:Display: Loaded TP Android_ASTCTargetPlatform
[2017.03.27-20.36.24:264][  0]LogTemp:Display: Loaded TP Android_ATCTargetPlatform
[2017.03.27-20.36.24:303][  0]LogTemp:Display: Loaded TP Android_DXTTargetPlatform
[2017.03.27-20.36.24:343][  0]LogTemp:Display: Loaded TP Android_ETC1TargetPlatform
[2017.03.27-20.36.24:382][  0]LogTemp:Display: Loaded TP Android_ETC2TargetPlatform
[2017.03.27-20.36.24:463][  0]LogTemp:Display: Loaded TP Android_MultiTargetPlatform
[2017.03.27-20.36.24:463][  0]LogTemp:Display: Loaded TP Android_PVRTCTargetPlatform
[2017.03.27-20.36.24:492][  0]LogTemp:Display: Loaded TP HTML5TargetPlatform
[2017.03.27-20.36.24:558][  0]LogTemp:Display: Loaded TP IOSTargetPlatform
[2017.03.27-20.36.24:585][  0]LogTemp:Display: Loaded TP TVOSTargetPlatform
[2017.03.27-20.36.24:625][  0]LogTemp:Display: Loaded TP LinuxClientTargetPlatform
[2017.03.27-20.36.24:664][  0]LogTemp:Display: Loaded TP LinuxNoEditorTargetPlatform
[2017.03.27-20.36.24:703][  0]LogTemp:Display: Loaded TP LinuxServerTargetPlatform
[2017.03.27-20.36.24:742][  0]LogTemp:Display: Loaded TP LinuxTargetPlatform
[2017.03.27-20.36.24:742][  0]LogTargetPlatformManager:Display: Building Assets For Windows
[2017.03.27-20.36.24:990][  0]LogDerivedDataCache:Display: Max Cache Size: 512 MB
[2017.03.27-20.36.25:044][  0]LogDerivedDataCache: Loaded boot cache 0.05s 50MB C:/Users/Brandon/AppData/Local/UnrealEngine/4.14/DerivedDataCache/Boot.ddc.
[2017.03.27-20.36.25:044][  0]LogDerivedDataCache:Display: Loaded Boot cache: C:/Users/Brandon/AppData/Local/UnrealEngine/4.14/DerivedDataCache/Boot.ddc
[2017.03.27-20.36.25:044][  0]LogDerivedDataCache: FDerivedDataBackendGraph:  Pak pak cache file ../../../../../../Users/Brandon/Desktop/OcelotAndLory/OcelotAndLory/DerivedDataCache/DDC.ddp not found, will not use a pak cache.
[2017.03.27-20.36.25:044][  0]LogDerivedDataCache: Unable to find inner node Pak for hierarchical cache Hierarchy.
[2017.03.27-20.36.25:044][  0]LogDerivedDataCache: FDerivedDataBackendGraph:  CompressedPak pak cache file ../../../../../../Users/Brandon/Desktop/OcelotAndLory/OcelotAndLory/DerivedDataCache/Compressed.ddp not found, will not use a pak cache.
[2017.03.27-20.36.25:044][  0]LogDerivedDataCache: Unable to find inner node CompressedPak for hierarchical cache Hierarchy.
[2017.03.27-20.36.25:060][  0]LogDerivedDataCache:Display: Pak cache opened for reading ../../../Engine/DerivedDataCache/Compressed.ddp.
[2017.03.27-20.36.25:071][  0]LogDerivedDataCache: Using Local data cache path C:/Users/Brandon/AppData/Local/UnrealEngine/Common/DerivedDataCache: Writable
[2017.03.27-20.36.25:236][  0]LogInit: Selected Device Profile: [Windows]
[2017.03.27-20.36.25:239][  0]LogContentStreaming: Texture pool size is 0.00 MB
[2017.03.27-20.36.25:396][  0]LogMeshUtilities: Using QuadricMeshReduction for automatic static mesh reduction
[2017.03.27-20.36.25:425][  0]LogSimplygon: Simplygon DLL not present - disabling.
[2017.03.27-20.36.25:454][  0]LogMeshUtilities: Using SimplygonSwarm for distributed automatic mesh merging
[2017.03.27-20.36.25:454][  0]LogMeshUtilities: No automatic skeletal mesh reduction module available
[2017.03.27-20.36.25:454][  0]LogMeshUtilities: No automatic mesh merging module available
[2017.03.27-20.36.25:848][  0]LogNetVersion: GetLocalNetworkVersion: CL: 3195953, ProjectName: ocelotandlory, ProjectVersion: , EngineNetworkVersion: 2, GameNetworkVersion: 0, NetworkChecksum: 657362259
[2017.03.27-20.36.25:893][  0]LogAssetRegistry: FAssetRegistry took 0.0201 seconds to start up
[2017.03.27-20.36.25:923][  0]LogPackageLocalizationCache: Processed 3 localized package path(s) for 2 prioritized culture(s) in 0.017065 seconds
[2017.03.27-20.36.25:929][  0]LogUObjectArray: 31946 objects as part of root set at end of initial load.
[2017.03.27-20.36.25:929][  0]LogUObjectAllocator: 6935848 out of 0 bytes used by permanent object pool.
[2017.03.27-20.36.25:929][  0]LogUObjectArray: CloseDisregardForGC: 0/0 objects in disregard for GC pool
[2017.03.27-20.36.25:966][  0]LogInit: WinSock: version 1.1 (2.2), MaxSocks=32767, MaxUdp=65467
[2017.03.27-20.36.26:436][  0]LogSlate: Using Freetype 2.6.0
[2017.03.27-20.36.26:437][  0]LogSlate: SlateFontCache - WITH_FREETYPE: 1, WITH_HARFBUZZ: 1
[2017.03.27-20.36.26:437][  0]LogSlate: SlateFontCache - WITH_FREETYPE: 1, WITH_HARFBUZZ: 1
[2017.03.27-20.36.27:023][  0]LogTcpMessaging: Initializing TcpMessaging bridge
[2017.03.27-20.36.27:053][  0]LogUdpMessaging: Initializing bridge on interface 0.0.0.0:0 to multicast group 230.0.0.1:6666.
[2017.03.27-20.36.27:271][  0]LogMaterial: Uniform references updated for custom material expression Custom.
[2017.03.27-20.36.27:532][  0]SourceControl: Info Source control is disabled
[2017.03.27-20.36.27:553][  0]SourceControl: Info Source control is disabled
[2017.03.27-20.36.27:582][  0]SourceControl: Info Source control is disabled
[2017.03.27-20.36.27:611][  0]SourceControl: Info Source control is disabled
[2017.03.27-20.36.28:418][  0]LogEngine: Initializing Engine...
[2017.03.27-20.36.28:427][  0]LogHMD: Failed to initialize OpenVR with code 108
[2017.03.27-20.36.28:614][  0]LogAIModule: Creating AISystem for world Untitled
[2017.03.27-20.36.28:620][  0]LogInit: XAudio2 using 'Sennheiser 598 (High Definition Audio Device)' : 2 channels at 44.1 kHz using 16 bits per sample (channel mask 0x3)
[2017.03.27-20.36.28:626][  0]LogInit: FAudioDevice initialized.
[2017.03.27-20.36.28:674][  0]LogDerivedDataCache: Saved boot cache 0.05s 50MB C:/Users/Brandon/AppData/Local/UnrealEngine/4.14/DerivedDataCache/Boot.ddc.
[2017.03.27-20.36.28:678][  0]LogInit: Texture streaming: Enabled
[2017.03.27-20.36.28:792][  0]LogInit: Transaction tracking system initialized
[2017.03.27-20.36.29:014][  0]BlueprintLog: New page: Editor Load
[2017.03.27-20.36.29:574][  0]LocalizationService: Info Localization service is disabled
[2017.03.27-20.36.29:994][  0]LogConsoleResponse:Display: 
[2017.03.27-20.36.30:099][  0]LogCook:Display: Max memory allowance for cook 16384mb min free memory 0mb
[2017.03.27-20.36.30:099][  0]LogCook:Display: Mobile HDR setting 1
[2017.03.27-20.36.30:671][  0]LogFileCache: Scanning file cache for directory 'C:/Users/Brandon/Desktop/OcelotAndLory/OcelotAndLory/Content/' took 0.01s
[2017.03.27-20.36.30:702][  0]SourceControl: Info Source control is disabled
[2017.03.27-20.36.30:702][  0]Cmd: MAP LOAD FILE="../../../../../../Users/Brandon/Desktop/OcelotAndLory/OcelotAndLory/Content/Maps/Example_Map.umap" TEMPLATE=0 SHOWPROGRESS=1 FEATURELEVEL=3
[2017.03.27-20.36.30:702][  0]LightingResults: New page: Lighting Build
[2017.03.27-20.36.30:728][  0]MapCheck: New page: Map Check
[2017.03.27-20.36.30:728][  0]LightingResults: New page: Lighting Build
[2017.03.27-20.36.30:942][  0]LogBlueprint:Warning: [Compiler CharacterBP] Warning InputAction Event references unknown Action 'Scratch' for  K2Node_InputAction_15
[2017.03.27-20.36.30:942][  0]LogBlueprint:Warning: [Compiler CharacterBP] Warning InputAction Event references unknown Action 'Meow' for  K2Node_InputAction_336
[2017.03.27-20.36.30:949][  0]LogBlueprint:Warning: [Compiler CharacterBP] Warning [0010.72] Compile of CharacterBP successful, but with 2 Warning(s) [in 15 ms] (/Game/CuteKitten/Character/CharacterBP.CharacterBP)
[2017.03.27-20.36.30:950][  0]LogBlueprint:Warning: [Compiler CharacterBP] Warning [0010.72] Compile of CharacterBP successful, but with 3 Warning(s) [in 0 ms] (/Game/CuteKitten/Character/CharacterBP.CharacterBP)
[2017.03.27-20.36.30:950][  0]LogBlueprint:Warning: [Compiler CharacterBP] Warning [0010.72] Compile of CharacterBP successful, but with 4 Warning(s) [in 0 ms] (/Game/CuteKitten/Character/CharacterBP.CharacterBP)
[2017.03.27-20.36.30:986][  0]LogBlueprint:Warning: [Compiler CharacterBP] Warning InputAction Event references unknown Action 'Scratch' for  K2Node_InputAction_15
[2017.03.27-20.36.30:986][  0]LogBlueprint:Warning: [Compiler CharacterBP] Warning InputAction Event references unknown Action 'Meow' for  K2Node_InputAction_336
[2017.03.27-20.36.30:993][  0]LogBlueprint:Warning: [Compiler CharacterBP] Warning [0010.76] Compile of CharacterBP successful, but with 2 Warning(s) [in 14 ms] (/Game/CuteKitten/Character/CharacterBP.CharacterBP)
[2017.03.27-20.36.30:993][  0]LogBlueprint:Warning: [Compiler CharacterBP] Warning [0010.76] Compile of CharacterBP successful, but with 3 Warning(s) [in 0 ms] (/Game/CuteKitten/Character/CharacterBP.CharacterBP)
[2017.03.27-20.36.30:994][  0]LogBlueprint:Warning: [Compiler CharacterBP] Warning [0010.76] Compile of CharacterBP successful, but with 4 Warning(s) [in 0 ms] (/Game/CuteKitten/Character/CharacterBP.CharacterBP)
[2017.03.27-20.36.31:153][  0]LogLinker:Warning: Can't find file '/Game/Foliage/Meshes/Bush/SM_bush2'
[2017.03.27-20.36.31:153][  0]LogLinker:Warning: Can't find file for asset '/Game/Foliage/Meshes/Bush/SM_bush2' while loading ../../../../../../Users/Brandon/Desktop/OcelotAndLory/OcelotAndLory/Content/Maps/Example_Map.umap.
[2017.03.27-20.36.31:153][  0]LoadErrors:Error: Error /Game/Maps/Example_Map : Can't find file for asset. /Game/Foliage/Meshes/Bush/SM_bush2
[2017.03.27-20.36.31:154][  0]LogLinker:Warning: Can't find file '/Game/StarterContent/Materials/M_Basic_Wall'
[2017.03.27-20.36.31:154][  0]LogLinker:Warning: Can't find file for asset '/Game/StarterContent/Materials/M_Basic_Wall' while loading ../../../../../../Users/Brandon/Desktop/OcelotAndLory/OcelotAndLory/Content/StarterContent/Shapes/Shape_Cube.uasset.
[2017.03.27-20.36.31:154][  0]LoadErrors:Error: Error /Game/StarterContent/Shapes/Shape_Cube : Can't find file for asset. /Game/StarterContent/Materials/M_Basic_Wall
[2017.03.27-20.36.31:154][  0]LogLinker:Warning: Can't find file '/Game/StarterContent/Materials/M_Basic_Wall'
[2017.03.27-20.36.31:154][  0]LogLinker:Warning: Can't find file for asset '/Game/StarterContent/Materials/M_Basic_Wall' while loading ../../../../../../Users/Brandon/Desktop/OcelotAndLory/OcelotAndLory/Content/StarterContent/Shapes/Shape_Cube.uasset.
[2017.03.27-20.36.31:154][  0]LoadErrors:Error: Error /Game/StarterContent/Shapes/Shape_Cube : Can't find file for asset. /Game/StarterContent/Materials/M_Basic_Wall
[2017.03.27-20.36.31:176][  0]LogLinker:Warning: Can't find file '/Game/Foliage/Meshes/Bush/SM_bush2'
[2017.03.27-20.36.31:176][  0]LogLinker:Warning: Can't find file for asset '/Game/Foliage/Meshes/Bush/SM_bush2' while loading ../../../../../../Users/Brandon/Desktop/OcelotAndLory/OcelotAndLory/Content/Maps/Example_Map.umap.
[2017.03.27-20.36.31:177][  0]LoadErrors:Error: Error /Game/Maps/Example_Map : Can't find file for asset. /Game/Foliage/Meshes/Bush/SM_bush2
[2017.03.27-20.36.31:178][  0]LogLinker:Warning: Can't find file '/Game/Foliage/Meshes/Bush/SM_bush2'
[2017.03.27-20.36.31:178][  0]LogLinker:Warning: Can't find file for asset '/Game/Foliage/Meshes/Bush/SM_bush2' while loading NULL.
[2017.03.27-20.36.31:178][  0]LogLinker:Warning: Can't find file '/Game/Foliage/Meshes/Bush/SM_bush2'
[2017.03.27-20.36.31:178][  0]LogLinker:Warning: Can't find file for asset '/Game/Foliage/Meshes/Bush/SM_bush2' while loading NULL.
[2017.03.27-20.36.31:296][  0]LogLinker:Warning: Can't find file '/Game/Foliage/Meshes/Bush/SM_bush2'
[2017.03.27-20.36.31:296][  0]LoadErrors: Info Failed to load /Game/Foliage/Meshes/Bush/SM_bush2.SM_bush2 Referenced by FoliageInstancedStaticMeshComponent_7
[2017.03.27-20.36.31:297][  0]LogLinker:Warning: Can't find file for asset '/Game/Foliage/Meshes/Bush/SM_bush2' while loading NULL.
[2017.03.27-20.36.31:297][  0]LoadErrors: Info Failed to load /Game/Foliage/Meshes/Bush/SM_bush2.SM_bush2 Referenced by FoliageInstancedStaticMeshComponent_7
[2017.03.27-20.36.31:297][  0]LogLinker:Warning: Can't find file '/Game/Foliage/Meshes/Bush/SM_bush2'
[2017.03.27-20.36.31:297][  0]LoadErrors: Info Failed to load /Game/Foliage/Meshes/Bush/SM_bush2.SM_bush2 Referenced by FoliageType_InstancedStaticMesh_7
[2017.03.27-20.36.31:297][  0]LogLinker:Warning: Can't find file for asset '/Game/Foliage/Meshes/Bush/SM_bush2' while loading NULL.
[2017.03.27-20.36.31:297][  0]LoadErrors: Info Failed to load /Game/Foliage/Meshes/Bush/SM_bush2.SM_bush2 Referenced by FoliageType_InstancedStaticMesh_7
[2017.03.27-20.36.31:389][  0]LogLinker:Warning: Can't find file '/Game/StarterContent/Materials/M_Basic_Wall'
[2017.03.27-20.36.31:390][  0]LoadErrors: Info Failed to load /Game/StarterContent/Materials/M_Basic_Wall.M_Basic_Wall Referenced by Shape_Cube
[2017.03.27-20.36.31:390][  0]LogLinker:Warning: Can't find file for asset '/Game/StarterContent/Materials/M_Basic_Wall' while loading NULL.
[2017.03.27-20.36.31:390][  0]LoadErrors: Info Failed to load /Game/StarterContent/Materials/M_Basic_Wall.M_Basic_Wall Referenced by Shape_Cube
[2017.03.27-20.36.31:603][  0]LogBlueprint:Warning: Node '/Game/Character/HeroTPP_AnimBlueprint.HeroTPP_AnimBlueprint:AnimGraph.AnimGraphNode_StateMachine_1.Default.AnimStateNode_1.Idle/Run.AnimGraphNode_BlendSpacePlayer_9' missing NodeGuid because of upgrade from old package version, this can cause deterministic cooking issues please resave package.
[2017.03.27-20.36.31:603][  0]LogBlueprint:Warning: Node '/Game/Character/HeroTPP_AnimBlueprint.HeroTPP_AnimBlueprint:AnimGraph.AnimGraphNode_Root_5' missing NodeGuid because of upgrade from old package version, this can cause deterministic cooking issues please resave package.
[2017.03.27-20.36.31:603][  0]LogBlueprint:Warning: Node '/Game/Character/HeroTPP_AnimBlueprint.HeroTPP_AnimBlueprint:AnimGraph.AnimGraphNode_StateMachine_1.Default.AnimStateNode_4.JumpStart.AnimGraphNode_SequencePlayer_34' missing NodeGuid because of upgrade from old package version, this can cause deterministic cooking issues please resave package.
[2017.03.27-20.36.31:603][  0]LogBlueprint:Warning: Node '/Game/Character/HeroTPP_AnimBlueprint.HeroTPP_AnimBlueprint:AnimGraph.AnimGraphNode_StateMachine_1.Default.AnimStateNode_6.JumpLoop.AnimGraphNode_SequencePlayer_40' missing NodeGuid because of upgrade from old package version, this can cause deterministic cooking issues please resave package.
[2017.03.27-20.36.31:603][  0]LogBlueprint:Warning: Node '/Game/Character/HeroTPP_AnimBlueprint.HeroTPP_AnimBlueprint:AnimGraph.AnimGraphNode_StateMachine_1.Default.AnimStateNode_8.JumpEnd.AnimGraphNode_SequencePlayer_46' missing NodeGuid because of upgrade from old package version, this can cause deterministic cooking issues please resave package.
[2017.03.27-20.36.31:603][  0]LogBlueprint:Warning: Node '/Game/Character/HeroTPP_AnimBlueprint.HeroTPP_AnimBlueprint:AnimGraph.AnimGraphNode_StateMachine_1' missing NodeGuid because of upgrade from old package version, this can cause deterministic cooking issues please resave package.
[2017.03.27-20.36.31:603][  0]LogBlueprint:Warning: Node '/Game/Character/HeroTPP_AnimBlueprint.HeroTPP_AnimBlueprint:AnimGraph.AnimGraphNode_StateMachine_1.Default.AnimStateNode_1.Idle/Run.AnimGraphNode_StateResult_0' missing NodeGuid because of upgrade from old package version, this can cause deterministic cooking issues please resave package.
[2017.03.27-20.36.31:603][  0]LogBlueprint:Warning: Node '/Game/Character/HeroTPP_AnimBlueprint.HeroTPP_AnimBlueprint:AnimGraph.AnimGraphNode_StateMachine_1.Default.AnimStateNode_4.JumpStart.AnimGraphNode_StateResult_9' missing NodeGuid because of upgrade from old package version, this can cause deterministic cooking issues please resave package.
[2017.03.27-20.36.31:603][  0]LogBlueprint:Warning: Node '/Game/Character/HeroTPP_AnimBlueprint.HeroTPP_AnimBlueprint:AnimGraph.AnimGraphNode_StateMachine_1.Default.AnimStateNode_6.JumpLoop.AnimGraphNode_StateResult_16' missing NodeGuid because of upgrade from old package version, this can cause deterministic cooking issues please resave package.
[2017.03.27-20.36.31:603][  0]LogBlueprint:Warning: Node '/Game/Character/HeroTPP_AnimBlueprint.HeroTPP_AnimBlueprint:AnimGraph.AnimGraphNode_StateMachine_1.Default.AnimStateNode_8.JumpEnd.AnimGraphNode_StateResult_26' missing NodeGuid because of upgrade from old package version, this can cause deterministic cooking issues please resave package.
[2017.03.27-20.36.31:603][  0]LogBlueprint:Warning: Node '/Game/Character/HeroTPP_AnimBlueprint.HeroTPP_AnimBlueprint:AnimGraph.AnimGraphNode_StateMachine_1.Default.AnimStateTransitionNode_1.Transition.AnimGraphNode_TransitionResult_0' missing NodeGuid because of upgrade from old package version, this can cause deterministic cooking issues please resave package.
[2017.03.27-20.36.31:603][  0]LogBlueprint:Warning: Node '/Game/Character/HeroTPP_AnimBlueprint.HeroTPP_AnimBlueprint:AnimGraph.AnimGraphNode_StateMachine_1.Default.AnimStateTransitionNode_3.Transition.AnimGraphNode_TransitionResult_3' missing NodeGuid because of upgrade from old package version, this can cause deterministic cooking issues please resave package.
[2017.03.27-20.36.31:603][  0]LogBlueprint:Warning: Node '/Game/Character/HeroTPP_AnimBlueprint.HeroTPP_AnimBlueprint:AnimGraph.AnimGraphNode_StateMachine_1.Default.AnimStateTransitionNode_5.Transition.AnimGraphNode_TransitionResult_9' missing NodeGuid because of upgrade from old package version, this can cause deterministic cooking issues please resave package.
[2017.03.27-20.36.31:603][  0]LogBlueprint:Warning: Node '/Game/Character/HeroTPP_AnimBlueprint.HeroTPP_AnimBlueprint:AnimGraph.AnimGraphNode_StateMachine_1.Default.AnimStateTransitionNode_7.Transition.AnimGraphNode_TransitionResult_18' missing NodeGuid because of upgrade from old package version, this can cause deterministic cooking issues please resave package.
[2017.03.27-20.36.31:603][  0]LogBlueprint:Warning: Node '/Game/Character/HeroTPP_AnimBlueprint.HeroTPP_AnimBlueprint:AnimGraph.AnimGraphNode_StateMachine_1.Default.AnimStateEntryNode_0' missing NodeGuid because of upgrade from old package version, this can cause deterministic cooking issues please resave package.
[2017.03.27-20.36.31:603][  0]LogBlueprint:Warning: Node '/Game/Character/HeroTPP_AnimBlueprint.HeroTPP_AnimBlueprint:AnimGraph.AnimGraphNode_StateMachine_1.Default.AnimStateNode_1' missing NodeGuid because of upgrade from old package version, this can cause deterministic cooking issues please resave package.
[2017.03.27-20.36.31:603][  0]LogBlueprint:Warning: Node '/Game/Character/HeroTPP_AnimBlueprint.HeroTPP_AnimBlueprint:AnimGraph.AnimGraphNode_StateMachine_1.Default.AnimStateNode_4' missing NodeGuid because of upgrade from old package version, this can cause deterministic cooking issues please resave package.
[2017.03.27-20.36.31:603][  0]LogBlueprint:Warning: Node '/Game/Character/HeroTPP_AnimBlueprint.HeroTPP_AnimBlueprint:AnimGraph.AnimGraphNode_StateMachine_1.Default.AnimStateNode_6' missing NodeGuid because of upgrade from old package version, this can cause deterministic cooking issues please resave package.
[2017.03.27-20.36.31:603][  0]LogBlueprint:Warning: Node '/Game/Character/HeroTPP_AnimBlueprint.HeroTPP_AnimBlueprint:AnimGraph.AnimGraphNode_StateMachine_1.Default.AnimStateNode_8' missing NodeGuid because of upgrade from old package version, this can cause deterministic cooking issues please resave package.
[2017.03.27-20.36.31:603][  0]LogBlueprint:Warning: Node '/Game/Character/HeroTPP_AnimBlueprint.HeroTPP_AnimBlueprint:AnimGraph.AnimGraphNode_StateMachine_1.Default.AnimStateTransitionNode_1' missing NodeGuid because of upgrade from old package version, this can cause deterministic cooking issues please resave package.
[2017.03.27-20.36.31:604][  0]LogBlueprint:Warning: Node '/Game/Character/HeroTPP_AnimBlueprint.HeroTPP_AnimBlueprint:AnimGraph.AnimGraphNode_StateMachine_1.Default.AnimStateTransitionNode_3' missing NodeGuid because of upgrade from old package version, this can cause deterministic cooking issues please resave package.
[2017.03.27-20.36.31:604][  0]LogBlueprint:Warning: Node '/Game/Character/HeroTPP_AnimBlueprint.HeroTPP_AnimBlueprint:AnimGraph.AnimGraphNode_StateMachine_1.Default.AnimStateTransitionNode_5' missing NodeGuid because of upgrade from old package version, this can cause deterministic cooking issues please resave package.
[2017.03.27-20.36.31:604][  0]LogBlueprint:Warning: Node '/Game/Character/HeroTPP_AnimBlueprint.HeroTPP_AnimBlueprint:AnimGraph.AnimGraphNode_StateMachine_1.Default.AnimStateTransitionNode_7' missing NodeGuid because of upgrade from old package version, this can cause deterministic cooking issues please resave package.
[2017.03.27-20.36.31:604][  0]LogBlueprint:Warning: Node '/Game/Character/HeroTPP_AnimBlueprint.HeroTPP_AnimBlueprint:EventGraph.EdGraphNode_Comment_19' missing NodeGuid because of upgrade from old package version, this can cause deterministic cooking issues please resave package.
[2017.03.27-20.36.31:604][  0]LogBlueprint:Warning: Node '/Game/Character/HeroTPP_AnimBlueprint.HeroTPP_AnimBlueprint:EventGraph.K2Node_Comment_22' missing NodeGuid because of upgrade from old package version, this can cause deterministic cooking issues please resave package.
[2017.03.27-20.36.31:604][  0]LogBlueprint:Warning: Node '/Game/Character/HeroTPP_AnimBlueprint.HeroTPP_AnimBlueprint:EventGraph.K2Node_Comment_25' missing NodeGuid because of upgrade from old package version, this can cause deterministic cooking issues please resave package.
[2017.03.27-20.36.31:604][  0]LogBlueprint:Warning: Node '/Game/Character/HeroTPP_AnimBlueprint.HeroTPP_AnimBlueprint:AnimGraph.AnimGraphNode_StateMachine_1.Default.AnimStateTransitionNode_3.Transition.K2Node_CallFunction_7960' missing NodeGuid because of upgrade from old package version, this can cause deterministic cooking issues please resave package.
[2017.03.27-20.36.31:604][  0]LogBlueprint:Warning: Node '/Game/Character/HeroTPP_AnimBlueprint.HeroTPP_AnimBlueprint:AnimGraph.AnimGraphNode_StateMachine_1.Default.AnimStateTransitionNode_5.Transition.K2Node_CallFunction_8008' missing NodeGuid because of upgrade from old package version, this can cause deterministic cooking issues please resave package.
[2017.03.27-20.36.31:604][  0]LogBlueprint:Warning: Node '/Game/Character/HeroTPP_AnimBlueprint.HeroTPP_AnimBlueprint:AnimGraph.AnimGraphNode_StateMachine_1.Default.AnimStateTransitionNode_7.Transition.K2Node_CallFunction_8428' missing NodeGuid because of upgrade from old package version, this can cause deterministic cooking issues please resave package.
[2017.03.27-20.36.31:604][  0]LogBlueprint:Warning: Node '/Game/Character/HeroTPP_AnimBlueprint.HeroTPP_AnimBlueprint:EventGraph.K2Node_CallFunction_11813' missing NodeGuid because of upgrade from old package version, this can cause deterministic cooking issues please resave package.
[2017.03.27-20.36.31:604][  0]LogBlueprint:Warning: Node '/Game/Character/HeroTPP_AnimBlueprint.HeroTPP_AnimBlueprint:EventGraph.K2Node_CallFunction_11990' missing NodeGuid because of upgrade from old package version, this can cause deterministic cooking issues please resave package.
[2017.03.27-20.36.31:604][  0]LogBlueprint:Warning: Node '/Game/Character/HeroTPP_AnimBlueprint.HeroTPP_AnimBlueprint:EventGraph.K2Node_CallFunction_2246' missing NodeGuid because of upgrade from old package version, this can cause deterministic cooking issues please resave package.
[2017.03.27-20.36.31:604][  0]LogBlueprint:Warning: Node '/Game/Character/HeroTPP_AnimBlueprint.HeroTPP_AnimBlueprint:EventGraph.K2Node_CallFunction_2731' missing NodeGuid because of upgrade from old package version, this can cause deterministic cooking issues please resave package.
[2017.03.27-20.36.31:604][  0]LogBlueprint:Warning: Node '/Game/Character/HeroTPP_AnimBlueprint.HeroTPP_AnimBlueprint:EventGraph.K2Node_CallFunction_846' missing NodeGuid because of upgrade from old package version, this can cause deterministic cooking issues please resave package.
[2017.03.27-20.36.31:604][  0]LogBlueprint:Warning: Node '/Game/Character/HeroTPP_AnimBlueprint.HeroTPP_AnimBlueprint:EventGraph.K2Node_Event_14' missing NodeGuid because of upgrade from old package version, this can cause deterministic cooking issues please resave package.
[2017.03.27-20.36.31:604][  0]LogBlueprint:Warning: Node '/Game/Character/HeroTPP_AnimBlueprint.HeroTPP_AnimBlueprint:EventGraph.K2Node_MacroInstance_40' missing NodeGuid because of upgrade from old package version, this can cause deterministic cooking issues please resave package.
[2017.03.27-20.36.31:604][  0]LogBlueprint:Warning: Node '/Game/Character/HeroTPP_AnimBlueprint.HeroTPP_AnimBlueprint:AnimGraph.AnimGraphNode_StateMachine_1.Default.AnimStateTransitionNode_3.Transition.K2Node_TransitionRuleGetter_44' missing NodeGuid because of upgrade from old package version, this can cause deterministic cooking issues please resave package.
[2017.03.27-20.36.31:604][  0]LogBlueprint:Warning: Node '/Game/Character/HeroTPP_AnimBlueprint.HeroTPP_AnimBlueprint:AnimGraph.AnimGraphNode_StateMachine_1.Default.AnimStateTransitionNode_7.Transition.K2Node_TransitionRuleGetter_53' missing NodeGuid because of upgrade from old package version, this can cause deterministic cooking issues please resave package.
[2017.03.27-20.36.31:604][  0]LogBlueprint:Warning: Node '/Game/Character/HeroTPP_AnimBlueprint.HeroTPP_AnimBlueprint:AnimGraph.AnimGraphNode_StateMachine_1.Default.AnimStateNode_1.Idle/Run.K2Node_VariableGet_75' missing NodeGuid because of upgrade from old package version, this can cause deterministic cooking issues please resave package.
[2017.03.27-20.36.31:604][  0]LogBlueprint:Warning: Node '/Game/Character/HeroTPP_AnimBlueprint.HeroTPP_AnimBlueprint:AnimGraph.AnimGraphNode_StateMachine_1.Default.AnimStateTransitionNode_1.Transition.K2Node_VariableGet_120' missing NodeGuid because of upgrade from old package version, this can cause deterministic cooking issues please resave package.
[2017.03.27-20.36.31:604][  0]LogBlueprint:Warning: Node '/Game/Character/HeroTPP_AnimBlueprint.HeroTPP_AnimBlueprint:AnimGraph.AnimGraphNode_StateMachine_1.Default.AnimStateTransitionNode_5.Transition.K2Node_VariableGet_122' missing NodeGuid because of upgrade from old package version, this can cause deterministic cooking issues please resave package.
[2017.03.27-20.36.31:604][  0]LogBlueprint:Warning: Node '/Game/Character/HeroTPP_AnimBlueprint.HeroTPP_AnimBlueprint:EventGraph.K2Node_VariableSet_24' missing NodeGuid because of upgrade from old package version, this can cause deterministic cooking issues please resave package.
[2017.03.27-20.36.31:604][  0]LogBlueprint:Warning: Node '/Game/Character/HeroTPP_AnimBlueprint.HeroTPP_AnimBlueprint:EventGraph.K2Node_VariableSet_64' missing NodeGuid because of upgrade from old package version, this can cause deterministic cooking issues please resave package.
[2017.03.27-20.36.31:680][  0]LogAIModule: Creating AISystem for world Example_Map
[2017.03.27-20.36.31:913][  0]LogEditorServer: Finished looking for orphan Actors (0.000 secs)
[2017.03.27-20.36.32:080][  0]Cmd: MAP CHECKDEP NOCLEARLOG
[2017.03.27-20.36.32:397][  0]MapCheck:Warning: Warning Landscape_1 Landscape /Game/Maps/Example_Map.Example_Map:PersistentLevel.Landscape_1 : Externally referenced 
[2017.03.27-20.36.32:397][  0]MapCheck:Warning: Warning CharacterMesh0 SkeletalMeshComponent /Game/Maps/Example_Map.Example_Map:PersistentLevel.AI_BP2_79.CharacterMesh0 : Externally referenced 
[2017.03.27-20.36.32:397][  0]MapCheck:Warning: Warning CharacterMesh0 SkeletalMeshComponent /Game/Maps/Example_Map.Example_Map:PersistentLevel.AI_BP3_253.CharacterMesh0 : Externally referenced 
[2017.03.27-20.36.32:397][  0]MapCheck:Warning: Warning CharacterMesh0 SkeletalMeshComponent /Game/Maps/Example_Map.Example_Map:PersistentLevel.AI_BP4_324.CharacterMesh0 : Externally referenced 
[2017.03.27-20.36.32:397][  0]MapCheck:Warning: Warning CharacterMesh0 SkeletalMeshComponent /Game/Maps/Example_Map.Example_Map:PersistentLevel.AI_BP_62.CharacterMesh0 : Externally referenced 
[2017.03.27-20.36.32:397][  0]MapCheck:Warning: Warning CharacterMesh0 SkeletalMeshComponent /Game/Maps/Example_Map.Example_Map:PersistentLevel.CharacterBP_472.CharacterMesh0 : Externally referenced 
[2017.03.27-20.36.32:397][  0]MapCheck:Warning: Warning Lory SkeletalMeshComponent /Game/Maps/Example_Map.Example_Map:PersistentLevel.CharacterBP_472.Lory : Externally referenced 
[2017.03.27-20.36.32:397][  0]MapCheck:Warning: Warning StaticMeshComponent0 StaticMeshComponent /Game/Maps/Example_Map.Example_Map:PersistentLevel.naturePack_051_2.StaticMeshComponent0 : Externally referenced 
[2017.03.27-20.36.32:397][  0]MapCheck:Warning: Warning StaticMeshComponent0 StaticMeshComponent /Game/Maps/Example_Map.Example_Map:PersistentLevel.naturePack_053_5.StaticMeshComponent0 : Externally referenced 
[2017.03.27-20.36.32:397][  0]MapCheck:Warning: Warning StaticMeshComponent0 StaticMeshComponent /Game/Maps/Example_Map.Example_Map:PersistentLevel.naturePack_065_8.StaticMeshComponent0 : Externally referenced 
[2017.03.27-20.36.32:397][  0]MapCheck:Warning: Warning StaticMeshComponent0 StaticMeshComponent /Game/Maps/Example_Map.Example_Map:PersistentLevel.naturePack_070_11.StaticMeshComponent0 : Externally referenced 
[2017.03.27-20.36.32:397][  0]MapCheck:Warning: Warning StaticMeshComponent0 StaticMeshComponent /Game/Maps/Example_Map.Example_Map:PersistentLevel.naturePack_073_14.StaticMeshComponent0 : Externally referenced 
[2017.03.27-20.36.32:397][  0]MapCheck:Warning: Warning StaticMeshComponent0 StaticMeshComponent /Game/Maps/Example_Map.Example_Map:PersistentLevel.naturePack_081_17.StaticMeshComponent0 : Externally referenced 
[2017.03.27-20.36.32:398][  0]MapCheck:Warning: Warning StaticMeshComponent0 StaticMeshComponent /Game/Maps/Example_Map.Example_Map:PersistentLevel.naturePack_085_20.StaticMeshComponent0 : Externally referenced 
[2017.03.27-20.36.32:398][  0]MapCheck:Warning: Warning StaticMeshComponent0 StaticMeshComponent /Game/Maps/Example_Map.Example_Map:PersistentLevel.naturePack_088_23.StaticMeshComponent0 : Externally referenced 
[2017.03.27-20.36.32:398][  0]MapCheck:Warning: Warning StaticMeshComponent0 StaticMeshComponent /Game/Maps/Example_Map.Example_Map:PersistentLevel.Shape_Cube2.StaticMeshComponent0 : Externally referenced 
[2017.03.27-20.36.32:398][  0]MapCheck:Warning: Warning StaticMeshComponent0 StaticMeshComponent /Game/Maps/Example_Map.Example_Map:PersistentLevel.Shape_Cube_12.StaticMeshComponent0 : Externally referenced 
[2017.03.27-20.36.32:398][  0]MapCheck:Warning: Warning StaticMeshComponent0 StaticMeshComponent /Game/Maps/Example_Map.Example_Map:PersistentLevel.SM_OceanWater2.StaticMeshComponent0 : Externally referenced 
[2017.03.27-20.36.32:398][  0]MapCheck:Warning: Warning StaticMeshComponent0 StaticMeshComponent /Game/Maps/Example_Map.Example_Map:PersistentLevel.SM_OceanWater3.StaticMeshComponent0 : Externally referenced 
[2017.03.27-20.36.32:398][  0]MapCheck:Warning: Warning StaticMeshComponent0 StaticMeshComponent /Game/Maps/Example_Map.Example_Map:PersistentLevel.SM_OceanWater_10.StaticMeshComponent0 : Externally referenced 
[2017.03.27-20.36.32:398][  0]MapCheck:Warning: Warning StaticMeshComponent0 StaticMeshComponent /Game/Maps/Example_Map.Example_Map:PersistentLevel.watercraftPack_001_2.StaticMeshComponent0 : Externally referenced 
[2017.03.27-20.36.32:398][  0]MapCheck:Warning: Warning StaticMeshComponent0 StaticMeshComponent /Game/Maps/Example_Map.Example_Map:PersistentLevel.watercraftPack_2.StaticMeshComponent0 : Externally referenced 
[2017.03.27-20.36.32:398][  0]MapCheck:Warning: Warning HeroTPP_AnimBlueprint_C_1 HeroTPP_AnimBlueprint_C /Game/Maps/Example_Map.Example_Map:PersistentLevel.AI_BP2_79.CharacterMesh0.HeroTPP_AnimBlueprint_C_1 : Externally referenced 
[2017.03.27-20.36.32:398][  0]MapCheck:Warning: Warning HeroTPP_AnimBlueprint_C_2 HeroTPP_AnimBlueprint_C /Game/Maps/Example_Map.Example_Map:PersistentLevel.AI_BP3_253.CharacterMesh0.HeroTPP_AnimBlueprint_C_2 : Externally referenced 
[2017.03.27-20.36.32:398][  0]MapCheck:Warning: Warning HeroTPP_AnimBlueprint_C_3 HeroTPP_AnimBlueprint_C /Game/Maps/Example_Map.Example_Map:PersistentLevel.AI_BP4_324.CharacterMesh0.HeroTPP_AnimBlueprint_C_3 : Externally referenced 
[2017.03.27-20.36.32:398][  0]MapCheck:Warning: Warning HeroTPP_AnimBlueprint_C_0 HeroTPP_AnimBlueprint_C /Game/Maps/Example_Map.Example_Map:PersistentLevel.AI_BP_62.CharacterMesh0.HeroTPP_AnimBlueprint_C_0 : Externally referenced 
[2017.03.27-20.36.32:398][  0]MapCheck:Warning: Warning kittenAnimBP_C_0 kittenAnimBP_C /Game/Maps/Example_Map.Example_Map:PersistentLevel.CharacterBP_472.CharacterMesh0.kittenAnimBP_C_0 : Externally referenced 
[2017.03.27-20.36.32:398][  0]MapCheck:Warning: Warning AnimSingleNodeInstance_0 AnimSingleNodeInstance /Game/Maps/Example_Map.Example_Map:PersistentLevel.CharacterBP_472.TRASH_SkeletalMeshComponent_9.AnimSingleNodeInstance_0 : Externally referenced 
[2017.03.27-20.36.32:398][  0]MapCheck:Warning: Warning AnimSingleNodeInstance_1 AnimSingleNodeInstance /Game/Maps/Example_Map.Example_Map:PersistentLevel.CharacterBP_472.Lory.AnimSingleNodeInstance_1 : Externally referenced 
[2017.03.27-20.36.32:398][  0]MapCheck:Warning: Warning AnimSingleNodeInstance_2 AnimSingleNodeInstance /Game/Maps/Example_Map.Example_Map:PersistentLevel.CharacterBP_472.Lory.AnimSingleNodeInstance_2 : Externally referenced 
[2017.03.27-20.36.32:398][  0]MapCheck: Info Map check complete: 0 Error(s), 30 Warning(s), took 318.156ms to complete.
[2017.03.27-20.36.32:414][  0]LogFileHelpers: Loading map 'Example_Map' took 1.712
[2017.03.27-20.36.32:542][  0]LogCollectionManager: Loaded 0 collections in 0.001039 seconds
[2017.03.27-20.36.32:605][  0]LogFileCache: Scanning file cache for directory 'C:/Users/Brandon/Desktop/OcelotAndLory/OcelotAndLory/Saved/Collections/' took 0.01s
[2017.03.27-20.36.32:605][  0]LogFileCache: Scanning file cache for directory 'C:/Users/Brandon/Desktop/OcelotAndLory/OcelotAndLory/Content/Developers/Brandon/Collections/' took 0.01s
[2017.03.27-20.36.32:605][  0]LogFileCache: Scanning file cache for directory 'C:/Users/Brandon/Desktop/OcelotAndLory/OcelotAndLory/Content/Collections/' took 0.01s
[2017.03.27-20.36.32:605][  0]LogCollectionManager: Rebuilt the GUID cache for 0 collections in 0.000001 seconds
[2017.03.27-20.36.32:613][  0]LogContentBrowser: Native class hierarchy populated in 0.0076 seconds. Added 2190 classes and 428 folders.
[2017.03.27-20.36.32:641][  0]LogStats: UGameplayTagsManager::ConstructGameplayTagTree: Construct from data asset -  0.000 s
[2017.03.27-20.36.32:641][  0]LogStats: UGameplayTagsManager::ConstructGameplayTagTree: GameplayTagTreeChangedEvent.Broadcast -  0.000 s
[2017.03.27-20.36.32:642][  0]LogContentBrowser: Native class hierarchy updated for 'GameplayTags' in 0.0005 seconds. Added 13 classes and 0 folders.
[2017.03.27-20.36.32:682][  0]LogContentBrowser: Native class hierarchy updated for 'WidgetCarousel' in 0.0004 seconds. Added 0 classes and 0 folders.
[2017.03.27-20.36.32:711][  0]LogContentBrowser: Native class hierarchy updated for 'AddContentDialog' in 0.0004 seconds. Added 0 classes and 0 folders.
[2017.03.27-20.36.32:740][  0]LogContentBrowser: Native class hierarchy updated for 'SceneOutliner' in 0.0004 seconds. Added 1 classes and 2 folders.
[2017.03.27-20.36.32:768][  0]LogCrashTracker: Crashtracker disabled due to settings.
[2017.03.27-20.36.32:772][  0]LogUObjectGlobals:Warning: Failed to find object 'Class None.'
[2017.03.27-20.36.32:822][  0]LogContentBrowser: Native class hierarchy updated for 'HierarchicalLODOutliner' in 0.0005 seconds. Added 1 classes and 2 folders.
[2017.03.27-20.36.32:822][  0]LogLoad: (Engine Initialization) Total time: 12.59 seconds
[2017.03.27-20.36.32:822][  0]LogLoad: (Engine Initialization) Total Blueprint compile time: 0.24 seconds
[2017.03.27-20.36.32:822][  0]LogExternalProfiler: Found external profiler: VSPerf
[2017.03.27-20.36.32:822][  0]LogExternalProfiler: Using external profiler: VSPerf
[2017.03.27-20.36.32:831][  0]LogOcInput: OculusInput pre-init called
[2017.03.27-20.36.32:832][  0]LoadErrors:Error: Error /Game/HUD/PauseMenu : Failed import for WidgetBlueprintGeneratedClass /Game/HUD/Hud.HUD_C
[2017.03.27-20.36.32:859][  0]LogContentStreaming: Texture pool size now 1000 MB
[2017.03.27-20.36.33:002][  0]LogRenderer: Reallocating scene render targets to support 1208x576 NumSamples 1 (Frame:2).
[2017.03.27-20.36.33:112][  1]LogFileCache: Retrieving MD5 hashes for directory 'C:/Users/Brandon/Desktop/OcelotAndLory/OcelotAndLory/Content/' took 0.27s
[2017.03.27-20.36.33:118][  1]LogAssetRegistry: Asset discovery search completed in 7.2445 seconds
[2017.03.27-20.36.33:118][  1]LogCollectionManager: Rebuilt the object cache for 0 collections in 0.000000 seconds (found 0 objects)
[2017.03.27-20.36.33:118][  1]LogCollectionManager: Fixed up redirectors for 0 collections in 0.000013 seconds (updated 0 objects)
[2017.03.27-20.36.44:768][208]LogTexture:Display: Building textures: tex_diffuse (AutoDXT)
[2017.03.27-20.36.44:801][208]LogMaterial: Missing cached shader map for material M_grass_basic, compiling. 
[2017.03.27-20.36.45:027][208]LogActorFactory: Actor Factory created SM_grass3
[2017.03.27-20.36.45:437][230]LogActorFactory: Actor Factory created SM_grass3
[2017.03.27-20.36.57:024][988]Cmd: DELETE
[2017.03.27-20.36.57:024][988]Cmd: ACTOR DELETE
[2017.03.27-20.36.57:027][988]LogEditorActor: Deleted Actor: StaticMeshActor
[2017.03.27-20.36.57:048][988]LogEditorActor: Deleted 1 Actors (0.023 secs)
[2017.03.27-20.37.04:661][779]LogActorFactory: Actor Factory created SM_grass1
[2017.03.27-20.37.04:662][779]LogActorFactory: Actor Factory created SM_grass2
[2017.03.27-20.37.04:663][779]LogActorFactory: Actor Factory created SM_grass3
[2017.03.27-20.37.04:663][779]LogActorFactory: Actor Factory created SM_grass4
[2017.03.27-20.37.04:664][779]LogActorFactory: Actor Factory created SM_grass5
[2017.03.27-20.37.04:664][779]LogActorFactory: Actor Factory created SM_grass6
[2017.03.27-20.37.35:458][431]Cmd: TRANSACTION UNDO
[2017.03.27-20.37.35:458][431]LogEditorTransaction: Undo Foliage Editing
[2017.03.27-20.39.41:478][525]LogTemp: Repeting last play command: Selected Viewport
[2017.03.27-20.39.46:132][795]LogTemp: Repeting last play command: Selected Viewport
[2017.03.27-20.39.47:942][888]LogTemp: Repeting last play command: Selected Viewport
[2017.03.27-20.40.21:607][982]LogStats: FPlatformStackWalk::StackWalkAndDump -  0.208 s
[2017.03.27-20.40.21:608][982]LogOutputDevice:Error: === Handled ensure: ===
[2017.03.27-20.40.21:608][982]LogOutputDevice:Error: 
[2017.03.27-20.40.21:608][982]LogOutputDevice:Error: Ensure condition failed: Handle->SetValue(NewValue, Flags) == FPropertyAccess::Success [File:D:\Build\++UE4+Release-4.14+Compile\Sync\Engine\Source\Editor\DetailCustomizations\Private\IntervalStructCustomization.cpp] [Line: 208]
[2017.03.27-20.40.21:608][982]LogOutputDevice:Error: 
[2017.03.27-20.40.21:608][982]LogOutputDevice:Error: Stack: 
[2017.03.27-20.40.21:608][982]LogOutputDevice:Error: UE4Editor-Core.dll
[2017.03.27-20.40.21:608][982]LogOutputDevice:Error: UE4Editor-Core.dll
[2017.03.27-20.40.21:608][982]LogOutputDevice:Error: UE4Editor-Core.dll
[2017.03.27-20.40.21:608][982]LogOutputDevice:Error: UE4Editor-DetailCustomizations.dll
[2017.03.27-20.40.21:608][982]LogOutputDevice:Error: UE4Editor-DetailCustomizations.dll
[2017.03.27-20.40.21:608][982]LogOutputDevice:Error: UE4Editor-DetailCustomizations.dll
[2017.03.27-20.40.21:608][982]LogOutputDevice:Error: UE4Editor-DetailCustomizations.dll
[2017.03.27-20.40.21:608][982]LogOutputDevice:Error: UE4Editor-DetailCustomizations.dll
[2017.03.27-20.40.21:608][982]LogOutputDevice:Error: UE4Editor-DetailCustomizations.dll
[2017.03.27-20.40.21:608][982]LogOutputDevice:Error: UE4Editor-DetailCustomizations.dll
[2017.03.27-20.40.21:608][982]LogOutputDevice:Error: UE4Editor-DetailCustomizations.dll
[2017.03.27-20.40.21:608][982]LogOutputDevice:Error: UE4Editor-Slate.dll
[2017.03.27-20.40.21:608][982]LogOutputDevice:Error: UE4Editor-Slate.dll
[2017.03.27-20.40.21:608][982]LogOutputDevice:Error: UE4Editor-Slate.dll
[2017.03.27-20.40.21:608][982]LogOutputDevice:Error: UE4Editor-Slate.dll
[2017.03.27-20.40.21:608][982]LogOutputDevice:Error: UE4Editor-Slate.dll
[2017.03.27-20.40.21:608][982]LogOutputDevice:Error: UE4Editor-Slate.dll
[2017.03.27-20.40.21:608][982]LogOutputDevice:Error: UE4Editor-Core.dll
[2017.03.27-20.40.21:608][982]LogOutputDevice:Error: UE4Editor-Core.dll
[2017.03.27-20.40.21:608][982]LogOutputDevice:Error: UE4Editor-Core.dll
[2017.03.27-20.40.21:608][982]LogOutputDevice:Error: UE4Editor-Core.dll
[2017.03.27-20.40.21:608][982]LogOutputDevice:Error: USER32.dll
[2017.03.27-20.40.21:608][982]LogOutputDevice:Error: USER32.dll
[2017.03.27-20.40.21:608][982]LogOutputDevice:Error: UE4Editor-Core.dll
[2017.03.27-20.40.21:608][982]LogOutputDevice:Error: UE4Editor.exe
[2017.03.27-20.40.21:608][982]LogOutputDevice:Error: UE4Editor.exe
[2017.03.27-20.40.21:608][982]LogOutputDevice:Error: UE4Editor.exe
[2017.03.27-20.40.21:608][982]LogOutputDevice:Error: UE4Editor.exe
[2017.03.27-20.40.21:608][982]LogOutputDevice:Error: UE4Editor.exe
[2017.03.27-20.40.21:608][982]LogOutputDevice:Error: kernel32.dll
[2017.03.27-20.40.21:608][982]LogOutputDevice:Error: ntdll.dll
[2017.03.27-20.40.21:608][982]LogOutputDevice:Error: 
[2017.03.27-20.40.21:613][982]LogStats:                SubmitErrorReport -  0.000 s
